==============================================================
File generated by Vivado(TM) HLS - High-Level Synthesis from C, C++ and SystemC
Version: 2017.2
Copyright (C) 1986-2017 Xilinx, Inc. All Rights Reserved.

==============================================================

INFO: [SYN 201-201] Setting up clock 'default' with a period of 4.16ns.
INFO: [HLS 200-10] Setting target device to 'xc7vx690tffg1927-2'
INFO: [SYN 201-201] Setting up clock 'default' with a period of 4.16ns.
WARNING: [HLS 200-40] Skipped source file 'ClusterTrackLinker.hh'. Source files must have extensions .c, .C, .cc, .cpp, .c++, .cp, or .cxx.
INFO: [HLS 200-10] Analyzing design file 'Correlator/ClusterTrackLinker.cc' ... 
WARNING: [HLS 200-40] Skipped source file 'ClusterFinder.hh'. Source files must have extensions .c, .C, .cc, .cpp, .c++, .cp, or .cxx.
INFO: [HLS 200-10] Analyzing design file 'Correlator/ClusterFinder.cc' ... 
INFO: [HLS 200-10] Validating synthesis directives ...
INFO: [HLS 200-111] Finished Checking Pragmas Time (s): cpu = 00:00:34 ; elapsed = 00:00:14 . Memory (MB): peak = 343.480 ; gain = 12.797 ; free physical = 55685 ; free virtual = 79344
INFO: [HLS 200-111] Finished Linking Time (s): cpu = 00:00:34 ; elapsed = 00:00:14 . Memory (MB): peak = 343.480 ; gain = 12.797 ; free physical = 55672 ; free virtual = 79342
INFO: [HLS 200-10] Starting code transformations ...
INFO: [XFORM 203-603] Inlining function 'ap_fixed_base<79, 55, false, (ap_q_mode)5, (ap_o_mode)3, 0>::operator<<' into 'hls::cast_IEEE754<int, (ap_q_mode)6, float>' (/wrk/2017.2/nightly/2017_06_15_1909853/src/products/hls/hls_lib/src/hls/hls_round.h:441).
INFO: [XFORM 203-603] Inlining function 'ap_fixed_base<1, 32, false, (ap_q_mode)5, (ap_o_mode)0, 0>::overflow_adjust' into 'ap_fixed_base<1, 32, false, (ap_q_mode)5, (ap_o_mode)0, 0>::ap_fixed_base<79, 55, false, (ap_q_mode)5, (ap_o_mode)3, 0>' ().
INFO: [HLS 200-111] Finished Standard Transforms Time (s): cpu = 00:00:43 ; elapsed = 00:00:25 . Memory (MB): peak = 717.633 ; gain = 386.949 ; free physical = 55264 ; free virtual = 79055
INFO: [HLS 200-10] Checking synthesizability ...
INFO: [XFORM 203-602] Inlining function 'fp_struct<float>::mantissa' into 'hls::cast_IEEE754<int, (ap_q_mode)6, float>' (/wrk/2017.2/nightly/2017_06_15_1909853/src/products/hls/hls_lib/src/hls/hls_round.h:438) automatically.
INFO: [XFORM 203-602] Inlining function 'fp_struct<float>::expv' into 'hls::cast_IEEE754<int, (ap_q_mode)6, float>' (/wrk/2017.2/nightly/2017_06_15_1909853/src/products/hls/hls_lib/src/hls/hls_round.h:441) automatically.
INFO: [XFORM 203-602] Inlining function 'fp_struct<float>::__signbit' into 'hls::cast_IEEE754<int, (ap_q_mode)6, float>' (/wrk/2017.2/nightly/2017_06_15_1909853/src/products/hls/hls_lib/src/hls/hls_round.h:473) automatically.
INFO: [XFORM 203-602] Inlining function 'hls::cast_IEEE754<int, (ap_q_mode)6, float>' into 'hls::cast_IEEE754<int, float>' (/wrk/2017.2/nightly/2017_06_15_1909853/src/products/hls/hls_lib/src/hls/hls_round.h:523) automatically.
INFO: [XFORM 203-602] Inlining function 'hls::cast_IEEE754<int, float>' into '__hls_fptosi_float_i32' (/wrk/2017.2/nightly/2017_06_15_1909853/src/products/hls/hls_lib/src/lib_floatconversion.cpp:43) automatically.
INFO: [HLS 200-111] Finished Checking Synthesizability Time (s): cpu = 00:00:45 ; elapsed = 00:00:27 . Memory (MB): peak = 919.477 ; gain = 588.793 ; free physical = 55090 ; free virtual = 78913
INFO: [XFORM 203-502] Unrolling all loops for pipelining in function 'getClusterTrackLinker' (Correlator/ClusterTrackLinker.cc:10).
INFO: [XFORM 203-501] Unrolling loop 'Loop-1' (Correlator/ClusterTrackLinker.cc:45) in function 'getClusterTrackLinker' completely.
INFO: [XFORM 203-501] Unrolling loop 'Loop-1.1' (Correlator/ClusterTrackLinker.cc:47) in function 'getClusterTrackLinker' completely.
INFO: [XFORM 203-501] Unrolling loop 'Loop-2' (Correlator/ClusterTrackLinker.cc:79) in function 'getClusterTrackLinker' completely.
INFO: [XFORM 203-501] Unrolling loop 'Loop-2.1' (Correlator/ClusterTrackLinker.cc:99) in function 'getClusterTrackLinker' completely.
INFO: [XFORM 203-501] Unrolling loop 'Loop-2.1.1' (Correlator/ClusterTrackLinker.cc:100) in function 'getClusterTrackLinker' completely.
INFO: [XFORM 203-501] Unrolling loop 'Loop-2.2' (Correlator/ClusterTrackLinker.cc:132) in function 'getClusterTrackLinker' completely.
INFO: [XFORM 203-501] Unrolling loop 'Loop-2.2.1' (Correlator/ClusterTrackLinker.cc:134) in function 'getClusterTrackLinker' completely.
INFO: [XFORM 203-101] Partitioning array 'clusterET.V' (Correlator/ClusterTrackLinker.cc:10) in dimension 1 completely.
INFO: [XFORM 203-101] Partitioning array 'peakEta.V' (Correlator/ClusterTrackLinker.cc:11) in dimension 1 completely.
INFO: [XFORM 203-101] Partitioning array 'peakPhi.V' (Correlator/ClusterTrackLinker.cc:12) in dimension 1 completely.
INFO: [XFORM 203-101] Partitioning array 'trackPT.V' (Correlator/ClusterTrackLinker.cc:13) in dimension 1 completely.
INFO: [XFORM 203-101] Partitioning array 'trackEta.V' (Correlator/ClusterTrackLinker.cc:14) in dimension 1 completely.
INFO: [XFORM 203-101] Partitioning array 'trackPhi.V' (Correlator/ClusterTrackLinker.cc:15) in dimension 1 completely.
INFO: [XFORM 203-101] Partitioning array 'linkedTrackPT.V' (Correlator/ClusterTrackLinker.cc:16) in dimension 1 completely.
INFO: [XFORM 203-101] Partitioning array 'linkedTrackEta.V' (Correlator/ClusterTrackLinker.cc:17) in dimension 1 completely.
INFO: [XFORM 203-101] Partitioning array 'linkedTrackPhi.V' (Correlator/ClusterTrackLinker.cc:18) in dimension 1 completely.
INFO: [XFORM 203-101] Partitioning array 'linkedTrackQuality.V' (Correlator/ClusterTrackLinker.cc:19) in dimension 1 completely.
WARNING: [XFORM 203-104] Completely partitioning array 'neutralClusterET.V' (Correlator/ClusterTrackLinker.cc:20) accessed through non-constant indices on dimension 1 (Correlator/ClusterTrackLinker.cc:169:6), which may result in long runtime and suboptimal QoR due to large multiplexers. Please consider wrapping the array access into a function or using a register file core instead.
INFO: [XFORM 203-101] Partitioning array 'neutralClusterET.V' (Correlator/ClusterTrackLinker.cc:20) in dimension 1 completely.
INFO: [XFORM 203-101] Partitioning array 'neutralClusterEta.V' (Correlator/ClusterTrackLinker.cc:21) in dimension 1 completely.
INFO: [XFORM 203-101] Partitioning array 'neutralClusterPhi.V' (Correlator/ClusterTrackLinker.cc:22) in dimension 1 completely.
WARNING: [XFORM 203-104] Completely partitioning array 'clusterEta.V' (Correlator/ClusterTrackLinker.cc:41) accessed through non-constant indices on dimension 1 (Correlator/ClusterTrackLinker.cc:145:24), which may result in long runtime and suboptimal QoR due to large multiplexers. Please consider wrapping the array access into a function or using a register file core instead.
INFO: [XFORM 203-101] Partitioning array 'clusterEta.V' (Correlator/ClusterTrackLinker.cc:41) in dimension 1 completely.
WARNING: [XFORM 203-104] Completely partitioning array 'clusterPhi.V' (Correlator/ClusterTrackLinker.cc:42) accessed through non-constant indices on dimension 1 (Correlator/ClusterTrackLinker.cc:147:24), which may result in long runtime and suboptimal QoR due to large multiplexers. Please consider wrapping the array access into a function or using a register file core instead.
INFO: [XFORM 203-101] Partitioning array 'clusterPhi.V' (Correlator/ClusterTrackLinker.cc:42) in dimension 1 completely.
INFO: [XFORM 203-101] Partitioning array 'track_peak_eta' (Correlator/ClusterTrackLinker.cc:67) in dimension 1 completely.
INFO: [XFORM 203-101] Partitioning array 'track_peak_phi' (Correlator/ClusterTrackLinker.cc:68) in dimension 1 completely.
INFO: [XFORM 203-101] Partitioning array 'clusterET.V.0' (Correlator/ClusterTrackLinker.cc:10) in dimension 1 completely.
INFO: [XFORM 203-101] Partitioning array 'clusterET.V.1' (Correlator/ClusterTrackLinker.cc:10) in dimension 1 completely.
INFO: [XFORM 203-101] Partitioning array 'clusterET.V.2' (Correlator/ClusterTrackLinker.cc:10) in dimension 1 completely.
INFO: [XFORM 203-101] Partitioning array 'clusterET.V.3' (Correlator/ClusterTrackLinker.cc:10) in dimension 1 completely.
INFO: [XFORM 203-101] Partitioning array 'clusterET.V.4' (Correlator/ClusterTrackLinker.cc:10) in dimension 1 completely.
INFO: [XFORM 203-101] Partitioning array 'clusterET.V.5' (Correlator/ClusterTrackLinker.cc:10) in dimension 1 completely.
INFO: [XFORM 203-101] Partitioning array 'clusterET.V.6' (Correlator/ClusterTrackLinker.cc:10) in dimension 1 completely.
INFO: [XFORM 203-101] Partitioning array 'clusterET.V.7' (Correlator/ClusterTrackLinker.cc:10) in dimension 1 completely.
INFO: [XFORM 203-101] Partitioning array 'clusterET.V.8' (Correlator/ClusterTrackLinker.cc:10) in dimension 1 completely.
INFO: [XFORM 203-101] Partitioning array 'clusterET.V.9' (Correlator/ClusterTrackLinker.cc:10) in dimension 1 completely.
INFO: [XFORM 203-101] Partitioning array 'clusterET.V.10' (Correlator/ClusterTrackLinker.cc:10) in dimension 1 completely.
INFO: [XFORM 203-101] Partitioning array 'clusterET.V.11' (Correlator/ClusterTrackLinker.cc:10) in dimension 1 completely.
INFO: [XFORM 203-101] Partitioning array 'clusterET.V.12' (Correlator/ClusterTrackLinker.cc:10) in dimension 1 completely.
INFO: [XFORM 203-101] Partitioning array 'clusterET.V.13' (Correlator/ClusterTrackLinker.cc:10) in dimension 1 completely.
INFO: [XFORM 203-101] Partitioning array 'clusterET.V.14' (Correlator/ClusterTrackLinker.cc:10) in dimension 1 completely.
INFO: [XFORM 203-101] Partitioning array 'clusterET.V.15' (Correlator/ClusterTrackLinker.cc:10) in dimension 1 completely.
INFO: [XFORM 203-101] Partitioning array 'clusterET.V.16' (Correlator/ClusterTrackLinker.cc:10) in dimension 1 completely.
INFO: [XFORM 203-101] Partitioning array 'peakEta.V.0' (Correlator/ClusterTrackLinker.cc:11) in dimension 1 completely.
INFO: [XFORM 203-101] Partitioning array 'peakEta.V.1' (Correlator/ClusterTrackLinker.cc:11) in dimension 1 completely.
INFO: [XFORM 203-101] Partitioning array 'peakEta.V.2' (Correlator/ClusterTrackLinker.cc:11) in dimension 1 completely.
INFO: [XFORM 203-101] Partitioning array 'peakEta.V.3' (Correlator/ClusterTrackLinker.cc:11) in dimension 1 completely.
INFO: [XFORM 203-101] Partitioning array 'peakEta.V.4' (Correlator/ClusterTrackLinker.cc:11) in dimension 1 completely.
INFO: [XFORM 203-101] Partitioning array 'peakEta.V.5' (Correlator/ClusterTrackLinker.cc:11) in dimension 1 completely.
INFO: [XFORM 203-101] Partitioning array 'peakEta.V.6' (Correlator/ClusterTrackLinker.cc:11) in dimension 1 completely.
INFO: [XFORM 203-101] Partitioning array 'peakEta.V.7' (Correlator/ClusterTrackLinker.cc:11) in dimension 1 completely.
INFO: [XFORM 203-101] Partitioning array 'peakEta.V.8' (Correlator/ClusterTrackLinker.cc:11) in dimension 1 completely.
INFO: [XFORM 203-101] Partitioning array 'peakEta.V.9' (Correlator/ClusterTrackLinker.cc:11) in dimension 1 completely.
INFO: [XFORM 203-101] Partitioning array 'peakEta.V.10' (Correlator/ClusterTrackLinker.cc:11) in dimension 1 completely.
INFO: [XFORM 203-101] Partitioning array 'peakEta.V.11' (Correlator/ClusterTrackLinker.cc:11) in dimension 1 completely.
INFO: [XFORM 203-101] Partitioning array 'peakEta.V.12' (Correlator/ClusterTrackLinker.cc:11) in dimension 1 completely.
INFO: [XFORM 203-101] Partitioning array 'peakEta.V.13' (Correlator/ClusterTrackLinker.cc:11) in dimension 1 completely.
INFO: [XFORM 203-101] Partitioning array 'peakEta.V.14' (Correlator/ClusterTrackLinker.cc:11) in dimension 1 completely.
INFO: [XFORM 203-101] Partitioning array 'peakEta.V.15' (Correlator/ClusterTrackLinker.cc:11) in dimension 1 completely.
INFO: [XFORM 203-101] Partitioning array 'peakEta.V.16' (Correlator/ClusterTrackLinker.cc:11) in dimension 1 completely.
INFO: [XFORM 203-101] Partitioning array 'peakPhi.V.0' (Correlator/ClusterTrackLinker.cc:12) in dimension 1 completely.
INFO: [XFORM 203-101] Partitioning array 'peakPhi.V.1' (Correlator/ClusterTrackLinker.cc:12) in dimension 1 completely.
INFO: [XFORM 203-101] Partitioning array 'peakPhi.V.2' (Correlator/ClusterTrackLinker.cc:12) in dimension 1 completely.
INFO: [XFORM 203-101] Partitioning array 'peakPhi.V.3' (Correlator/ClusterTrackLinker.cc:12) in dimension 1 completely.
INFO: [XFORM 203-101] Partitioning array 'peakPhi.V.4' (Correlator/ClusterTrackLinker.cc:12) in dimension 1 completely.
INFO: [XFORM 203-101] Partitioning array 'peakPhi.V.5' (Correlator/ClusterTrackLinker.cc:12) in dimension 1 completely.
INFO: [XFORM 203-101] Partitioning array 'peakPhi.V.6' (Correlator/ClusterTrackLinker.cc:12) in dimension 1 completely.
INFO: [XFORM 203-101] Partitioning array 'peakPhi.V.7' (Correlator/ClusterTrackLinker.cc:12) in dimension 1 completely.
INFO: [XFORM 203-101] Partitioning array 'peakPhi.V.8' (Correlator/ClusterTrackLinker.cc:12) in dimension 1 completely.
INFO: [XFORM 203-101] Partitioning array 'peakPhi.V.9' (Correlator/ClusterTrackLinker.cc:12) in dimension 1 completely.
INFO: [XFORM 203-101] Partitioning array 'peakPhi.V.10' (Correlator/ClusterTrackLinker.cc:12) in dimension 1 completely.
INFO: [XFORM 203-101] Partitioning array 'peakPhi.V.11' (Correlator/ClusterTrackLinker.cc:12) in dimension 1 completely.
INFO: [XFORM 203-101] Partitioning array 'peakPhi.V.12' (Correlator/ClusterTrackLinker.cc:12) in dimension 1 completely.
INFO: [XFORM 203-101] Partitioning array 'peakPhi.V.13' (Correlator/ClusterTrackLinker.cc:12) in dimension 1 completely.
INFO: [XFORM 203-101] Partitioning array 'peakPhi.V.14' (Correlator/ClusterTrackLinker.cc:12) in dimension 1 completely.
INFO: [XFORM 203-101] Partitioning array 'peakPhi.V.15' (Correlator/ClusterTrackLinker.cc:12) in dimension 1 completely.
INFO: [XFORM 203-101] Partitioning array 'peakPhi.V.16' (Correlator/ClusterTrackLinker.cc:12) in dimension 1 completely.
INFO: [XFORM 203-602] Inlining function 'fp_struct<float>::mantissa' into 'hls::cast_IEEE754<int, (ap_q_mode)6, float>' (/wrk/2017.2/nightly/2017_06_15_1909853/src/products/hls/hls_lib/src/hls/hls_round.h:438) automatically.
INFO: [XFORM 203-602] Inlining function 'fp_struct<float>::expv' into 'hls::cast_IEEE754<int, (ap_q_mode)6, float>' (/wrk/2017.2/nightly/2017_06_15_1909853/src/products/hls/hls_lib/src/hls/hls_round.h:441) automatically.
INFO: [XFORM 203-602] Inlining function 'fp_struct<float>::__signbit' into 'hls::cast_IEEE754<int, (ap_q_mode)6, float>' (/wrk/2017.2/nightly/2017_06_15_1909853/src/products/hls/hls_lib/src/hls/hls_round.h:473) automatically.
INFO: [XFORM 203-602] Inlining function 'hls::cast_IEEE754<int, (ap_q_mode)6, float>' into 'hls::cast_IEEE754<int, float>' (/wrk/2017.2/nightly/2017_06_15_1909853/src/products/hls/hls_lib/src/hls/hls_round.h:523) automatically.
INFO: [XFORM 203-602] Inlining function 'hls::cast_IEEE754<int, float>' into '__hls_fptosi_float_i32' (/wrk/2017.2/nightly/2017_06_15_1909853/src/products/hls/hls_lib/src/lib_floatconversion.cpp:43) automatically.
INFO: [XFORM 203-401] Performing if-conversion on hyperblock to (Correlator/ClusterTrackLinker.cc:163:8) in function 'getClusterTrackLinker'... converting 4 basic blocks.
INFO: [XFORM 203-401] Performing if-conversion on hyperblock to (Correlator/ClusterTrackLinker.cc:163:8) in function 'getClusterTrackLinker'... converting 4 basic blocks.
INFO: [XFORM 203-401] Performing if-conversion on hyperblock to (Correlator/ClusterTrackLinker.cc:163:8) in function 'getClusterTrackLinker'... converting 4 basic blocks.
INFO: [XFORM 203-401] Performing if-conversion on hyperblock to (Correlator/ClusterTrackLinker.cc:163:8) in function 'getClusterTrackLinker'... converting 4 basic blocks.
INFO: [XFORM 203-401] Performing if-conversion on hyperblock to (Correlator/ClusterTrackLinker.cc:163:8) in function 'getClusterTrackLinker'... converting 4 basic blocks.
INFO: [XFORM 203-401] Performing if-conversion on hyperblock to (Correlator/ClusterTrackLinker.cc:163:8) in function 'getClusterTrackLinker'... converting 4 basic blocks.
INFO: [XFORM 203-401] Performing if-conversion on hyperblock to (Correlator/ClusterTrackLinker.cc:163:8) in function 'getClusterTrackLinker'... converting 4 basic blocks.
INFO: [XFORM 203-401] Performing if-conversion on hyperblock to (Correlator/ClusterTrackLinker.cc:163:8) in function 'getClusterTrackLinker'... converting 4 basic blocks.
INFO: [XFORM 203-401] Performing if-conversion on hyperblock to (Correlator/ClusterTrackLinker.cc:163:8) in function 'getClusterTrackLinker'... converting 4 basic blocks.
INFO: [XFORM 203-401] Performing if-conversion on hyperblock to (Correlator/ClusterTrackLinker.cc:163:8) in function 'getClusterTrackLinker'... converting 4 basic blocks.
INFO: [XFORM 203-401] Performing if-conversion on hyperblock to (Correlator/ClusterTrackLinker.cc:163:8) in function 'getClusterTrackLinker'... converting 4 basic blocks.
INFO: [XFORM 203-401] Performing if-conversion on hyperblock to (Correlator/ClusterTrackLinker.cc:163:8) in function 'getClusterTrackLinker'... converting 4 basic blocks.
INFO: [XFORM 203-401] Performing if-conversion on hyperblock to (Correlator/ClusterTrackLinker.cc:163:8) in function 'getClusterTrackLinker'... converting 4 basic blocks.
INFO: [XFORM 203-401] Performing if-conversion on hyperblock to (Correlator/ClusterTrackLinker.cc:163:8) in function 'getClusterTrackLinker'... converting 4 basic blocks.
INFO: [XFORM 203-401] Performing if-conversion on hyperblock to (Correlator/ClusterTrackLinker.cc:163:8) in function 'getClusterTrackLinker'... converting 4 basic blocks.
INFO: [XFORM 203-401] Performing if-conversion on hyperblock to (Correlator/ClusterTrackLinker.cc:163:8) in function 'getClusterTrackLinker'... converting 4 basic blocks.
INFO: [XFORM 203-401] Performing if-conversion on hyperblock to (Correlator/ClusterTrackLinker.cc:163:8) in function 'getClusterTrackLinker'... converting 4 basic blocks.
INFO: [XFORM 203-401] Performing if-conversion on hyperblock to (Correlator/ClusterTrackLinker.cc:163:8) in function 'getClusterTrackLinker'... converting 4 basic blocks.
INFO: [XFORM 203-401] Performing if-conversion on hyperblock to (Correlator/ClusterTrackLinker.cc:163:8) in function 'getClusterTrackLinker'... converting 4 basic blocks.
INFO: [XFORM 203-401] Performing if-conversion on hyperblock to (Correlator/ClusterTrackLinker.cc:163:8) in function 'getClusterTrackLinker'... converting 4 basic blocks.
INFO: [XFORM 203-401] Performing if-conversion on hyperblock to (Correlator/ClusterTrackLinker.cc:163:8) in function 'getClusterTrackLinker'... converting 4 basic blocks.
INFO: [XFORM 203-401] Performing if-conversion on hyperblock to (Correlator/ClusterTrackLinker.cc:163:8) in function 'getClusterTrackLinker'... converting 4 basic blocks.
INFO: [XFORM 203-401] Performing if-conversion on hyperblock to (Correlator/ClusterTrackLinker.cc:163:8) in function 'getClusterTrackLinker'... converting 4 basic blocks.
INFO: [XFORM 203-401] Performing if-conversion on hyperblock to (Correlator/ClusterTrackLinker.cc:163:8) in function 'getClusterTrackLinker'... converting 4 basic blocks.
INFO: [XFORM 203-401] Performing if-conversion on hyperblock to (Correlator/ClusterTrackLinker.cc:163:8) in function 'getClusterTrackLinker'... converting 4 basic blocks.
INFO: [XFORM 203-401] Performing if-conversion on hyperblock to (Correlator/ClusterTrackLinker.cc:163:8) in function 'getClusterTrackLinker'... converting 4 basic blocks.
INFO: [XFORM 203-401] Performing if-conversion on hyperblock to (Correlator/ClusterTrackLinker.cc:163:8) in function 'getClusterTrackLinker'... converting 4 basic blocks.
INFO: [XFORM 203-401] Performing if-conversion on hyperblock to (Correlator/ClusterTrackLinker.cc:163:8) in function 'getClusterTrackLinker'... converting 4 basic blocks.
INFO: [XFORM 203-401] Performing if-conversion on hyperblock to (Correlator/ClusterTrackLinker.cc:163:8) in function 'getClusterTrackLinker'... converting 4 basic blocks.
INFO: [XFORM 203-401] Performing if-conversion on hyperblock to (Correlator/ClusterTrackLinker.cc:163:8) in function 'getClusterTrackLinker'... converting 4 basic blocks.
INFO: [XFORM 203-401] Performing if-conversion on hyperblock to (Correlator/ClusterTrackLinker.cc:163:8) in function 'getClusterTrackLinker'... converting 4 basic blocks.
INFO: [XFORM 203-401] Performing if-conversion on hyperblock to (Correlator/ClusterTrackLinker.cc:163:8) in function 'getClusterTrackLinker'... converting 4 basic blocks.
INFO: [XFORM 203-401] Performing if-conversion on hyperblock to (Correlator/ClusterTrackLinker.cc:163:8) in function 'getClusterTrackLinker'... converting 4 basic blocks.
INFO: [XFORM 203-401] Performing if-conversion on hyperblock to (Correlator/ClusterTrackLinker.cc:163:8) in function 'getClusterTrackLinker'... converting 4 basic blocks.
INFO: [XFORM 203-401] Performing if-conversion on hyperblock to (Correlator/ClusterTrackLinker.cc:163:8) in function 'getClusterTrackLinker'... converting 4 basic blocks.
INFO: [XFORM 203-401] Performing if-conversion on hyperblock to (Correlator/ClusterTrackLinker.cc:163:8) in function 'getClusterTrackLinker'... converting 4 basic blocks.
INFO: [XFORM 203-401] Performing if-conversion on hyperblock to (Correlator/ClusterTrackLinker.cc:163:8) in function 'getClusterTrackLinker'... converting 4 basic blocks.
INFO: [XFORM 203-401] Performing if-conversion on hyperblock to (Correlator/ClusterTrackLinker.cc:163:8) in function 'getClusterTrackLinker'... converting 4 basic blocks.
INFO: [XFORM 203-401] Performing if-conversion on hyperblock to (Correlator/ClusterTrackLinker.cc:163:8) in function 'getClusterTrackLinker'... converting 4 basic blocks.
INFO: [XFORM 203-401] Performing if-conversion on hyperblock to (Correlator/ClusterTrackLinker.cc:163:8) in function 'getClusterTrackLinker'... converting 4 basic blocks.
INFO: [XFORM 203-401] Performing if-conversion on hyperblock to (Correlator/ClusterTrackLinker.cc:163:8) in function 'getClusterTrackLinker'... converting 4 basic blocks.
INFO: [XFORM 203-401] Performing if-conversion on hyperblock to (Correlator/ClusterTrackLinker.cc:163:8) in function 'getClusterTrackLinker'... converting 4 basic blocks.
INFO: [XFORM 203-401] Performing if-conversion on hyperblock to (Correlator/ClusterTrackLinker.cc:163:8) in function 'getClusterTrackLinker'... converting 4 basic blocks.
INFO: [XFORM 203-401] Performing if-conversion on hyperblock to (Correlator/ClusterTrackLinker.cc:163:8) in function 'getClusterTrackLinker'... converting 4 basic blocks.
INFO: [XFORM 203-401] Performing if-conversion on hyperblock to (Correlator/ClusterTrackLinker.cc:163:8) in function 'getClusterTrackLinker'... converting 4 basic blocks.
INFO: [XFORM 203-401] Performing if-conversion on hyperblock to (Correlator/ClusterTrackLinker.cc:163:8) in function 'getClusterTrackLinker'... converting 4 basic blocks.
INFO: [XFORM 203-401] Performing if-conversion on hyperblock to (Correlator/ClusterTrackLinker.cc:163:8) in function 'getClusterTrackLinker'... converting 4 basic blocks.
INFO: [XFORM 203-401] Performing if-conversion on hyperblock to (Correlator/ClusterTrackLinker.cc:163:8) in function 'getClusterTrackLinker'... converting 4 basic blocks.
INFO: [XFORM 203-401] Performing if-conversion on hyperblock to (Correlator/ClusterTrackLinker.cc:163:8) in function 'getClusterTrackLinker'... converting 4 basic blocks.
INFO: [XFORM 203-401] Performing if-conversion on hyperblock to (Correlator/ClusterTrackLinker.cc:163:8) in function 'getClusterTrackLinker'... converting 4 basic blocks.
INFO: [HLS 200-111] Finished Pre-synthesis Time (s): cpu = 00:22:48 ; elapsed = 00:22:33 . Memory (MB): peak = 1493.613 ; gain = 1162.930 ; free physical = 51572 ; free virtual = 78325
WARNING: [XFORM 203-631] Renaming function '__hls_fptosi_float_i32' (/wrk/2017.2/nightly/2017_06_15_1909853/src/products/hls/hls_lib/src/lib_floatconversion.cpp:43:54) into __hls_fptosi_float_i.
INFO: [HLS 200-111] Finished Architecture Synthesis Time (s): cpu = 00:29:19 ; elapsed = 00:29:05 . Memory (MB): peak = 2373.121 ; gain = 2042.438 ; free physical = 49490 ; free virtual = 76942
INFO: [HLS 200-10] Starting hardware synthesis ...
INFO: [HLS 200-10] Synthesizing 'getClusterTrackLinker' ...
WARNING: [SYN 201-103] Legalizing function name '__hls_fptosi_float_i' to 'p_hls_fptosi_float_i'.
INFO: [HLS 200-10] ----------------------------------------------------------------
INFO: [HLS 200-10] -- Implementing module 'p_hls_fptosi_float_i' 
INFO: [HLS 200-10] -------------------------------------