#
# An unexpected error has occurred (11)
#
Stack:
/lib64/libc.so.6() [0x3655c32510]
/data/tools/Vivado_HLS/2017.2/lib/lnx64.o/libhls_hwsyn.so(llvm::SmallVectorTemplateBase<ssdm::Predicate::Product, false>::grow(unsigned long)+0x84) [0x7fa4acee0274]
/data/tools/Vivado_HLS/2017.2/lib/lnx64.o/libhls_hwsyn.so(ssdm::Predicate::addProduct(ssdm::Predicate::Product const&)+0xbb) [0x7fa4aceddd0b]
/data/tools/Vivado_HLS/2017.2/lib/lnx64.o/libhls_hwsyn.so(ssdm::Predicate::operator+=(ssdm::Predicate const&)+0x57) [0x7fa4acede1b7]
/data/tools/Vivado_HLS/2017.2/lib/lnx64.o/libhls_hwsyn.so(ssdm::PredicateAnalyzer::calcReachingCondition(ssdm::BasicBlock const*, ssdm::BasicBlock const*, bool, bool)+0x485) [0x7fa4ac77ff65]
/data/tools/Vivado_HLS/2017.2/lib/lnx64.o/libhls_hwsyn.so(ssdm::PredicateAnalyzer::calcPredicate(ssdm::BasicBlock const*, ssdm::BasicBlock const*, bool, bool)+0x5f3) [0x7fa4ac781833]
/data/tools/Vivado_HLS/2017.2/lib/lnx64.o/libhls_hwsyn.so(opt::TrueDepConstraintGen::visitBasicBlock(ssdm::BasicBlock&)+0x333) [0x7fa4ac651b63]
/data/tools/Vivado_HLS/2017.2/lib/lnx64.o/libhls_hwsyn.so(opt::LPSConstraintGen::generate()+0x63) [0x7fa4ac64f133]
/data/tools/Vivado_HLS/2017.2/lib/lnx64.o/libhls_hwsyn.so(opt::LPSConstraintGenQueue::execute()+0x199) [0x7fa4ac651089]
/data/tools/Vivado_HLS/2017.2/lib/lnx64.o/libhls_hwsyn.so(opt::LPScheduler::imposeLinearConstraints()+0xdf3) [0x7fa4ac66a0d3]
/data/tools/Vivado_HLS/2017.2/lib/lnx64.o/libhls_hwsyn.so(opt::LPScheduler::constructModel()+0xa5) [0x7fa4ac66a615]
/data/tools/Vivado_HLS/2017.2/lib/lnx64.o/libhls_hwsyn.so(opt::LPScheduler::schedule()+0x4c) [0x7fa4ac66927c]
/data/tools/Vivado_HLS/2017.2/lib/lnx64.o/libhls_main.so(+0x13ad86) [0x7fa4aecbcd86]
/data/tools/Vivado_HLS/2017.2/lib/lnx64.o/libhls_support.so(xpcl::TclCommand::callback(int, Tcl_Obj* const*)+0x46e) [0x7fa4b40856be]
/data/tools/Vivado_HLS/2017.2/lib/lnx64.o/libhls_support.so(+0x42a60) [0x7fa4b4085a60]
/data/tools/Vivado_HLS/2017.2/lib/lnx64.o/libtcl8.5.so(+0x334af) [0x7fa4b97044af]
/data/tools/Vivado_HLS/2017.2/lib/lnx64.o/libtcl8.5.so(+0x34b38) [0x7fa4b9705b38]
/data/tools/Vivado_HLS/2017.2/lib/lnx64.o/libtcl8.5.so(Tcl_EvalEx+0x13) [0x7fa4b97060a3]
/data/tools/Vivado_HLS/2017.2/lib/lnx64.o/libtcl8.5.so(TclEvalObjEx+0x1e0) [0x7fa4b97062c0]
/data/tools/Vivado_HLS/2017.2/lib/lnx64.o/libtcl8.5.so(+0x3b375) [0x7fa4b970c375]
/data/tools/Vivado_HLS/2017.2/lib/lnx64.o/libtcl8.5.so(+0x334af) [0x7fa4b97044af]
/data/tools/Vivado_HLS/2017.2/lib/lnx64.o/libtcl8.5.so(+0x76875) [0x7fa4b9747875]
/data/tools/Vivado_HLS/2017.2/lib/lnx64.o/libtcl8.5.so(TclObjInterpProcCore+0x420) [0x7fa4b9788df0]
/data/tools/Vivado_HLS/2017.2/lib/lnx64.o/libtcl8.5.so(+0x334af) [0x7fa4b97044af]
/data/tools/Vivado_HLS/2017.2/lib/lnx64.o/libtcl8.5.so(+0x76875) [0x7fa4b9747875]
/data/tools/Vivado_HLS/2017.2/lib/lnx64.o/libtcl8.5.so(+0x7e029) [0x7fa4b974f029]
/data/tools/Vivado_HLS/2017.2/lib/lnx64.o/libtcl8.5.so(TclEvalObjEx+0x76) [0x7fa4b9706156]
/data/tools/Vivado_HLS/2017.2/lib/lnx64.o/librdi_commontasks.so(+0x1a6b22) [0x7fa4b4d2bb22]
/data/tools/Vivado_HLS/2017.2/lib/lnx64.o/libtcl8.5.so(+0x334af) [0x7fa4b97044af]
/data/tools/Vivado_HLS/2017.2/lib/lnx64.o/libtcl8.5.so(+0x76875) [0x7fa4b9747875]
/data/tools/Vivado_HLS/2017.2/lib/lnx64.o/libtcl8.5.so(+0x7e029) [0x7fa4b974f029]
/data/tools/Vivado_HLS/2017.2/lib/lnx64.o/libtcl8.5.so(TclEvalObjEx+0x76) [0x7fa4b9706156]
/data/tools/Vivado_HLS/2017.2/lib/lnx64.o/librdi_commontasks.so(+0x1a5cd7) [0x7fa4b4d2acd7]
/data/tools/Vivado_HLS/2017.2/lib/lnx64.o/libtcl8.5.so(+0x334af) [0x7fa4b97044af]
/data/tools/Vivado_HLS/2017.2/lib/lnx64.o/libtcl8.5.so(+0x76875) [0x7fa4b9747875]
/data/tools/Vivado_HLS/2017.2/lib/lnx64.o/libtcl8.5.so(TclObjInterpProcCore+0x420) [0x7fa4b9788df0]
/data/tools/Vivado_HLS/2017.2/lib/lnx64.o/libtcl8.5.so(+0x334af) [0x7fa4b97044af]
/data/tools/Vivado_HLS/2017.2/lib/lnx64.o/libtcl8.5.so(+0x76875) [0x7fa4b9747875]
/data/tools/Vivado_HLS/2017.2/lib/lnx64.o/libtcl8.5.so(TclObjInterpProcCore+0x420) [0x7fa4b9788df0]
/data/tools/Vivado_HLS/2017.2/lib/lnx64.o/libtcl8.5.so(+0x334af) [0x7fa4b97044af]
/data/tools/Vivado_HLS/2017.2/lib/lnx64.o/libtcl8.5.so(+0x76875) [0x7fa4b9747875]
/data/tools/Vivado_HLS/2017.2/lib/lnx64.o/libtcl8.5.so(TclObjInterpProcCore+0x420) [0x7fa4b9788df0]
/data/tools/Vivado_HLS/2017.2/lib/lnx64.o/libtcl8.5.so(+0x334af) [0x7fa4b97044af]
/data/tools/Vivado_HLS/2017.2/lib/lnx64.o/libtcl8.5.so(+0x76875) [0x7fa4b9747875]
/data/tools/Vivado_HLS/2017.2/lib/lnx64.o/libtcl8.5.so(+0x7e029) [0x7fa4b974f029]
/data/tools/Vivado_HLS/2017.2/lib/lnx64.o/libtcl8.5.so(TclEvalObjEx+0x76) [0x7fa4b9706156]
/data/tools/Vivado_HLS/2017.2/lib/lnx64.o/librdi_commontasks.so(+0x1a5cd7) [0x7fa4b4d2acd7]
/data/tools/Vivado_HLS/2017.2/lib/lnx64.o/libtcl8.5.so(+0x334af) [0x7fa4b97044af]
/data/tools/Vivado_HLS/2017.2/lib/lnx64.o/libtcl8.5.so(+0x34b38) [0x7fa4b9705b38]
/data/tools/Vivado_HLS/2017.2/lib/lnx64.o/libtcl8.5.so(+0xad486) [0x7fa4b977e486]
/data/tools/Vivado_HLS/2017.2/lib/lnx64.o/libtcl8.5.so(+0x346c5) [0x7fa4b97056c5]
/data/tools/Vivado_HLS/2017.2/lib/lnx64.o/libtcl8.5.so(Tcl_EvalEx+0x13) [0x7fa4b97060a3]
/data/tools/Vivado_HLS/2017.2/lib/lnx64.o/libtcl8.5.so(Tcl_Eval+0x15) [0x7fa4b97060c5]
/data/tools/Vivado_HLS/2017.2/lib/lnx64.o/libhls_main.so(+0x954d2) [0x7fa4aec174d2]
/data/tools/Vivado_HLS/2017.2/lib/lnx64.o/libhls_support.so(xpcl::TclCommand::callback(int, Tcl_Obj* const*)+0x46e) [0x7fa4b40856be]
/data/tools/Vivado_HLS/2017.2/lib/lnx64.o/libhls_support.so(+0x42a60) [0x7fa4b4085a60]
/data/tools/Vivado_HLS/2017.2/lib/lnx64.o/libtcl8.5.so(+0x334af) [0x7fa4b97044af]
/data/tools/Vivado_HLS/2017.2/lib/lnx64.o/libtcl8.5.so(+0x76875) [0x7fa4b9747875]
/data/tools/Vivado_HLS/2017.2/lib/lnx64.o/libtcl8.5.so(TclObjInterpProcCore+0x420) [0x7fa4b9788df0]
/data/tools/Vivado_HLS/2017.2/lib/lnx64.o/libtcl8.5.so(+0x334af) [0x7fa4b97044af]
/data/tools/Vivado_HLS/2017.2/lib/lnx64.o/libtcl8.5.so(+0x76875) [0x7fa4b9747875]
/data/tools/Vivado_HLS/2017.2/lib/lnx64.o/libtcl8.5.so(+0x7e029) [0x7fa4b974f029]
/data/tools/Vivado_HLS/2017.2/lib/lnx64.o/libtcl8.5.so(TclEvalObjEx+0x76) [0x7fa4b9706156]
/data/tools/Vivado_HLS/2017.2/lib/lnx64.o/librdi_commontasks.so(+0x1a5cd7) [0x7fa4b4d2acd7]
/data/tools/Vivado_HLS/2017.2/lib/lnx64.o/libtcl8.5.so(+0x334af) [0x7fa4b97044af]
/data/tools/Vivado_HLS/2017.2/lib/lnx64.o/libtcl8.5.so(+0x34b38) [0x7fa4b9705b38]
/data/tools/Vivado_HLS/2017.2/lib/lnx64.o/libtcl8.5.so(+0xad486) [0x7fa4b977e486]
/data/tools/Vivado_HLS/2017.2/lib/lnx64.o/libtcl8.5.so(+0x346c5) [0x7fa4b97056c5]
/data/tools/Vivado_HLS/2017.2/lib/lnx64.o/libtcl8.5.so(Tcl_EvalEx+0x13) [0x7fa4b97060a3]
/data/tools/Vivado_HLS/2017.2/lib/lnx64.o/libtcl8.5.so(Tcl_Eval+0x15) [0x7fa4b97060c5]
/data/tools/Vivado_HLS/2017.2/lib/lnx64.o/libhls_main.so(+0x954d2) [0x7fa4aec174d2]
/data/tools/Vivado_HLS/2017.2/lib/lnx64.o/libhls_support.so(xpcl::TclCommand::callback(int, Tcl_Obj* const*)+0x46e) [0x7fa4b40856be]
/data/tools/Vivado_HLS/2017.2/lib/lnx64.o/libhls_support.so(+0x42a60) [0x7fa4b4085a60]
/data/tools/Vivado_HLS/2017.2/lib/lnx64.o/libtcl8.5.so(+0x334af) [0x7fa4b97044af]
/data/tools/Vivado_HLS/2017.2/lib/lnx64.o/libtcl8.5.so(+0x34b38) [0x7fa4b9705b38]
/data/tools/Vivado_HLS/2017.2/lib/lnx64.o/libtcl8.5.so(Tcl_EvalEx+0x13) [0x7fa4b97060a3]
/data/tools/Vivado_HLS/2017.2/lib/lnx64.o/libtcl8.5.so(Tcl_FSEvalFileEx+0x1da) [0x7fa4b976ac5a]
/data/tools/Vivado_HLS/2017.2/lib/lnx64.o/libhls_main.so(ApSourceTclFile(std::__cxx11::basic_string<char, std::char_traits<char>, std::allocator<char> > const&, char const*)+0x77) [0x7fa4aec12817]
/data/tools/Vivado_HLS/2017.2/lib/lnx64.o/libhls_main.so(+0x94fd9) [0x7fa4aec16fd9]
/data/tools/Vivado_HLS/2017.2/lib/lnx64.o/libhls_support.so(xpcl::TclCommand::callback(int, Tcl_Obj* const*)+0x46e) [0x7fa4b40856be]
/data/tools/Vivado_HLS/2017.2/lib/lnx64.o/libhls_support.so(+0x42a60) [0x7fa4b4085a60]
/data/tools/Vivado_HLS/2017.2/lib/lnx64.o/libtcl8.5.so(+0x334af) [0x7fa4b97044af]
/data/tools/Vivado_HLS/2017.2/lib/lnx64.o/libtcl8.5.so(Tcl_EvalObjv+0x32) [0x7fa4b97045e2]
/data/tools/Vivado_HLS/2017.2/lib/lnx64.o/libtcl8.5.so(TclEvalObjEx+0x322) [0x7fa4b9706402]
/data/tools/Vivado_HLS/2017.2/lib/lnx64.o/librdi_hlstasks.so(+0x8689) [0x7fa4b42b9689]
/data/tools/Vivado_HLS/2017.2/lib/lnx64.o/librdi_common.so(+0x6d0ce0) [0x7fa4be5aace0]
/data/tools/Vivado_HLS/2017.2/lib/lnx64.o/libtcl8.5.so(+0x334af) [0x7fa4b97044af]
/data/tools/Vivado_HLS/2017.2/lib/lnx64.o/libtcl8.5.so(+0x34b38) [0x7fa4b9705b38]
/data/tools/Vivado_HLS/2017.2/lib/lnx64.o/libtcl8.5.so(Tcl_EvalEx+0x13) [0x7fa4b97060a3]
/data/tools/Vivado_HLS/2017.2/lib/lnx64.o/libtcl8.5.so(TclEvalObjEx+0x3cf) [0x7fa4b97064af]
/data/tools/Vivado_HLS/2017.2/lib/lnx64.o/libtcl8.5.so(+0xb74a9) [0x7fa4b97884a9]
/data/tools/Vivado_HLS/2017.2/lib/lnx64.o/libtcl8.5.so(+0x334af) [0x7fa4b97044af]
/data/tools/Vivado_HLS/2017.2/lib/lnx64.o/libtcl8.5.so(+0x76875) [0x7fa4b9747875]
/data/tools/Vivado_HLS/2017.2/lib/lnx64.o/libtcl8.5.so(TclObjInterpProcCore+0x420) [0x7fa4b9788df0]
/data/tools/Vivado_HLS/2017.2/lib/lnx64.o/libtcl8.5.so(+0x334af) [0x7fa4b97044af]
/data/tools/Vivado_HLS/2017.2/lib/lnx64.o/libtcl8.5.so(+0x76875) [0x7fa4b9747875]
/data/tools/Vivado_HLS/2017.2/lib/lnx64.o/libtcl8.5.so(+0x7e029) [0x7fa4b974f029]
/data/tools/Vivado_HLS/2017.2/lib/lnx64.o/libtcl8.5.so(TclEvalObjEx+0x76) [0x7fa4b9706156]
/data/tools/Vivado_HLS/2017.2/lib/lnx64.o/librdi_commontasks.so(+0x1a5d74) [0x7fa4b4d2ad74]
/data/tools/Vivado_HLS/2017.2/lib/lnx64.o/libtcl8.5.so(+0x334af) [0x7fa4b97044af]
/data/tools/Vivado_HLS/2017.2/lib/lnx64.o/libtcl8.5.so(+0x34b38) [0x7fa4b9705b38]
/data/tools/Vivado_HLS/2017.2/lib/lnx64.o/libtcl8.5.so(+0xad486) [0x7fa4b977e486]
/data/tools/Vivado_HLS/2017.2/lib/lnx64.o/libtcl8.5.so(+0x346c5) [0x7fa4b97056c5]
/data/tools/Vivado_HLS/2017.2/lib/lnx64.o/libtcl8.5.so(Tcl_EvalEx+0x13) [0x7fa4b97060a3]
/data/tools/Vivado_HLS/2017.2/lib/lnx64.o/libtcl8.5.so(Tcl_FSEvalFileEx+0x1da) [0x7fa4b976ac5a]
/data/tools/Vivado_HLS/2017.2/lib/lnx64.o/librdi_commontasks.so(+0x1c360d) [0x7fa4b4d4860d]
/data/tools/Vivado_HLS/2017.2/lib/lnx64.o/librdi_common.so(+0x6d0ce0) [0x7fa4be5aace0]
/data/tools/Vivado_HLS/2017.2/lib/lnx64.o/libtcl8.5.so(+0x334af) [0x7fa4b97044af]
/data/tools/Vivado_HLS/2017.2/lib/lnx64.o/libtcl8.5.so(Tcl_EvalObjv+0x32) [0x7fa4b97045e2]
/data/tools/Vivado_HLS/2017.2/lib/lnx64.o/libtcl8.5.so(TclEvalObjEx+0x322) [0x7fa4b9706402]
/data/tools/Vivado_HLS/2017.2/lib/lnx64.o/librdi_commontasks.so(+0x1e661f) [0x7fa4b4d6b61f]
/data/tools/Vivado_HLS/2017.2/lib/lnx64.o/librdi_commontasks.so(+0x1e7e0e) [0x7fa4b4d6ce0e]
/data/tools/Vivado_HLS/2017.2/lib/lnx64.o/librdi_common.so(+0x6d0ce0) [0x7fa4be5aace0]
/data/tools/Vivado_HLS/2017.2/lib/lnx64.o/libtcl8.5.so(+0x334af) [0x7fa4b97044af]
/data/tools/Vivado_HLS/2017.2/lib/lnx64.o/libtcl8.5.so(Tcl_EvalObjv+0x32) [0x7fa4b97045e2]
/data/tools/Vivado_HLS/2017.2/lib/lnx64.o/libtcl8.5.so(TclEvalObjEx+0x322) [0x7fa4b9706402]
/data/tools/Vivado_HLS/2017.2/lib/lnx64.o/librdi_commonmain.so(+0x73a4) [0x7fa4bdcd63a4]
/data/tools/Vivado_HLS/2017.2/lib/lnx64.o/libtcl8.5.so(Tcl_Main+0x1d0) [0x7fa4b9771210]
/data/tools/Vivado_HLS/2017.2/lib/lnx64.o/librdi_common.so(+0x71651b) [0x7fa4be5f051b]
/lib64/libpthread.so.0() [0x3656007aa1]
/lib64/libc.so.6(clone+0x6d) [0x3655ce8bcd]
