INFO: [HLS 200-10] Running '/data/tools/Vivado_HLS/2016.4/bin/unwrapped/lnx64.o/vivado_hls'
INFO: [HLS 200-10] For user 'skamat' on host 'uwlogin.cern.ch' (Linux_x86_64 version 2.6.32-696.30.1.el6.aufs21.x86_64) on Fri Jun 22 15:52:31 CEST 2018
INFO: [HLS 200-10] On os "Scientific Linux CERN SLC release 6.9 (Carbon)"
INFO: [HLS 200-10] In directory '/data/skamat/Github/VivadoHLS'
INFO: [HLS 200-10] Opening project '/data/skamat/Github/VivadoHLS/Correlator'.
INFO: [HLS 200-10] Adding design file 'Correlator/ClusterFinder.cc' to the project
INFO: [HLS 200-10] Adding design file 'Correlator/ClusterFinder.hh' to the project
INFO: [HLS 200-10] Adding design file 'Correlator/ClusterTrackLinker.cc' to the project
INFO: [HLS 200-10] Adding design file 'Correlator/ClusterTrackLinker.hh' to the project
INFO: [HLS 200-10] Adding test bench file 'Correlator/test1_correlator.cc' to the project
INFO: [HLS 200-10] Opening solution '/data/skamat/Github/VivadoHLS/Correlator/solution1'.
INFO: [SYN 201-201] Setting up clock 'default' with a period of 4.16ns.
INFO: [HLS 200-10] Setting target device to 'xc7vx690tffg1927-2'
WARNING: [HLS 200-40] Skipped source file 'ClusterTrackLinker.hh'. Source files must have extensions .c, .C, .cc, .cpp, .c++, .cp, or .cxx.
INFO: [HLS 200-10] Analyzing design file 'Correlator/ClusterTrackLinker.cc' ... 
WARNING: [HLS 200-40] Skipped source file 'ClusterFinder.hh'. Source files must have extensions .c, .C, .cc, .cpp, .c++, .cp, or .cxx.
INFO: [HLS 200-10] Analyzing design file 'Correlator/ClusterFinder.cc' ... 
INFO: [HLS 200-10] Validating synthesis directives ...
INFO: [HLS 200-111] Finished Checking Pragmas Time (s): cpu = 00:00:32 ; elapsed = 00:00:12 . Memory (MB): peak = 320.215 ; gain = 12.797 ; free physical = 33150 ; free virtual = 78185
INFO: [HLS 200-111] Finished Linking Time (s): cpu = 00:00:32 ; elapsed = 00:00:12 . Memory (MB): peak = 320.215 ; gain = 12.797 ; free physical = 33144 ; free virtual = 78186
INFO: [HLS 200-10] Starting code transformations ...
INFO: [HLS 200-111] Finished Standard Transforms Time (s): cpu = 00:00:33 ; elapsed = 00:00:13 . Memory (MB): peak = 320.855 ; gain = 13.438 ; free physical = 33124 ; free virtual = 78171
INFO: [HLS 200-10] Checking synthesizability ...
INFO: [HLS 200-111] Finished Checking Synthesizability Time (s): cpu = 00:00:33 ; elapsed = 00:00:13 . Memory (MB): peak = 448.734 ; gain = 141.316 ; free physical = 33114 ; free virtual = 78163
INFO: [XFORM 203-502] Unrolling all loops for pipelining in function 'getClusterTrackLinker' (Correlator/ClusterTrackLinker.cc:10).
INFO: [XFORM 203-501] Unrolling loop 'Loop-1' (Correlator/ClusterTrackLinker.cc:45) in function 'getClusterTrackLinker' completely.
INFO: [XFORM 203-501] Unrolling loop 'Loop-1.1' (Correlator/ClusterTrackLinker.cc:47) in function 'getClusterTrackLinker' completely.
INFO: [XFORM 203-501] Unrolling loop 'Loop-2' (Correlator/ClusterTrackLinker.cc:79) in function 'getClusterTrackLinker' completely.
INFO: [XFORM 203-501] Unrolling loop 'Loop-2.1' (Correlator/ClusterTrackLinker.cc:99) in function 'getClusterTrackLinker' completely.
INFO: [XFORM 203-501] Unrolling loop 'Loop-2.1.1' (Correlator/ClusterTrackLinker.cc:100) in function 'getClusterTrackLinker' completely.
INFO: [XFORM 203-501] Unrolling loop 'Loop-2.2' (Correlator/ClusterTrackLinker.cc:132) in function 'getClusterTrackLinker' completely.
INFO: [XFORM 203-501] Unrolling loop 'Loop-2.2.1' (Correlator/ClusterTrackLinker.cc:134) in function 'getClusterTrackLinker' completely.
INFO: [XFORM 203-101] Partitioning array 'clusterET' (Correlator/ClusterTrackLinker.cc:10) in dimension 1 completely.
INFO: [XFORM 203-101] Partitioning array 'peakEta' (Correlator/ClusterTrackLinker.cc:11) in dimension 1 completely.
INFO: [XFORM 203-101] Partitioning array 'peakPhi' (Correlator/ClusterTrackLinker.cc:12) in dimension 1 completely.
INFO: [XFORM 203-101] Partitioning array 'trackPT' (Correlator/ClusterTrackLinker.cc:13) in dimension 1 completely.
INFO: [XFORM 203-101] Partitioning array 'trackEta' (Correlator/ClusterTrackLinker.cc:14) in dimension 1 completely.
INFO: [XFORM 203-101] Partitioning array 'trackPhi' (Correlator/ClusterTrackLinker.cc:15) in dimension 1 completely.
INFO: [XFORM 203-101] Partitioning array 'linkedTrackPT' (Correlator/ClusterTrackLinker.cc:16) in dimension 1 completely.
INFO: [XFORM 203-101] Partitioning array 'linkedTrackEta' (Correlator/ClusterTrackLinker.cc:17) in dimension 1 completely.
INFO: [XFORM 203-101] Partitioning array 'linkedTrackPhi' (Correlator/ClusterTrackLinker.cc:18) in dimension 1 completely.
WARNING: [XFORM 203-104] Completely partitioning array 'neutralClusterET' (Correlator/ClusterTrackLinker.cc:20) accessed through non-constant indices on dimension 1 (Correlator/ClusterTrackLinker.cc:125:4), which may result in long runtime and suboptimal QoR due to large multiplexers. Please consider wrapping the array access into a function or using a register file core instead.
INFO: [XFORM 203-101] Partitioning array 'neutralClusterET' (Correlator/ClusterTrackLinker.cc:20) in dimension 1 completely.
INFO: [XFORM 203-101] Partitioning array 'neutralClusterEta' (Correlator/ClusterTrackLinker.cc:21) in dimension 1 completely.
INFO: [XFORM 203-101] Partitioning array 'neutralClusterPhi' (Correlator/ClusterTrackLinker.cc:22) in dimension 1 completely.
WARNING: [XFORM 203-104] Completely partitioning array 'clusterEta' (Correlator/ClusterTrackLinker.cc:41) accessed through non-constant indices on dimension 1 (Correlator/ClusterTrackLinker.cc:145:73), which may result in long runtime and suboptimal QoR due to large multiplexers. Please consider wrapping the array access into a function or using a register file core instead.
INFO: [XFORM 203-101] Partitioning array 'clusterEta' (Correlator/ClusterTrackLinker.cc:41) in dimension 1 completely.
WARNING: [XFORM 203-104] Completely partitioning array 'clusterPhi' (Correlator/ClusterTrackLinker.cc:42) accessed through non-constant indices on dimension 1 (Correlator/ClusterTrackLinker.cc:147:73), which may result in long runtime and suboptimal QoR due to large multiplexers. Please consider wrapping the array access into a function or using a register file core instead.
INFO: [XFORM 203-101] Partitioning array 'clusterPhi' (Correlator/ClusterTrackLinker.cc:42) in dimension 1 completely.
INFO: [XFORM 203-101] Partitioning array 'track_peak_eta' (Correlator/ClusterTrackLinker.cc:67) in dimension 1 completely.
INFO: [XFORM 203-101] Partitioning array 'track_peak_phi' (Correlator/ClusterTrackLinker.cc:68) in dimension 1 completely.
INFO: [XFORM 203-101] Partitioning array 'clusterET.0' (Correlator/ClusterTrackLinker.cc:10) in dimension 1 completely.
INFO: [XFORM 203-101] Partitioning array 'clusterET.1' (Correlator/ClusterTrackLinker.cc:10) in dimension 1 completely.
INFO: [XFORM 203-101] Partitioning array 'clusterET.2' (Correlator/ClusterTrackLinker.cc:10) in dimension 1 completely.
INFO: [XFORM 203-101] Partitioning array 'clusterET.3' (Correlator/ClusterTrackLinker.cc:10) in dimension 1 completely.
INFO: [XFORM 203-101] Partitioning array 'clusterET.4' (Correlator/ClusterTrackLinker.cc:10) in dimension 1 completely.
INFO: [XFORM 203-101] Partitioning array 'clusterET.5' (Correlator/ClusterTrackLinker.cc:10) in dimension 1 completely.
INFO: [XFORM 203-101] Partitioning array 'clusterET.6' (Correlator/ClusterTrackLinker.cc:10) in dimension 1 completely.
INFO: [XFORM 203-101] Partitioning array 'clusterET.7' (Correlator/ClusterTrackLinker.cc:10) in dimension 1 completely.
INFO: [XFORM 203-101] Partitioning array 'clusterET.8' (Correlator/ClusterTrackLinker.cc:10) in dimension 1 completely.
INFO: [XFORM 203-101] Partitioning array 'clusterET.9' (Correlator/ClusterTrackLinker.cc:10) in dimension 1 completely.
INFO: [XFORM 203-101] Partitioning array 'clusterET.10' (Correlator/ClusterTrackLinker.cc:10) in dimension 1 completely.
INFO: [XFORM 203-101] Partitioning array 'clusterET.11' (Correlator/ClusterTrackLinker.cc:10) in dimension 1 completely.
INFO: [XFORM 203-101] Partitioning array 'clusterET.12' (Correlator/ClusterTrackLinker.cc:10) in dimension 1 completely.
INFO: [XFORM 203-101] Partitioning array 'clusterET.13' (Correlator/ClusterTrackLinker.cc:10) in dimension 1 completely.
INFO: [XFORM 203-101] Partitioning array 'clusterET.14' (Correlator/ClusterTrackLinker.cc:10) in dimension 1 completely.
INFO: [XFORM 203-101] Partitioning array 'clusterET.15' (Correlator/ClusterTrackLinker.cc:10) in dimension 1 completely.
INFO: [XFORM 203-101] Partitioning array 'clusterET.16' (Correlator/ClusterTrackLinker.cc:10) in dimension 1 completely.
INFO: [XFORM 203-101] Partitioning array 'peakEta.0' (Correlator/ClusterTrackLinker.cc:11) in dimension 1 completely.
INFO: [XFORM 203-101] Partitioning array 'peakEta.1' (Correlator/ClusterTrackLinker.cc:11) in dimension 1 completely.
INFO: [XFORM 203-101] Partitioning array 'peakEta.2' (Correlator/ClusterTrackLinker.cc:11) in dimension 1 completely.
INFO: [XFORM 203-101] Partitioning array 'peakEta.3' (Correlator/ClusterTrackLinker.cc:11) in dimension 1 completely.
INFO: [XFORM 203-101] Partitioning array 'peakEta.4' (Correlator/ClusterTrackLinker.cc:11) in dimension 1 completely.
INFO: [XFORM 203-101] Partitioning array 'peakEta.5' (Correlator/ClusterTrackLinker.cc:11) in dimension 1 completely.
INFO: [XFORM 203-101] Partitioning array 'peakEta.6' (Correlator/ClusterTrackLinker.cc:11) in dimension 1 completely.
INFO: [XFORM 203-101] Partitioning array 'peakEta.7' (Correlator/ClusterTrackLinker.cc:11) in dimension 1 completely.
INFO: [XFORM 203-101] Partitioning array 'peakEta.8' (Correlator/ClusterTrackLinker.cc:11) in dimension 1 completely.
INFO: [XFORM 203-101] Partitioning array 'peakEta.9' (Correlator/ClusterTrackLinker.cc:11) in dimension 1 completely.
INFO: [XFORM 203-101] Partitioning array 'peakEta.10' (Correlator/ClusterTrackLinker.cc:11) in dimension 1 completely.
INFO: [XFORM 203-101] Partitioning array 'peakEta.11' (Correlator/ClusterTrackLinker.cc:11) in dimension 1 completely.
INFO: [XFORM 203-101] Partitioning array 'peakEta.12' (Correlator/ClusterTrackLinker.cc:11) in dimension 1 completely.
INFO: [XFORM 203-101] Partitioning array 'peakEta.13' (Correlator/ClusterTrackLinker.cc:11) in dimension 1 completely.
INFO: [XFORM 203-101] Partitioning array 'peakEta.14' (Correlator/ClusterTrackLinker.cc:11) in dimension 1 completely.
INFO: [XFORM 203-101] Partitioning array 'peakEta.15' (Correlator/ClusterTrackLinker.cc:11) in dimension 1 completely.
INFO: [XFORM 203-101] Partitioning array 'peakEta.16' (Correlator/ClusterTrackLinker.cc:11) in dimension 1 completely.
INFO: [XFORM 203-101] Partitioning array 'peakPhi.0' (Correlator/ClusterTrackLinker.cc:12) in dimension 1 completely.
INFO: [XFORM 203-101] Partitioning array 'peakPhi.1' (Correlator/ClusterTrackLinker.cc:12) in dimension 1 completely.
INFO: [XFORM 203-101] Partitioning array 'peakPhi.2' (Correlator/ClusterTrackLinker.cc:12) in dimension 1 completely.
INFO: [XFORM 203-101] Partitioning array 'peakPhi.3' (Correlator/ClusterTrackLinker.cc:12) in dimension 1 completely.
INFO: [XFORM 203-101] Partitioning array 'peakPhi.4' (Correlator/ClusterTrackLinker.cc:12) in dimension 1 completely.
INFO: [XFORM 203-101] Partitioning array 'peakPhi.5' (Correlator/ClusterTrackLinker.cc:12) in dimension 1 completely.
INFO: [XFORM 203-101] Partitioning array 'peakPhi.6' (Correlator/ClusterTrackLinker.cc:12) in dimension 1 completely.
INFO: [XFORM 203-101] Partitioning array 'peakPhi.7' (Correlator/ClusterTrackLinker.cc:12) in dimension 1 completely.
INFO: [XFORM 203-101] Partitioning array 'peakPhi.8' (Correlator/ClusterTrackLinker.cc:12) in dimension 1 completely.
INFO: [XFORM 203-101] Partitioning array 'peakPhi.9' (Correlator/ClusterTrackLinker.cc:12) in dimension 1 completely.
INFO: [XFORM 203-101] Partitioning array 'peakPhi.10' (Correlator/ClusterTrackLinker.cc:12) in dimension 1 completely.
INFO: [XFORM 203-101] Partitioning array 'peakPhi.11' (Correlator/ClusterTrackLinker.cc:12) in dimension 1 completely.
INFO: [XFORM 203-101] Partitioning array 'peakPhi.12' (Correlator/ClusterTrackLinker.cc:12) in dimension 1 completely.
INFO: [XFORM 203-101] Partitioning array 'peakPhi.13' (Correlator/ClusterTrackLinker.cc:12) in dimension 1 completely.
INFO: [XFORM 203-101] Partitioning array 'peakPhi.14' (Correlator/ClusterTrackLinker.cc:12) in dimension 1 completely.
INFO: [XFORM 203-101] Partitioning array 'peakPhi.15' (Correlator/ClusterTrackLinker.cc:12) in dimension 1 completely.
INFO: [XFORM 203-101] Partitioning array 'peakPhi.16' (Correlator/ClusterTrackLinker.cc:12) in dimension 1 completely.
