INFO: [SIM 2] *************** CSIM start ***************
INFO: [SIM 4] CSIM will launch GCC as the compiler.
   Compiling ../../../ClusterTrackLinker.cc in debug mode
   Generating csim.exe
inputs I10	2	2
inputs I0	0	0
inputs I0	0	0
inputs I0	0	0
inputs I0	0	0
inputs I0	0	0
inputs I0	0	0
inputs I0	0	0
inputs I0	0	0
inputs I0	0	0
inputs I0	0	0
inputs I0	0	0
inputs I0	0	0
inputs I0	0	0
inputs I0	0	0
inputs I0	0	0
inputs I0	0	0
inputs I0	0	0
inputs I0	0	0
inputs I0	0	0
inputs I0	0	0
inputs I0	0	0
inputs I0	0	0
inputs I0	0	0
inputs I0	0	0
inputs I0	0	0
inputs I0	0	0
inputs I0	0	0
inputs I0	0	0
inputs I0	0	0
inputs I0	0	0
inputs I0	0	0
inputs I0	0	0
inputs I0	0	0
inputs I0	0	0
inputs I0	0	0
inputs I0	0	0
inputs I0	0	0
inputs I0	0	0
inputs I0	0	0
inputs I0	0	0
inputs I0	0	0
inputs I0	0	0
inputs I0	0	0
inputs I0	0	0
inputs I0	0	0
inputs I0	0	0
inputs I0	0	0
inputs I0	0	0
inputs I0	0	0
inputs I0	0	0
inputs I0	0	0
inputs I0	0	0
inputs I0	0	0
inputs I0	0	0
inputs I0	0	0
inputs I0	0	0
inputs I0	0	0
inputs I0	0	0
inputs I0	0	0
inputs I0	0	0
inputs I0	0	0
inputs I0	0	0
inputs I0	0	0
inputs I0	0	0
inputs I0	0	0
inputs I0	0	0
inputs I0	0	0
inputs II0	0	0
inputs II9	20	100
inputs II0	0	0
inputs II0	0	0
inputs II0	0	0
inputs II0	0	0
inputs II0	0	0
inputs II0	0	0
inputs II0	0	0
inputs II0	0	0
Max_track2958
track_eta0.285156
track_phi0.00567627
clus_eta34
clus_phi174
track_peak_e0
track_peak_p0
eta0Phi0
clus_trial0
track_peak_e20
track_peak_p100
eta1Phi0
clus_trial4
INFO: [SIM 1] CSim done with 0 errors.
INFO: [SIM 3] *************** CSIM finish ***************
