
*** Running vivado
    with args -log pattern_bram.vds -m64 -product Vivado -mode batch -messageDb vivado.pb -notrace -source pattern_bram.tcl


****** Vivado v2016.4 (64-bit)
  **** SW Build 1756540 on Mon Jan 23 19:11:19 MST 2017
  **** IP Build 1755317 on Mon Jan 23 20:30:07 MST 2017
    ** Copyright 1986-2016 Xilinx, Inc. All Rights Reserved.

source pattern_bram.tcl -notrace
Starting RTL Elaboration : Time (s): cpu = 00:00:08 ; elapsed = 00:00:09 . Memory (MB): peak = 1202.504 ; gain = 180.406 ; free physical = 4530 ; free virtual = 73071
INFO: [Synth 8-638] synthesizing module 'pattern_bram' [/data/skamat/Github/VivadoHLS/Make_LUT_MET/Bhawna/Vivado/ctp7_hls_demo/ctp7_hls_demo.srcs/sources_1/ip/pattern_bram/synth/pattern_bram.vhd:77]
INFO: [Synth 8-256] done synthesizing module 'pattern_bram' (9#1) [/data/skamat/Github/VivadoHLS/Make_LUT_MET/Bhawna/Vivado/ctp7_hls_demo/ctp7_hls_demo.srcs/sources_1/ip/pattern_bram/synth/pattern_bram.vhd:77]
Finished RTL Elaboration : Time (s): cpu = 00:00:48 ; elapsed = 00:00:49 . Memory (MB): peak = 1401.648 ; gain = 379.551 ; free physical = 3521 ; free virtual = 72092
Finished RTL Optimization Phase 1 : Time (s): cpu = 00:00:48 ; elapsed = 00:00:49 . Memory (MB): peak = 1401.648 ; gain = 379.551 ; free physical = 3519 ; free virtual = 72090
INFO: [Device 21-403] Loading part xc7vx690tffg1927-2
Constraint Validation Runtime : Time (s): cpu = 00:00:00.01 ; elapsed = 00:00:00.01 . Memory (MB): peak = 1679.082 ; gain = 0.004 ; free physical = 3322 ; free virtual = 71893
Finished Constraint Validation : Time (s): cpu = 00:01:08 ; elapsed = 00:01:09 . Memory (MB): peak = 1679.082 ; gain = 656.984 ; free physical = 3320 ; free virtual = 71891
Finished Loading Part and Timing Information : Time (s): cpu = 00:01:08 ; elapsed = 00:01:09 . Memory (MB): peak = 1679.082 ; gain = 656.984 ; free physical = 3320 ; free virtual = 71891
Finished applying 'set_property' XDC Constraints : Time (s): cpu = 00:01:08 ; elapsed = 00:01:09 . Memory (MB): peak = 1679.082 ; gain = 656.984 ; free physical = 3320 ; free virtual = 71891
Finished RTL Optimization Phase 2 : Time (s): cpu = 00:01:08 ; elapsed = 00:01:09 . Memory (MB): peak = 1679.082 ; gain = 656.984 ; free physical = 3316 ; free virtual = 71887
Finished Cross Boundary and Area Optimization : Time (s): cpu = 00:01:08 ; elapsed = 00:01:09 . Memory (MB): peak = 1679.082 ; gain = 656.984 ; free physical = 3316 ; free virtual = 71887
Finished Applying XDC Timing Constraints : Time (s): cpu = 00:01:15 ; elapsed = 00:01:16 . Memory (MB): peak = 1679.082 ; gain = 656.984 ; free physical = 3288 ; free virtual = 71862
Finished Timing Optimization : Time (s): cpu = 00:01:15 ; elapsed = 00:01:16 . Memory (MB): peak = 1679.082 ; gain = 656.984 ; free physical = 3288 ; free virtual = 71862
Finished Technology Mapping : Time (s): cpu = 00:01:15 ; elapsed = 00:01:16 . Memory (MB): peak = 1679.082 ; gain = 656.984 ; free physical = 3279 ; free virtual = 71853
Finished IO Insertion : Time (s): cpu = 00:01:15 ; elapsed = 00:01:17 . Memory (MB): peak = 1679.082 ; gain = 656.984 ; free physical = 3279 ; free virtual = 71853
Finished Renaming Generated Instances : Time (s): cpu = 00:01:15 ; elapsed = 00:01:17 . Memory (MB): peak = 1679.082 ; gain = 656.984 ; free physical = 3279 ; free virtual = 71853
Finished Rebuilding User Hierarchy : Time (s): cpu = 00:01:15 ; elapsed = 00:01:17 . Memory (MB): peak = 1679.082 ; gain = 656.984 ; free physical = 3279 ; free virtual = 71853
Finished Renaming Generated Ports : Time (s): cpu = 00:01:15 ; elapsed = 00:01:17 . Memory (MB): peak = 1679.082 ; gain = 656.984 ; free physical = 3279 ; free virtual = 71853
Finished Handling Custom Attributes : Time (s): cpu = 00:01:15 ; elapsed = 00:01:17 . Memory (MB): peak = 1679.082 ; gain = 656.984 ; free physical = 3279 ; free virtual = 71853
Finished Renaming Generated Nets : Time (s): cpu = 00:01:15 ; elapsed = 00:01:17 . Memory (MB): peak = 1679.082 ; gain = 656.984 ; free physical = 3279 ; free virtual = 71853

Report Cell Usage: 
+------+---------+------+
|      |Cell     |Count |
+------+---------+------+
|1     |RAMB36E1 |     1|
+------+---------+------+
Finished Writing Synthesis Report : Time (s): cpu = 00:01:15 ; elapsed = 00:01:17 . Memory (MB): peak = 1679.082 ; gain = 656.984 ; free physical = 3279 ; free virtual = 71853
synth_design: Time (s): cpu = 00:01:14 ; elapsed = 00:01:14 . Memory (MB): peak = 1683.594 ; gain = 577.992 ; free physical = 3245 ; free virtual = 71819
