@I [HLS-0] Workspace /data/skamat/Ales_Vivado/HLS/MET_TRIAL/solution1 opened at Wed Dec 13 11:44:33 CET 2017
@I [HLS-100] Execute     config_clock -quiet -name default -period 4.16 -default=false 
@I [SYN-201] Setting up clock 'default' with a period of 4.16ns.
@I [HLS-100] Command     config_clock returned 0; 0 sec.
@I [HLS-100] Execute     open_platform DefaultPlatform 
@I [HLS-100] Command     open_platform returned 0; 0 sec.
@I [HLS-100] Execute     import_lib /data/tools/Vivado_HLS/2016.4/common/technology/xilinx/virtex7/virtex7 
@I [HLS-100] Execute       source /data/tools/Vivado_HLS/2016.4/common/technology/xilinx/common/xilinx.lib 
@I [HLS-100] Execute         source /data/tools/Vivado_HLS/2016.4/common/technology/xilinx/interface/xilinx_interface.lib 
@I [HLS-100] Execute           source /data/tools/Vivado_HLS/2016.4/common/technology/xilinx/interface/plb46.lib 
@I [HLS-100] Command           ap_source returned 0; 0 sec.
@I [HLS-100] Execute           source /data/tools/Vivado_HLS/2016.4/common/technology/xilinx/interface/fsl.lib 
@I [HLS-100] Command           ap_source returned 0; 0 sec.
@I [HLS-100] Execute           source /data/tools/Vivado_HLS/2016.4/common/technology/xilinx/interface/axi4.lib 
@I [HLS-100] Command           ap_source returned 0; 0 sec.
@I [HLS-100] Execute           source /data/tools/Vivado_HLS/2016.4/common/technology/xilinx/interface/maxi.lib 
@I [HLS-100] Command           ap_source returned 0; 0 sec.
@I [HLS-100] Execute           source /data/tools/Vivado_HLS/2016.4/common/technology/xilinx/interface/saxilite.lib 
@I [HLS-100] Command           ap_source returned 0; 0 sec.
@I [HLS-100] Command         ap_source returned 0; 0 sec.
@I [HLS-100] Execute         source /data/tools/Vivado_HLS/2016.4/common/technology/xilinx/common/dsp48.lib 
@I [HLS-100] Command         ap_source returned 0; 0 sec.
@I [HLS-100] Execute         source /data/tools/Vivado_HLS/2016.4/common/technology/xilinx/ip/xfft.lib 
@I [HLS-100] Command         ap_source returned 0; 0 sec.
@I [HLS-100] Execute         source /data/tools/Vivado_HLS/2016.4/common/technology/xilinx/ip/xfir.lib 
@I [HLS-100] Command         ap_source returned 0; 0 sec.
@I [HLS-100] Execute         source /data/tools/Vivado_HLS/2016.4/common/technology/xilinx/ip/dds_compiler.lib 
@I [HLS-100] Command         ap_source returned 0; 0 sec.
@I [HLS-100] Command       ap_source returned 0; 0.01 sec.
@I [HLS-100] Execute       source /data/tools/Vivado_HLS/2016.4/common/technology/xilinx/common/xilinx_old.lib 
@I [HLS-100] Command       ap_source returned 0; 0 sec.
@I [HLS-100] Execute       source /data/tools/Vivado_HLS/2016.4/common/technology/xilinx/common/xilinx_vivado.lib 
@I [HLS-100] Command       ap_source returned 0; 0 sec.
@I [HLS-100] Execute       source /data/tools/Vivado_HLS/2016.4/common/technology/xilinx/common/xilinx.hlp 
@I [HLS-100] Execute         source /data/tools/Vivado_HLS/2016.4/common/technology/xilinx/common/target_info.tcl 
@I [HLS-100] Command         ap_source returned 0; 0 sec.
@I [HLS-100] Execute         source /data/tools/Vivado_HLS/2016.4/common/technology/xilinx/interface/xilinx_interface.hlp 
@I [HLS-100] Execute           source /data/tools/Vivado_HLS/2016.4/common/technology/xilinx/interface/maxi.hlp 
@I [HLS-100] Command           ap_source returned 0; 0 sec.
@I [HLS-100] Execute           source /data/tools/Vivado_HLS/2016.4/common/technology/xilinx/interface/saxilite.hlp 
@I [HLS-100] Command           ap_source returned 0; 0 sec.
@I [HLS-100] Command         ap_source returned 0; 0 sec.
@I [HLS-100] Execute         source /data/tools/Vivado_HLS/2016.4/common/technology/xilinx/common/dsp48.hlp 
@I [HLS-100] Command         ap_source returned 0; 0.01 sec.
@I [HLS-100] Command       ap_source returned 0; 0.01 sec.
@I [HLS-100] Execute       source /data/tools/Vivado_HLS/2016.4/common/technology/xilinx/virtex7/dsp48e1.hlp 
@I [HLS-100] Command       ap_source returned 0; 0 sec.
@I [HLS-100] Execute       get_default_platform 
@I [HLS-100] Command       get_default_platform returned 0; 0 sec.
@I [HLS-100] Execute       config_chip_info -quiet -resource  {SLICE 91050 } {LUT 364200 } {FF 728400 } {DSP48E 1260} {BRAM 1590}  
@I [HLS-100] Command       config_chip_info returned 0; 0 sec.
@I [HLS-100] Execute       config_chip_info -quiet -speed medium 
@I [HLS-100] Command       config_chip_info returned 0; 0 sec.
@I [HLS-100] Command     import_lib returned 0; 0.02 sec.
@I [HLS-100] Execute     source /data/tools/Vivado_HLS/2016.4/common/technology/xilinx/virtex7/virtex7.gen 
@I [HLS-100] Execute       source /data/tools/Vivado_HLS/2016.4/common/technology/xilinx/common/virtex.gen 
@I [HLS-100] Execute         source /data/tools/Vivado_HLS/2016.4/common/technology/xilinx/common/xilinx.gen 
@I [HLS-100] Execute           source /data/tools/Vivado_HLS/2016.4/common/technology/xilinx/interface/plb46.gen 
@I [HLS-100] Command           ap_source returned 0; 0 sec.
@I [HLS-100] Execute           source /data/tools/Vivado_HLS/2016.4/common/technology/xilinx/interface/fsl.gen 
@I [HLS-100] Command           ap_source returned 0; 0 sec.
@I [HLS-100] Execute           source /data/tools/Vivado_HLS/2016.4/common/technology/xilinx/interface/axi4.gen 
@I [HLS-100] Command           ap_source returned 0; 0 sec.
@I [HLS-100] Execute           source /data/tools/Vivado_HLS/2016.4/common/technology/xilinx/interface/nativeAXI4.gen 
@I [HLS-100] Execute             source /data/tools/Vivado_HLS/2016.4/common/technology/xilinx/interface/saxilite.gen 
@I [HLS-100] Command             ap_source returned 0; 0 sec.
@I [HLS-100] Execute             source /data/tools/Vivado_HLS/2016.4/common/technology/xilinx/interface/maxi.gen 
@I [HLS-100] Command             ap_source returned 0; 0.01 sec.
@I [HLS-100] Command           ap_source returned 0; 0.01 sec.
@I [HLS-100] Execute           source /data/tools/Vivado_HLS/2016.4/common/technology/xilinx/scripts/xilinxcoregen.gen 
@I [HLS-100] Command           ap_source returned 0; 0 sec.
@I [HLS-100] Execute           source /data/tools/Vivado_HLS/2016.4/common/technology/xilinx/interface/XilEDKCoreGen.gen 
@I [HLS-100] Command           ap_source returned 0; 0.01 sec.
@I [HLS-100] Execute           source /data/tools/Vivado_HLS/2016.4/common/technology/xilinx/ip/dds_compiler.gen 
@I [HLS-100] Command           ap_source returned 0; 0 sec.
@I [HLS-100] Execute           source /data/tools/Vivado_HLS/2016.4/common/technology/xilinx/ip/util.gen 
@I [HLS-100] Command           ap_source returned 0; 0 sec.
@I [HLS-100] Execute           source /data/tools/Vivado_HLS/2016.4/common/technology/xilinx/ip/xfft.gen 
@I [HLS-100] Command           ap_source returned 0; 0.09 sec.
@I [HLS-100] Execute           source /data/tools/Vivado_HLS/2016.4/common/technology/xilinx/ip/xfir.gen 
@I [HLS-100] Command           ap_source returned 0; 0 sec.
@I [HLS-100] Command         ap_source returned 0; 0.11 sec.
@I [HLS-100] Execute         source /data/tools/Vivado_HLS/2016.4/common/technology/xilinx/common/dsp48.gen 
@I [HLS-100] Command         ap_source returned 0; 0.01 sec.
@I [HLS-100] Command       ap_source returned 0; 0.12 sec.
@I [HLS-100] Command     ap_source returned 0; 0.12 sec.
@I [HLS-100] Execute     open_platform DefaultPlatform 
@I [HLS-100] Command     open_platform returned 0; 0 sec.
@I [HLS-100] Execute     import_lib /data/tools/Vivado_HLS/2016.4/common/technology/xilinx/virtex7/virtex7_fpv6 
@I [HLS-100] Execute       source /data/tools/Vivado_HLS/2016.4/common/technology/xilinx/common/xilinx_fpv7.lib 
@I [HLS-100] Execute         source /data/tools/Vivado_HLS/2016.4/common/technology/xilinx/common/xilinx_hp.lib 
@I [HLS-100] Command         ap_source returned 0; 0 sec.
@I [HLS-100] Command       ap_source returned 0; 0 sec.
@I [HLS-100] Execute       source /data/tools/Vivado_HLS/2016.4/common/technology/xilinx/common/xilinx_fpv.hlp 
@I [HLS-100] Execute         source /data/tools/Vivado_HLS/2016.4/common/technology/xilinx/common/xilinx.hlp 
@I [HLS-100] Execute           source /data/tools/Vivado_HLS/2016.4/common/technology/xilinx/common/target_info.tcl 
@I [HLS-100] Command           ap_source returned 0; 0 sec.
@I [HLS-100] Execute           source /data/tools/Vivado_HLS/2016.4/common/technology/xilinx/interface/xilinx_interface.hlp 
@I [HLS-100] Execute             source /data/tools/Vivado_HLS/2016.4/common/technology/xilinx/interface/maxi.hlp 
@I [HLS-100] Command             ap_source returned 0; 0 sec.
@I [HLS-100] Execute             source /data/tools/Vivado_HLS/2016.4/common/technology/xilinx/interface/saxilite.hlp 
@I [HLS-100] Command             ap_source returned 0; 0 sec.
@I [HLS-100] Command           ap_source returned 0; 0 sec.
@I [HLS-100] Execute           source /data/tools/Vivado_HLS/2016.4/common/technology/xilinx/common/dsp48.hlp 
@I [HLS-100] Command           ap_source returned 0; 0 sec.
@I [HLS-100] Command         ap_source returned 0; 0 sec.
@I [HLS-100] Command       ap_source returned 0; 0 sec.
@I [HLS-100] Execute       source /data/tools/Vivado_HLS/2016.4/common/technology/xilinx/virtex7/virtex7_hp.hlp 
@I [HLS-100] Command       ap_source returned 0; 0 sec.
@I [HLS-100] Command     import_lib returned 0; 0.01 sec.
@I [HLS-100] Execute     source /data/tools/Vivado_HLS/2016.4/common/technology/xilinx/virtex7/virtex7_fpv6.gen 
@I [HLS-100] Execute       source /data/tools/Vivado_HLS/2016.4/common/technology/xilinx/common/xilinx_fpv6.gen 
@I [HLS-100] Command       ap_source returned 0; 0 sec.
@I [HLS-100] Command     ap_source returned 0; 0 sec.
@I [HLS-100] Execute     set_part xc7vx690tffg1927-2 
@I [HLS-100] Execute       add_library xilinx/virtex7/virtex7:xc7vx690t:ffg1927:-2 
@I [HLS-100] Execute         get_default_platform 
@I [HLS-100] Command         get_default_platform returned 0; 0 sec.
@I [HLS-100] Execute         license_isbetapart xc7vx690t 
@I [HLS-100] Command         license_isbetapart returned 1; 0 sec.
@I [HLS-100] Execute         get_default_platform 
@I [HLS-100] Command         get_default_platform returned 0; 0 sec.
@I [HLS-100] Execute         config_chip_info -quiet -resource  {SLICE 108300} {LUT 433200 } {FF 866400 } {DSP48E 3600} {BRAM 2940}  
@I [HLS-100] Command         config_chip_info returned 0; 0 sec.
@I [HLS-100] Execute         config_chip_info -quiet -speed medium 
@I [HLS-100] Command         config_chip_info returned 0; 0 sec.
@I [HLS-100] Command       add_library returned 0; 0.01 sec.
@I [HLS-100] Execute       add_library xilinx/virtex7/virtex7_fpv6 
@I [HLS-100] Execute         get_default_platform 
@I [HLS-100] Command         get_default_platform returned 0; 0 sec.
@I [HLS-100] Command       add_library returned 0; 0.01 sec.
@I [HLS-10] Setting target device to 'xc7vx690tffg1927-2'
@I [HLS-100] Command     set_part returned 0; 0.04 sec.
@I [HLS-100] Execute     get_default_platform 
@I [HLS-100] Command     get_default_platform returned 0; 0 sec.
@I [HLS-100] Execute     config_chip_info -quiet -resource  {SLICE 108300} {LUT 433200 } {FF 866400 } {DSP48E 3600} {BRAM 2940}  
@I [HLS-100] Command     config_chip_info returned 0; 0 sec.
@I [HLS-100] Execute     config_chip_info -quiet -speed medium 
@I [HLS-100] Command     config_chip_info returned 0; 0 sec.
@I [HLS-100] Command   open_solution returned 0; 0.21 sec.
@I [HLS-100] Execute   set_part xc7vx690tffg1927-2 -tool vivado 
@I [HLS-100] Execute     add_library xilinx/virtex7/virtex7:xc7vx690t:ffg1927:-2 
@I [HLS-100] Execute       get_default_platform 
@I [HLS-100] Command       get_default_platform returned 0; 0 sec.
@I [HLS-100] Execute       license_isbetapart xc7vx690t 
@I [HLS-100] Command       license_isbetapart returned 1; 0 sec.
@I [HLS-100] Execute       get_default_platform 
@I [HLS-100] Command       get_default_platform returned 0; 0 sec.
@I [HLS-100] Execute       config_chip_info -quiet -resource  {SLICE 108300} {LUT 433200 } {FF 866400 } {DSP48E 3600} {BRAM 2940}  
@I [HLS-100] Command       config_chip_info returned 0; 0 sec.
@I [HLS-100] Execute       config_chip_info -quiet -speed medium 
@I [HLS-100] Command       config_chip_info returned 0; 0 sec.
@I [HLS-100] Command     add_library returned 0; 0.02 sec.
@I [HLS-100] Execute     add_library xilinx/virtex7/virtex7_fpv6 
@I [HLS-100] Execute       get_default_platform 
@I [HLS-100] Command       get_default_platform returned 0; 0 sec.
@I [HLS-100] Command     add_library returned 0; 0.01 sec.
@I [HLS-100] Command   set_part returned 0; 0.05 sec.
@I [HLS-100] Execute   create_clock -period 4.16 -name default 
@I [HLS-100] Command   create_clock returned 0; 0.01 sec.
@I [HLS-100] Execute   csynth_design 
@I [HLS-100] Execute     elaborate -effort=medium -skip_syncheck=0 -keep_printf=0 -lm=0 -skip_cdt=0 -skip_transform=0 -ng=0 -g=0 -opt_fp=0 
@I [HLS-10] Analyzing design file 'MET_TRIAL/MET.cc' ... 
@I [HLS-0] Compiling one TU...
@I [HLS-0] Handling MET_TRIAL/MET.cc as C++
@I [HLS-0] Syntax Checking before pre-processing...
@I [HLS-100] Execute       clang  -fno-limit-debug-info -gcc-toolchain "/data/tools/Vivado_HLS/2016.4/lnx64/tools/gcc" -hls    -fno-math-errno -c -emit-llvm -O0  -mllvm -disable-llvm-optzns -fno-threadsafe-statics  -fno-use-cxa-atexit  -fno-threadsafe-statics -fno-use-cxa-atexit -Wno-attributes -Wno-gcc-compat   -I "/data/tools/Vivado_HLS/2016.4/lnx64/tools/systemc/include" -I "/data/tools/Vivado_HLS/2016.4/include" -I "/data/tools/Vivado_HLS/2016.4/include/ap_sysc" -fexceptions -I "/data/tools/Vivado_HLS/2016.4/common/technology/autopilot" -include etc/autopilot_ssdm_op.h "MET_TRIAL/MET.cc"  -o "/data/skamat/Ales_Vivado/HLS/MET_TRIAL/solution1/.autopilot/db/MET.pp.00.o" 
@I [HLS-100] Command       clang returned 0; 0.72 sec.
@I [HLS-100] Execute       is_encrypted /data/skamat/Ales_Vivado/HLS/MET_TRIAL/solution1/.autopilot/db/MET.pp.00.o 
@I [HLS-100] Command       is_encrypted returned 0; 0 sec.
@I [HLS-0] Source preprocessing
@I [HLS-100] Execute       clang  -fno-limit-debug-info -gcc-toolchain "/data/tools/Vivado_HLS/2016.4/lnx64/tools/gcc" -hls -fno-exceptions  -D__llvm__  -CC -E "MET_TRIAL/MET.cc"     -fno-math-errno -c -emit-llvm -O0  -mllvm -disable-llvm-optzns -fno-threadsafe-statics  -fno-use-cxa-atexit  -fno-threadsafe-statics -fno-use-cxa-atexit -Wno-attributes -Wno-gcc-compat -DAESL_SYN -D__SYNTHESIS__ -D__HLS_SYN__ -I "/data/tools/Vivado_HLS/2016.4/common/technology/autopilot" -I "/data/tools/Vivado_HLS/2016.4/common/technology/autopilot/ap_sysc" -include etc/autopilot_ssdm_op.h  -o "/data/skamat/Ales_Vivado/HLS/MET_TRIAL/solution1/.autopilot/db/MET.pp.0.cc" 
@I [HLS-100] Command       clang returned 0; 0.2 sec.
@I [HLS-0] GCC PP time: 0 seconds per iteration
@I [HLS-100] Execute       list_core -type functional_unit 
@I [HLS-100] Command       list_core returned 0; 0 sec.
@I [HLS-0] CDT Preprocessing...
@I [HLS-0] Marker-Pragma convertor: /data/skamat/Ales_Vivado/HLS/MET_TRIAL/solution1/.autopilot/db/MET.pp.0.cc /data/skamat/Ales_Vivado/HLS/MET_TRIAL/solution1/.autopilot/db/MET.pp.0.cc.ap-line.cc /data/skamat/Ales_Vivado/HLS/MET_TRIAL/solution1/.autopilot/db/MET.pp.0.cc.ap-line.cc.CXX 1
@I [HLS-0] Converting Markers to Pragmas...
@I [HLS-100] Execute       cdt  "/data/skamat/Ales_Vivado/HLS/MET_TRIAL/solution1/.autopilot/db/MET.pp.0.cc.ap-line.cc"  -m "MET_O" -o "/data/skamat/Ales_Vivado/HLS/MET_TRIAL/solution1/.autopilot/db/MET.pp.0.cc.ap-cdt.cc" --pp --directive /data/skamat/Ales_Vivado/HLS/MET_TRIAL/solution1/solution1.directive --source /data/skamat/Ales_Vivado/HLS/MET_TRIAL/MET.cc --error /data/skamat/Ales_Vivado/HLS/MET_TRIAL/solution1/.autopilot/db --funcunit "AddSub AddSub_DSP AddSubnS DAddSub_fulldsp DAddSub_nodsp DDiv DExp_fulldsp DExp_meddsp DExp_nodsp DLog_fulldsp DLog_meddsp DLog_nodsp DMul_fulldsp DMul_maxdsp DMul_meddsp DMul_nodsp DRSqrt DRecip DSqrt DivnS FAddSub_fulldsp FAddSub_nodsp FDiv FExp_fulldsp FExp_meddsp FExp_nodsp FLog_fulldsp FLog_meddsp FLog_nodsp FMul_fulldsp FMul_maxdsp FMul_meddsp FMul_nodsp FRSqrt_fulldsp FRSqrt_nodsp FRecip_fulldsp FRecip_nodsp FSqrt HAddSub_nodsp HDiv HMul_fulldsp HMul_maxdsp HMul_nodsp HSqrt Mul Mul2S Mul3S Mul4S Mul5S Mul6S Mul_LUT MulnS MuxnS" --ve --vetcl /data/skamat/Ales_Vivado/HLS/MET_TRIAL/solution1/.autopilot/db --ca --es --gf --pd --p2d /data/skamat/Ales_Vivado/HLS/MET_TRIAL/solution1/.autopilot/db --sd --scff /data/skamat/Ales_Vivado/HLS/MET_TRIAL/solution1/.autopilot/db/.systemc_flag --ad 
@I [HLS-0] Error:Syntax error in source:for (__decltype(__n + 0) __niter = __n;
Error:Missing ; in source:t
Error:Syntax error in source:)
 *__first = __value;
Error:Syntax error in source:for (__decltype(__n + 0) __niter = __n;
Error:Missing ; in source:t
Error:Syntax error in source:)
 *__first = __tmp;
@I [HLS-100] Command       cdt returned 0; 5.81 sec.
@I [HLS-0] Marker-Pragma convertor: /data/skamat/Ales_Vivado/HLS/MET_TRIAL/solution1/.autopilot/db/MET.pp.0.cc.ap-cdt.cc /data/skamat/Ales_Vivado/HLS/MET_TRIAL/solution1/.autopilot/db/MET.pragma.0.cc /data/skamat/Ales_Vivado/HLS/MET_TRIAL/solution1/.autopilot/db/MET.pragma.0.cc.ap-line.CXX 0
@I [HLS-0] Converting Pragmas to Markers...
@I [HLS-100] Execute       source /data/skamat/Ales_Vivado/HLS/MET_TRIAL/solution1/.autopilot/db/pragma.status.tcl 
@I [HLS-100] Command       ap_source returned 0; 0 sec.
@I [HLS-0] Pragma Handling...
@I [HLS-0] Source preprocessing
@I [HLS-100] Execute       clang  -fno-limit-debug-info -gcc-toolchain "/data/tools/Vivado_HLS/2016.4/lnx64/tools/gcc" -hls -fno-exceptions  -D__llvm__  -CC -E "/data/skamat/Ales_Vivado/HLS/MET_TRIAL/solution1/.autopilot/db/MET.pragma.1.cc"     -fno-math-errno -c -emit-llvm -O0  -mllvm -disable-llvm-optzns -fno-threadsafe-statics  -fno-use-cxa-atexit  -fno-threadsafe-statics -fno-use-cxa-atexit -Wno-attributes -Wno-gcc-compat -DAESL_SYN -D__SYNTHESIS__ -D__HLS_SYN__ -I "/data/tools/Vivado_HLS/2016.4/common/technology/autopilot" -I "/data/tools/Vivado_HLS/2016.4/common/technology/autopilot/ap_sysc" -include etc/autopilot_ssdm_op.h  -o "/data/skamat/Ales_Vivado/HLS/MET_TRIAL/solution1/.autopilot/db/MET.pragma.2.cc" 
@I [HLS-100] Command       clang returned 0; 0.12 sec.
@I [HLS-0] Processing labels
@I [HLS-100] Execute       clang  -fno-limit-debug-info -gcc-toolchain /data/tools/Vivado_HLS/2016.4/lnx64/tools/gcc -hls -hls-analyze-label -hls-analyze-pragma -fno-exceptions  -D__llvm__  -w  "/data/skamat/Ales_Vivado/HLS/MET_TRIAL/solution1/.autopilot/db/MET.pragma.2.cc"    -fno-math-errno -c -emit-llvm -O0  -mllvm -disable-llvm-optzns -fno-threadsafe-statics  -fno-use-cxa-atexit -DAESL_SYN -D__SYNTHESIS__ -D__HLS_SYN__ -I "/data/tools/Vivado_HLS/2016.4/common/technology/autopilot" -I "/data/tools/Vivado_HLS/2016.4/common/technology/autopilot/ap_sysc" -include etc/autopilot_ssdm_op.h -g -o "/data/skamat/Ales_Vivado/HLS/MET_TRIAL/solution1/.autopilot/db/MET.g.bc" 
@I [HLS-100] Command       clang returned 0; 0.63 sec.
@I [HLS-100] Execute       source /data/skamat/Ales_Vivado/HLS/MET_TRIAL/solution1/.autopilot/db/ve_warning.tcl 
@I [HLS-100] Command       ap_source returned 0; 0 sec.
@I [HLS-10] Validating synthesis directives ...
@I [HLS-100] Execute       source /data/skamat/Ales_Vivado/HLS/MET_TRIAL/solution1/.autopilot/db/pragma.status.tcl 
@I [HLS-100] Command       ap_source returned 0; 0 sec.
@I [HLS-111] Finished Checking Pragmas Time (s): cpu = 00:00:29 ; elapsed = 00:00:09 . Memory (MB): peak = 414.836 ; gain = 12.797 ; free physical = 33389 ; free virtual = 82269
@I [HLS-0] Linking Release ...
@I [HLS-100] Execute       llvm-ld /data/skamat/Ales_Vivado/HLS/MET_TRIAL/solution1/.autopilot/db/MET.bc -disable-opt -L/data/tools/Vivado_HLS/2016.4/lnx64/lib -lm_basic -o /data/skamat/Ales_Vivado/HLS/MET_TRIAL/solution1/.autopilot/db/a.o 
@I [HLS-100] Command       llvm-ld returned 0; 0.18 sec.
@I [HLS-100] Execute       disassemble /data/skamat/Ales_Vivado/HLS/MET_TRIAL/solution1/.autopilot/db/a.o /data/skamat/Ales_Vivado/HLS/MET_TRIAL/solution1/.autopilot/db/a.o 
@I [HLS-100] Execute         is_encrypted /data/skamat/Ales_Vivado/HLS/MET_TRIAL/solution1/.autopilot/db/a.o.bc 
@I [HLS-100] Command         is_encrypted returned 0; 0 sec.
@I [HLS-100] Command       disassemble returned 0; 0.1 sec.
@I [HLS-0] Disassemble time: 0 seconds per iteration
@I [HLS-0] Linking Debug ...
@I [HLS-100] Execute       llvm-ld /data/skamat/Ales_Vivado/HLS/MET_TRIAL/solution1/.autopilot/db/MET.g.bc -disable-opt -L/data/tools/Vivado_HLS/2016.4/lnx64/lib -lm_basic -o /data/skamat/Ales_Vivado/HLS/MET_TRIAL/solution1/.autopilot/db/a.g 
@I [HLS-100] Command       llvm-ld returned 0; 0.11 sec.
@I [HLS-100] Execute       disassemble /data/skamat/Ales_Vivado/HLS/MET_TRIAL/solution1/.autopilot/db/a.g /data/skamat/Ales_Vivado/HLS/MET_TRIAL/solution1/.autopilot/db/a.g 
@I [HLS-100] Execute         is_encrypted /data/skamat/Ales_Vivado/HLS/MET_TRIAL/solution1/.autopilot/db/a.g.bc 
@I [HLS-100] Command         is_encrypted returned 0; 0 sec.
@I [HLS-100] Command       disassemble returned 0; 0.08 sec.
@I [HLS-0] Disassemble time: 0 seconds per iteration
@I [HLS-111] Finished Linking Time (s): cpu = 00:00:29 ; elapsed = 00:00:10 . Memory (MB): peak = 414.836 ; gain = 12.797 ; free physical = 33377 ; free virtual = 82269
@I [HLS-100] Execute       opt_and_import_c a -opt_level=2 -skip_syncheck=0 -ng=0 -keep_printf=0 
@I [HLS-100] Execute         cleanup_all_models 
@I [HLS-100] Command         cleanup_all_models returned 0; 0 sec.
@I [HLS-10] Starting code transformations ...
@I [HLS-100] Execute         transform -promote-dbg-pointer /data/skamat/Ales_Vivado/HLS/MET_TRIAL/solution1/.autopilot/db/a.pp.bc -o /data/skamat/Ales_Vivado/HLS/MET_TRIAL/solution1/.autopilot/db/a.pp.0.bc -f 
@I [HLS-100] Command         transform returned 0; 0.03 sec.
@I [HLS-100] Execute         llvm-ld /data/skamat/Ales_Vivado/HLS/MET_TRIAL/solution1/.autopilot/db/a.pp.0.bc -disable-opt -L/data/tools/Vivado_HLS/2016.4/lnx64/lib -lfloatconversion -o /data/skamat/Ales_Vivado/HLS/MET_TRIAL/solution1/.autopilot/db/a.g.0 
@I [HLS-100] Command         llvm-ld returned 0; 0.14 sec.
@I [HLS-0] Running Standard Transforms...
@I [HLS-100] Execute         transform -hls -share-std-xform -always-inline -promote-dbg-pointer -interface-preproc -scalarrepl -mem2reg -keep-read-access -instcombine -dce -promote-dbg-pointer -bitop-raise -indvarspre -indvars -loop-simplify -xunroll -constprop -instcombine -simplifycfg -indvars -simplifycfg -dce -globaldce -basicaa -simplifycfg -mem2reg -globalopt -global-constprop -deadargelim -instcombine -simplifycfg -prune-eh -simplifycfg -scalarrepl -instcombine -reassociate -licm -simplifycfg -loop-simplify -indvars -instcombine -simplifycfg -mem2reg -loop-simplify -indvars -instcombine -gvn -gvn -instcombine -adce -break-crit-edges -simplifycfg -loop-delete -global-array-opt -dce -dse -adce -find-syn-modules -top MET_O -deadargelim -mem2reg -instcombine -dce -presyn-prepare -auto-rom-infer -interface-preproc -syn-check -check-rec-only -find-region -simplifycfg -func-extr -function-inline -globaldce -mem2reg -instcombine -dce -gvn -globaldce -adce -adse -constprop -instcombine -bit-constprop -instcombine -dce -simplifycfg -bitop-raise -simplifycfg -dce -loop-delete -reassociate -globalopt -global-privatize -mem2reg -dce -global-constprop -pointer-simplify -constprop -dce -func-inst -deadargelim -promote-dbg-pointer -norm-name /data/skamat/Ales_Vivado/HLS/MET_TRIAL/solution1/.autopilot/db/a.g.0.bc -o /data/skamat/Ales_Vivado/HLS/MET_TRIAL/solution1/.autopilot/db/a.g.1.bc -f -phase std-opt 
@I [HLS-100] Command         transform returned 0; 0.1 sec.
@I [HLS-100] Execute         disassemble /data/skamat/Ales_Vivado/HLS/MET_TRIAL/solution1/.autopilot/db/a.g.1 /data/skamat/Ales_Vivado/HLS/MET_TRIAL/solution1/.autopilot/db/a.g.1 
@I [HLS-100] Execute           is_encrypted /data/skamat/Ales_Vivado/HLS/MET_TRIAL/solution1/.autopilot/db/a.g.1.bc 
@I [HLS-100] Command           is_encrypted returned 0; 0 sec.
@I [HLS-100] Command         disassemble returned 0; 0.09 sec.
@I [HLS-111] Finished Standard Transforms Time (s): cpu = 00:00:30 ; elapsed = 00:00:10 . Memory (MB): peak = 415.387 ; gain = 13.348 ; free physical = 33360 ; free virtual = 82256
@I [HLS-10] Checking synthesizability ...
@I [HLS-0] Checking Synthesizability 1/2..
@I [HLS-100] Execute         transform -hls -syn-check -check-rec-only -disaggr -scalarrepl -norm-name -dce -mem2reg -instcombine -function-uniquify -directive-preproc -mem2reg -dse -dce -auto-rom-infer -dce -array-normalize -instcombine -dce -array-seg-normalize -instcombine -dce -array-flatten -instcombine -dce -array-burst -dce -deadargelim -promote-global-argument -simplifycfg -mem2reg -globaldce -resolve-double-ptr -dce -deadargelim -dce -instcombine -function-inline -globaldce -dce -doublePtrSimplify -doublePtrElim -dce -doublePtrSimplify -promote-dbg-pointer -dce -scalarrepl -dse -adse -instcombine -ptrLegalization -simplifycfg -dce -instcombine -pointer-simplify -ptrArgReplace -dce -instcombine -disaggr -scalarrepl -norm-name -dce -mem2reg -instcombine -ptrLegalization -simplifycfg -deadargelim -instcombine -dce -inst-simplify -function-uniquify -directive-preproc -mem2reg -dse -dce -globaldce /data/skamat/Ales_Vivado/HLS/MET_TRIAL/solution1/.autopilot/db/a.g.1.bc -o /data/skamat/Ales_Vivado/HLS/MET_TRIAL/solution1/.autopilot/db/a.g.2.prechk.bc -f 
@I [HLS-100] Command         transform returned 0; 0.07 sec.
@I [HLS-0] Checking Synthesizability 2/2..
@I [HLS-100] Execute         transform -syn-check /data/skamat/Ales_Vivado/HLS/MET_TRIAL/solution1/.autopilot/db/a.g.2.prechk.bc -o /data/skamat/Ales_Vivado/HLS/MET_TRIAL/solution1/.autopilot/db/a.g.2.bc -f -phase syn-check 
@I [HLS-100] Command         transform returned 0; 0.03 sec.
@I [HLS-111] Finished Checking Synthesizability Time (s): cpu = 00:00:30 ; elapsed = 00:00:10 . Memory (MB): peak = 415.387 ; gain = 13.348 ; free physical = 33350 ; free virtual = 82248
@I [HLS-0] Compiler optimizing ...
@I [HLS-0] Share syncheck's 1.bc for syn flow: copy /data/skamat/Ales_Vivado/HLS/MET_TRIAL/solution1/.autopilot/db/a.g.1.bc to /data/skamat/Ales_Vivado/HLS/MET_TRIAL/solution1/.autopilot/db/a.o.1.bc
@I [HLS-0] Presyn 1...
@I [HLS-100] Execute         transform -hls -tmp /data/skamat/Ales_Vivado/HLS/MET_TRIAL/solution1/.autopilot/db -interface-port-rename -type-info -function-uniquify -directive-preproc -mem2reg -dse -dce -disaggr -scalarrepl -norm-name -deadargelim -mem2reg -instcombine -dce -auto-rom-infer -dce -function-uniquify -resource-proc -simplifycfg -mem2reg -globaldce -resolve-double-ptr -dce -deadargelim -dce -instcombine -clib-intrinsic-prepare -dce -func-buffer -dce -array-normalize -func-legal -instcombine -gvn -constprop -dce -ptrArgReplace -mem2reg -instcombine -dce -array-seg-normalize -deadargelim -instcombine -dce -pointer-simplify -dce -port-alignment -dce -interface-preproc -data-pack -instcombine -dce -basicaa -aggr-aa -aggrmodref-aa -aggr-aa -gvn -gvn -basicaa -aggr-aa -aggrmodref-aa -aggr-aa -dse -adse -adce -loop-simplify -indvars -instcombine -gvn -loop-simplify -mem2reg -dce -simplifycfg -find-region -instcombine -auto-loop-pipeline -inst-simplify -interface-preproc -cfgopt -instcombine -indvars -auto-loop-unroll -loop-simplify -loop-bound -xunroll -constprop -instcombine -simplifycfg -indvars -simplifycfg -dce -globaldce -clean-region -attach-range -gvn -inst-simplify -constprop -simplifycfg -dce -pointer-simplify -dce -globalopt -constprop -dce -array-promote -constprop -instcombine -dce -ptrArgReplace -mem2reg -instcombine -simplifycfg -dce -auto-par -instcombine -dce -array-transform-check -array-reshape -instcombine -simplifycfg -dce -ptrArgReplace -deadargelim -mem2reg -instcombine -simplifycfg -dce -indvars -loop-simplify -loop-bound -xunroll -constprop -instcombine -simplifycfg -indvars -simplifycfg -dce -globaldce -duplicate-dataflow-processes -globaldce -instcombine -array-partition -instcombine -simplifycfg -dce -ptrArgReplace -global-constprop -deadargelim -mem2reg -func-legal -instcombine -dce -global-constprop -deadargelim -mem2reg -instcombine -simplifycfg -dce -globalopt -constprop -dce -array-promote -constprop -instcombine -dce -ptrArgReplace -mem2reg -instcombine -simplifycfg -dce -mem-intrinsic-preproc -dce -global-privatize -mem2reg -globaldce -promote-global-argument -ptrArgReplace -mem2reg -instcombine -dce -globalopt -mergereturn -simplify-global-access -mem2reg -dce -pointer-simplify -dce -functionattrs -basicaa -aggr-aa -aggrmodref-aa -aggr-aa -gvn -gvn -basicaa -aggr-aa -aggrmodref-aa -aggr-aa -dse -adse -adce -inst-simplify -dce -norm-name -function-inline -globaldce -func-inst -constprop -instcombine -simplifycfg -dce -func-legal -dce -loop-bound -arraycheck -bitwidthmin -on-by-dataflow -loop-delete -instcombine -simplifycfg -globaldce -dce -gvn -deadargelim -dce -loop-simplify -clean-region -simplifycfg -propagate-stable-arguments -loop-stream -instcombine -simplifycfg -dce -globaldce -stream-intrinsic-preproc -dce -check-ap-stream -loop-simplify -eliminate-keepreads -extract-dataflow-in-loop -loop-simplify -dce -gvn -deadargelim -dse -check-dataflow-syntax -legalize-stream-variable -legalize-global -extract-subproc -dce -dead-channel-elimination -canonicalize-gep -globaldce -dce -gvn -deadargelim -annotate-dataflow-channels -scalar-propagation -deadargelim -globaldce -mem2reg -check-dataflow-channels -function-stream -dce -globaldce -prop-fifo-spec -internal-stream-gen -canonicalize-gep -globaldce -dce -gvn -deadargelim -mergereturn -indvars -loop-simplify -instcombine -array-stream -array-seg-normalize -array-partition -func-legal -instcombine -simplifycfg -dce -bundle-memfifo-ops -deadargelim -function-uniquify -directive-preproc -mem2reg -dse -dce -group-axi-access -licm -simplifycfg -dce -loop-delete -norm-name /data/skamat/Ales_Vivado/HLS/MET_TRIAL/solution1/.autopilot/db/a.o.1.bc -o /data/skamat/Ales_Vivado/HLS/MET_TRIAL/solution1/.autopilot/db/a.o.1.tmp.bc -f 
@I [XFORM-502] Unrolling all loops for pipelining in function 'MET_O' (MET_TRIAL/MET.cc:10).
@I [XFORM-501] Unrolling loop 'iRgn' (MET_TRIAL/MET.cc:23) in function 'MET_O' completely.
@I [XFORM-501] Unrolling loop 'memset_rgn_sum' in function 'MET_O' completely.
@I [XFORM-501] Unrolling loop 'Loop-1.2' (MET_TRIAL/MET.cc:28) in function 'MET_O' completely.
@I [XFORM-501] Unrolling loop 'Loop-1.3' (MET_TRIAL/MET.cc:38) in function 'MET_O' completely.
@I [XFORM-102] Partitioning array 'rgnMET_out.V' (MET_TRIAL/MET.cc:19) automatically.
@I [XFORM-101] Partitioning array 'MET.V' (MET_TRIAL/MET.cc:10) in dimension 1 completely.
@I [XFORM-101] Partitioning array 'rgn_in' (MET_TRIAL/MET.cc:10) in dimension 1 completely.
@I [XFORM-101] Partitioning array 'rgn_sum' (MET_TRIAL/MET.cc:26) in dimension 1 completely.
@I [HLS-100] Command         transform returned 0; 1.19 sec.
@I [HLS-0] Presyn 2...
@I [HLS-100] Execute         transform -hls -keep-callgraph -scalarrepl -mem2reg -port-alignment -attach-range -dce -pipe-mux-gen -indvars -loop-bound -inst-simplify -instcombine -dce -merge-array-access -mem2reg -dce -clean-region -mergereturn -if-conv -instcombine -dce -constprop -basicaa -aggr-aa -aggrmodref-aa -aggr-aa -gvn -gvn -basicaa -aggr-aa -aggrmodref-aa -aggr-aa -dse -adse -adce -scalarrepl -mem2reg -global-constprop -deadargelim -deadargelim -instcombine -dce -simplifycfg -ptrArgReplace -mem2reg -function-inline -globaldce -mem2reg -instcombine -dce -expr-balance -instcombine -dce -bitwidthmin -interface-preproc -directive-preproc -inst-rectify -instcombine -dce -functionattrs -constprop -instcombine -bit-constprop -simplify-global-access -globalopt -globaldce -inst-simplify -instcombine -elimdeaddata -dce -loop-delete -simplifycfg -loop-simplify -auto-burst -norm-name /data/skamat/Ales_Vivado/HLS/MET_TRIAL/solution1/.autopilot/db/a.o.1.tmp.bc -o /data/skamat/Ales_Vivado/HLS/MET_TRIAL/solution1/.autopilot/db/a.o.2.bc -f -phase presyn 
@I [XFORM-11] Balancing expressions in function 'MET_O' (MET_TRIAL/MET.cc:10)...14 expression(s) balanced.
@I [HLS-100] Command         transform returned 0; 0.84 sec.
@I [HLS-100] Execute         disassemble /data/skamat/Ales_Vivado/HLS/MET_TRIAL/solution1/.autopilot/db/a.o.2 /data/skamat/Ales_Vivado/HLS/MET_TRIAL/solution1/.autopilot/db/a.o.2 
@I [HLS-100] Execute           is_encrypted /data/skamat/Ales_Vivado/HLS/MET_TRIAL/solution1/.autopilot/db/a.o.2.bc 
@I [HLS-100] Command           is_encrypted returned 0; 0 sec.
@I [HLS-100] Command         disassemble returned 0; 0.08 sec.
@I [HLS-111] Finished Pre-synthesis Time (s): cpu = 00:00:32 ; elapsed = 00:00:12 . Memory (MB): peak = 543.320 ; gain = 141.281 ; free physical = 33312 ; free virtual = 82216
@I [HLS-0] Building ssdm...
@I [HLS-100] Execute         transform -hls -function-uniquify -auto-function-inline -globaldce -ptrArgReplace -mem2reg -instcombine -dce -reset-lda -loop-simplify -indvars -licm -loop-dep -loop-bound -licm -loop-simplify -flattenloopnest -array-flatten -gvn -instcombine -dce -array-map -dce -func-legal -gvn -adce -instcombine -cfgopt -simplifycfg -loop-simplify -array-burst -promote-global-argument -dce -axi4-lower -array-seg-normalize -basicaa -aggrmodref-aa -globalsmodref-aa -aggr-aa -gvn -gvn -basicaa -aggrmodref-aa -globalsmodref-aa -aggr-aa -dse -adse -adce -licm -inst-simplify -dce -globaldce -instcombine -array-stream -eliminate-keepreads -instcombine -dce -deadargelim -doublePtrSimplify -doublePtrElim -dce -doublePtrSimplify -promote-dbg-pointer -dce -scalarrepl -mem2reg -disaggr -norm-name -mem2reg -instcombine -dse -adse -adce -ptrLegalization -dce -auto-rom-infer -array-flatten -dce -instcombine -loop-rot -constprop -cfgopt -simplifycfg -loop-simplify -indvars -pointer-simplify -dce -loop-bound -loop-simplify -loop-preproc -constprop -global-constprop -gvn -mem2reg -instcombine -dce -loop-bound -loop-merge -dce -bitwidthmin -deadargelim -dce -canonicalize-dataflow -dce -scalar-propagation -deadargelim -globaldce -mem2reg -interface-preproc -interface-gen -deadargelim -directive-preproc -inst-simplify -dce -gvn -mem2reg -instcombine -dce -adse -loop-bound -instcombine -cfgopt -simplifycfg -loop-simplify -clean-region -io-protocol -find-region -mem2reg -bitop-raise -inst-simplify -inst-rectify -instcombine -adce -deadargelim -loop-simplify -phi-opt -bitop-raise -cfgopt -simplifycfg -strip-dead-prototypes -interface-lower -bitop-lower -intrinsic-lower -auto-function-inline -basicaa -aggrmodref-aa -globalsmodref-aa -aggr-aa -inst-simplify -simplifycfg -loop-simplify -mergereturn -inst-simplify -inst-rectify -dce -bitop-lower -loop-rewind -pointer-simplify -dce -cfgopt -read-loop-dep -dce -bitwidth -loop-dep -norm-name -legalize -cdfg-build /data/skamat/Ales_Vivado/HLS/MET_TRIAL/solution1/.autopilot/db/a.o.2.bc -o /data/skamat/Ales_Vivado/HLS/MET_TRIAL/solution1/.autopilot/db/a.o.3.bc -f -phase build-ssdm 
@I [HLS-100] Command         transform returned 0; 16.86 sec.
@I [HLS-100] Execute         disassemble /data/skamat/Ales_Vivado/HLS/MET_TRIAL/solution1/.autopilot/db/a.o.3 /data/skamat/Ales_Vivado/HLS/MET_TRIAL/solution1/.autopilot/db/a.o.3 
@I [HLS-100] Execute           is_encrypted /data/skamat/Ales_Vivado/HLS/MET_TRIAL/solution1/.autopilot/db/a.o.3.bc 
@I [HLS-100] Command           is_encrypted returned 0; 0 sec.
@I [HLS-100] Command         disassemble returned 0; 0.07 sec.
@I [HLS-111] Finished Architecture Synthesis Time (s): cpu = 00:00:49 ; elapsed = 00:00:29 . Memory (MB): peak = 543.320 ; gain = 141.281 ; free physical = 33313 ; free virtual = 82218
@I [HLS-0] Finish building internal data model.
@I [HLS-100] Command       opt_and_import_c returned 0; 19.58 sec.
@I [HLS-100] Command     elaborate returned 0; 28.6 sec.
@I [HLS-100] Execute     autosyn 
@I [HLS-10] Starting hardware synthesis ...
@I [HLS-0] Synthesizing C/C++ design ...
@I [HLS-10] Synthesizing 'MET_O' ...
@I [HLS-100] Execute       ap_set_top_model MET_O 
@I [HLS-100] Command       ap_set_top_model returned 0; 0 sec.
@I [HLS-100] Execute       get_model_list MET_O -filter all-wo-channel -topdown 
@I [HLS-100] Command       get_model_list returned 0; 0 sec.
@I [HLS-100] Execute       preproc_iomode -model MET_O 
@I [HLS-100] Command       preproc_iomode returned 0; 0 sec.
@I [HLS-100] Execute       get_model_list MET_O -filter all-wo-channel 
@I [HLS-100] Command       get_model_list returned 0; 0 sec.
@I [HLS-0] Model list for configure: MET_O
@I [HLS-0] Configuring Module : MET_O ...
@I [HLS-100] Execute       set_default_model MET_O 
@I [HLS-100] Command       set_default_model returned 0; 0 sec.
@I [HLS-100] Execute       apply_spec_resource_limit MET_O 
@I [HLS-100] Command       apply_spec_resource_limit returned 0; 0 sec.
@I [HLS-0] Model list for preprocess: MET_O
@I [HLS-0] Preprocessing Module: MET_O ...
@I [HLS-100] Execute       set_default_model MET_O 
@I [HLS-100] Command       set_default_model returned 0; 0 sec.
@I [HLS-100] Execute       cdfg_preprocess -model MET_O 
@I [HLS-100] Command       cdfg_preprocess returned 0; 0.31 sec.
@I [HLS-100] Execute       rtl_gen_preprocess MET_O 
@I [HLS-100] Command       rtl_gen_preprocess returned 0; 0.01 sec.
@I [HLS-0] Model list for synthesis: MET_O
@I [HLS-10] ----------------------------------------------------------------
@I [HLS-10] -- Implementing module 'MET_O' 
@I [HLS-10] ----------------------------------------------------------------
@I [HLS-100] Execute       set_default_model MET_O 
@I [HLS-100] Command       set_default_model returned 0; 0 sec.
@I [HLS-100] Execute       schedule -model MET_O 
@I [SCHED-11] Starting scheduling ...
@I [SCHED-61] Pipelining function 'MET_O'.
@I [SCHED-61] Pipelining result: Target II: 6, Final II: 6, Depth: 16.
@I [SCHED-11] Finished scheduling.
@I [HLS-100] Command       schedule returned 0; 1.11 sec.
@I [HLS-111]  Elapsed time: 30.67 seconds; current allocated memory: 0.217 MB.
@I [HLS-100] Execute       report -o /data/skamat/Ales_Vivado/HLS/MET_TRIAL/solution1/.autopilot/db/MET_O.verbose.sched.rpt -verbose -f 
@I [HLS-100] Command       report returned 0; 0.47 sec.
@I [HLS-100] Execute       db_write -o /data/skamat/Ales_Vivado/HLS/MET_TRIAL/solution1/.autopilot/db/MET_O.sched.adb -f 
@I [HLS-100] Command       db_write returned 0; 0.44 sec.
@I [HLS-0] Finish scheduling MET_O.
@I [HLS-100] Execute       set_default_model MET_O 
@I [HLS-100] Command       set_default_model returned 0; 0 sec.
@I [HLS-100] Execute       bind -model MET_O 
@I [BIND-110] clear=
@I [BIND-110] debug=
@I [BIND-110] drf=
@I [BIND-110] effort=
@I [BIND-110] fast_refine=
@I [BIND-110] fu_weight=[ 0.0 -- 1.0 ]
@I [BIND-110] global_opt=
@I [BIND-110] gsearch=
@I [BIND-110] help=
@I [BIND-110] help-hidden=
@I [BIND-110] min_mem_port=
@I [BIND-110] min_op=
@I [BIND-110] minreg=
@I [BIND-110] ml=
@I [BIND-110] model=MET_O
@I [BIND-110] no_false_path=
@I [BIND-110] no_min_op=
@I [BIND-110] normalize=
@I [BIND-110] quiet=
@I [BIND-110] refine=
@I [BIND-110] reg_weight=[ 0.0 -- 1.0 ]
@I [BIND-110] search=
@I [BIND-110] tight_delay=
@I [BIND-110] verbose=
@I [BIND-110] wFF=
@I [BIND-110] wFU=
@I [BIND-110] wMUX=
@I [BIND-110] wNET=
@I [BIND-100] Starting micro-architecture generation ...
@I [BIND-101] Performing variable lifetime analysis.
@I [BIND-101] Exploring resource sharing.
@I [BIND-101] Binding ...
@I [BIND-100] Finished micro-architecture generation.
@I [HLS-100] Command       bind returned 0; 0.67 sec.
@I [HLS-111]  Elapsed time: 1.59 seconds; current allocated memory: 0.217 MB.
@I [HLS-100] Execute       report -o /data/skamat/Ales_Vivado/HLS/MET_TRIAL/solution1/.autopilot/db/MET_O.verbose.bind.rpt -verbose -f 
@I [HLS-100] Command       report returned 0; 1.05 sec.
@I [HLS-100] Execute       db_write -o /data/skamat/Ales_Vivado/HLS/MET_TRIAL/solution1/.autopilot/db/MET_O.bind.adb -f 
@I [HLS-100] Command       db_write returned 0; 0.45 sec.
@I [HLS-0] Finish binding MET_O.
@I [HLS-100] Execute       get_model_list MET_O -filter all-wo-channel 
@I [HLS-100] Command       get_model_list returned 0; 0 sec.
@I [HLS-0] Preprocessing for RTLGen ...
@I [HLS-100] Execute       rtl_gen_preprocess MET_O 
@I [HLS-100] Command       rtl_gen_preprocess returned 0; 0 sec.
@I [HLS-0] Model list for RTL generation: MET_O
@I [HLS-10] ----------------------------------------------------------------
@I [HLS-10] -- Generating RTL for module 'MET_O' 
@I [HLS-10] ----------------------------------------------------------------
@I [HLS-100] Execute       create_rtl_model MET_O -vendor xilinx -mg_file /data/skamat/Ales_Vivado/HLS/MET_TRIAL/solution1/.autopilot/db/MET_O.compgen.tcl 
@I [RTGEN-500] Setting interface mode on port 'MET_O/rgn_in_0' to 'ap_none'.
@I [RTGEN-500] Setting interface mode on port 'MET_O/rgn_in_1' to 'ap_none'.
@I [RTGEN-500] Setting interface mode on port 'MET_O/rgn_in_2' to 'ap_none'.
@I [RTGEN-500] Setting interface mode on port 'MET_O/rgn_in_3' to 'ap_none'.
@I [RTGEN-500] Setting interface mode on port 'MET_O/rgn_in_4' to 'ap_none'.
@I [RTGEN-500] Setting interface mode on port 'MET_O/rgn_in_5' to 'ap_none'.
@I [RTGEN-500] Setting interface mode on port 'MET_O/rgn_in_6' to 'ap_none'.
@I [RTGEN-500] Setting interface mode on port 'MET_O/rgn_in_7' to 'ap_none'.
@I [RTGEN-500] Setting interface mode on port 'MET_O/rgn_in_8' to 'ap_none'.
@I [RTGEN-500] Setting interface mode on port 'MET_O/rgn_in_9' to 'ap_none'.
@I [RTGEN-500] Setting interface mode on port 'MET_O/rgn_in_10' to 'ap_none'.
@I [RTGEN-500] Setting interface mode on port 'MET_O/rgn_in_11' to 'ap_none'.
@I [RTGEN-500] Setting interface mode on port 'MET_O/rgn_in_12' to 'ap_none'.
@I [RTGEN-500] Setting interface mode on port 'MET_O/rgn_in_13' to 'ap_none'.
@I [RTGEN-500] Setting interface mode on port 'MET_O/rgn_in_14' to 'ap_none'.
@I [RTGEN-500] Setting interface mode on port 'MET_O/rgn_in_15' to 'ap_none'.
@I [RTGEN-500] Setting interface mode on port 'MET_O/rgn_in_16' to 'ap_none'.
@I [RTGEN-500] Setting interface mode on port 'MET_O/rgn_in_17' to 'ap_none'.
@I [RTGEN-500] Setting interface mode on port 'MET_O/rgn_in_18' to 'ap_none'.
@I [RTGEN-500] Setting interface mode on port 'MET_O/rgn_in_19' to 'ap_none'.
@I [RTGEN-500] Setting interface mode on port 'MET_O/rgn_in_20' to 'ap_none'.
@I [RTGEN-500] Setting interface mode on port 'MET_O/rgn_in_21' to 'ap_none'.
@I [RTGEN-500] Setting interface mode on port 'MET_O/rgn_in_22' to 'ap_none'.
@I [RTGEN-500] Setting interface mode on port 'MET_O/rgn_in_23' to 'ap_none'.
@I [RTGEN-500] Setting interface mode on port 'MET_O/rgn_in_24' to 'ap_none'.
@I [RTGEN-500] Setting interface mode on port 'MET_O/rgn_in_25' to 'ap_none'.
@I [RTGEN-500] Setting interface mode on port 'MET_O/rgn_in_26' to 'ap_none'.
@I [RTGEN-500] Setting interface mode on port 'MET_O/rgn_in_27' to 'ap_none'.
@I [RTGEN-500] Setting interface mode on port 'MET_O/rgn_in_28' to 'ap_none'.
@I [RTGEN-500] Setting interface mode on port 'MET_O/rgn_in_29' to 'ap_none'.
@I [RTGEN-500] Setting interface mode on port 'MET_O/rgn_in_30' to 'ap_none'.
@I [RTGEN-500] Setting interface mode on port 'MET_O/rgn_in_31' to 'ap_none'.
@I [RTGEN-500] Setting interface mode on port 'MET_O/rgn_in_32' to 'ap_none'.
@I [RTGEN-500] Setting interface mode on port 'MET_O/rgn_in_33' to 'ap_none'.
@I [RTGEN-500] Setting interface mode on port 'MET_O/rgn_in_34' to 'ap_none'.
@I [RTGEN-500] Setting interface mode on port 'MET_O/rgn_in_35' to 'ap_none'.
@I [RTGEN-500] Setting interface mode on port 'MET_O/rgn_in_36' to 'ap_none'.
@I [RTGEN-500] Setting interface mode on port 'MET_O/rgn_in_37' to 'ap_none'.
@I [RTGEN-500] Setting interface mode on port 'MET_O/rgn_in_38' to 'ap_none'.
@I [RTGEN-500] Setting interface mode on port 'MET_O/rgn_in_39' to 'ap_none'.
@I [RTGEN-500] Setting interface mode on port 'MET_O/rgn_in_40' to 'ap_none'.
@I [RTGEN-500] Setting interface mode on port 'MET_O/rgn_in_41' to 'ap_none'.
@I [RTGEN-500] Setting interface mode on port 'MET_O/rgn_in_42' to 'ap_none'.
@I [RTGEN-500] Setting interface mode on port 'MET_O/rgn_in_43' to 'ap_none'.
@I [RTGEN-500] Setting interface mode on port 'MET_O/rgn_in_44' to 'ap_none'.
@I [RTGEN-500] Setting interface mode on port 'MET_O/rgn_in_45' to 'ap_none'.
@I [RTGEN-500] Setting interface mode on port 'MET_O/rgn_in_46' to 'ap_none'.
@I [RTGEN-500] Setting interface mode on port 'MET_O/rgn_in_47' to 'ap_none'.
@I [RTGEN-500] Setting interface mode on port 'MET_O/rgn_in_48' to 'ap_none'.
@I [RTGEN-500] Setting interface mode on port 'MET_O/rgn_in_49' to 'ap_none'.
@I [RTGEN-500] Setting interface mode on port 'MET_O/rgn_in_50' to 'ap_none'.
@I [RTGEN-500] Setting interface mode on port 'MET_O/rgn_in_51' to 'ap_none'.
@I [RTGEN-500] Setting interface mode on port 'MET_O/rgn_in_52' to 'ap_none'.
@I [RTGEN-500] Setting interface mode on port 'MET_O/rgn_in_53' to 'ap_none'.
@I [RTGEN-500] Setting interface mode on port 'MET_O/rgn_in_54' to 'ap_none'.
@I [RTGEN-500] Setting interface mode on port 'MET_O/rgn_in_55' to 'ap_none'.
@I [RTGEN-500] Setting interface mode on port 'MET_O/rgn_in_56' to 'ap_none'.
@I [RTGEN-500] Setting interface mode on port 'MET_O/rgn_in_57' to 'ap_none'.
@I [RTGEN-500] Setting interface mode on port 'MET_O/rgn_in_58' to 'ap_none'.
@I [RTGEN-500] Setting interface mode on port 'MET_O/rgn_in_59' to 'ap_none'.
@I [RTGEN-500] Setting interface mode on port 'MET_O/rgn_in_60' to 'ap_none'.
@I [RTGEN-500] Setting interface mode on port 'MET_O/rgn_in_61' to 'ap_none'.
@I [RTGEN-500] Setting interface mode on port 'MET_O/rgn_in_62' to 'ap_none'.
@I [RTGEN-500] Setting interface mode on port 'MET_O/rgn_in_63' to 'ap_none'.
@I [RTGEN-500] Setting interface mode on port 'MET_O/rgn_in_64' to 'ap_none'.
@I [RTGEN-500] Setting interface mode on port 'MET_O/rgn_in_65' to 'ap_none'.
@I [RTGEN-500] Setting interface mode on port 'MET_O/rgn_in_66' to 'ap_none'.
@I [RTGEN-500] Setting interface mode on port 'MET_O/rgn_in_67' to 'ap_none'.
@I [RTGEN-500] Setting interface mode on port 'MET_O/rgn_in_68' to 'ap_none'.
@I [RTGEN-500] Setting interface mode on port 'MET_O/rgn_in_69' to 'ap_none'.
@I [RTGEN-500] Setting interface mode on port 'MET_O/rgn_in_70' to 'ap_none'.
@I [RTGEN-500] Setting interface mode on port 'MET_O/rgn_in_71' to 'ap_none'.
@I [RTGEN-500] Setting interface mode on port 'MET_O/rgn_in_72' to 'ap_none'.
@I [RTGEN-500] Setting interface mode on port 'MET_O/rgn_in_73' to 'ap_none'.
@I [RTGEN-500] Setting interface mode on port 'MET_O/rgn_in_74' to 'ap_none'.
@I [RTGEN-500] Setting interface mode on port 'MET_O/rgn_in_75' to 'ap_none'.
@I [RTGEN-500] Setting interface mode on port 'MET_O/rgn_in_76' to 'ap_none'.
@I [RTGEN-500] Setting interface mode on port 'MET_O/rgn_in_77' to 'ap_none'.
@I [RTGEN-500] Setting interface mode on port 'MET_O/rgn_in_78' to 'ap_none'.
@I [RTGEN-500] Setting interface mode on port 'MET_O/rgn_in_79' to 'ap_none'.
@I [RTGEN-500] Setting interface mode on port 'MET_O/rgn_in_80' to 'ap_none'.
@I [RTGEN-500] Setting interface mode on port 'MET_O/rgn_in_81' to 'ap_none'.
@I [RTGEN-500] Setting interface mode on port 'MET_O/rgn_in_82' to 'ap_none'.
@I [RTGEN-500] Setting interface mode on port 'MET_O/rgn_in_83' to 'ap_none'.
@I [RTGEN-500] Setting interface mode on port 'MET_O/rgn_in_84' to 'ap_none'.
@I [RTGEN-500] Setting interface mode on port 'MET_O/rgn_in_85' to 'ap_none'.
@I [RTGEN-500] Setting interface mode on port 'MET_O/rgn_in_86' to 'ap_none'.
@I [RTGEN-500] Setting interface mode on port 'MET_O/rgn_in_87' to 'ap_none'.
@I [RTGEN-500] Setting interface mode on port 'MET_O/rgn_in_88' to 'ap_none'.
@I [RTGEN-500] Setting interface mode on port 'MET_O/rgn_in_89' to 'ap_none'.
@I [RTGEN-500] Setting interface mode on port 'MET_O/rgn_in_90' to 'ap_none'.
@I [RTGEN-500] Setting interface mode on port 'MET_O/rgn_in_91' to 'ap_none'.
@I [RTGEN-500] Setting interface mode on port 'MET_O/rgn_in_92' to 'ap_none'.
@I [RTGEN-500] Setting interface mode on port 'MET_O/rgn_in_93' to 'ap_none'.
@I [RTGEN-500] Setting interface mode on port 'MET_O/rgn_in_94' to 'ap_none'.
@I [RTGEN-500] Setting interface mode on port 'MET_O/rgn_in_95' to 'ap_none'.
@I [RTGEN-500] Setting interface mode on port 'MET_O/rgn_in_96' to 'ap_none'.
@I [RTGEN-500] Setting interface mode on port 'MET_O/rgn_in_97' to 'ap_none'.
@I [RTGEN-500] Setting interface mode on port 'MET_O/rgn_in_98' to 'ap_none'.
@I [RTGEN-500] Setting interface mode on port 'MET_O/rgn_in_99' to 'ap_none'.
@I [RTGEN-500] Setting interface mode on port 'MET_O/rgn_in_100' to 'ap_none'.
@I [RTGEN-500] Setting interface mode on port 'MET_O/rgn_in_101' to 'ap_none'.
@I [RTGEN-500] Setting interface mode on port 'MET_O/rgn_in_102' to 'ap_none'.
@I [RTGEN-500] Setting interface mode on port 'MET_O/rgn_in_103' to 'ap_none'.
@I [RTGEN-500] Setting interface mode on port 'MET_O/rgn_in_104' to 'ap_none'.
@I [RTGEN-500] Setting interface mode on port 'MET_O/rgn_in_105' to 'ap_none'.
@I [RTGEN-500] Setting interface mode on port 'MET_O/rgn_in_106' to 'ap_none'.
@I [RTGEN-500] Setting interface mode on port 'MET_O/rgn_in_107' to 'ap_none'.
@I [RTGEN-500] Setting interface mode on port 'MET_O/rgn_in_108' to 'ap_none'.
@I [RTGEN-500] Setting interface mode on port 'MET_O/rgn_in_109' to 'ap_none'.
@I [RTGEN-500] Setting interface mode on port 'MET_O/rgn_in_110' to 'ap_none'.
@I [RTGEN-500] Setting interface mode on port 'MET_O/rgn_in_111' to 'ap_none'.
@I [RTGEN-500] Setting interface mode on port 'MET_O/rgn_in_112' to 'ap_none'.
@I [RTGEN-500] Setting interface mode on port 'MET_O/rgn_in_113' to 'ap_none'.
@I [RTGEN-500] Setting interface mode on port 'MET_O/rgn_in_114' to 'ap_none'.
@I [RTGEN-500] Setting interface mode on port 'MET_O/rgn_in_115' to 'ap_none'.
@I [RTGEN-500] Setting interface mode on port 'MET_O/rgn_in_116' to 'ap_none'.
@I [RTGEN-500] Setting interface mode on port 'MET_O/rgn_in_117' to 'ap_none'.
@I [RTGEN-500] Setting interface mode on port 'MET_O/rgn_in_118' to 'ap_none'.
@I [RTGEN-500] Setting interface mode on port 'MET_O/rgn_in_119' to 'ap_none'.
@I [RTGEN-500] Setting interface mode on port 'MET_O/rgn_in_120' to 'ap_none'.
@I [RTGEN-500] Setting interface mode on port 'MET_O/rgn_in_121' to 'ap_none'.
@I [RTGEN-500] Setting interface mode on port 'MET_O/rgn_in_122' to 'ap_none'.
@I [RTGEN-500] Setting interface mode on port 'MET_O/rgn_in_123' to 'ap_none'.
@I [RTGEN-500] Setting interface mode on port 'MET_O/rgn_in_124' to 'ap_none'.
@I [RTGEN-500] Setting interface mode on port 'MET_O/rgn_in_125' to 'ap_none'.
@I [RTGEN-500] Setting interface mode on port 'MET_O/rgn_in_126' to 'ap_none'.
@I [RTGEN-500] Setting interface mode on port 'MET_O/rgn_in_127' to 'ap_none'.
@I [RTGEN-500] Setting interface mode on port 'MET_O/rgn_in_128' to 'ap_none'.
@I [RTGEN-500] Setting interface mode on port 'MET_O/rgn_in_129' to 'ap_none'.
@I [RTGEN-500] Setting interface mode on port 'MET_O/rgn_in_130' to 'ap_none'.
@I [RTGEN-500] Setting interface mode on port 'MET_O/rgn_in_131' to 'ap_none'.
@I [RTGEN-500] Setting interface mode on port 'MET_O/rgn_in_132' to 'ap_none'.
@I [RTGEN-500] Setting interface mode on port 'MET_O/rgn_in_133' to 'ap_none'.
@I [RTGEN-500] Setting interface mode on port 'MET_O/rgn_in_134' to 'ap_none'.
@I [RTGEN-500] Setting interface mode on port 'MET_O/rgn_in_135' to 'ap_none'.
@I [RTGEN-500] Setting interface mode on port 'MET_O/rgn_in_136' to 'ap_none'.
@I [RTGEN-500] Setting interface mode on port 'MET_O/rgn_in_137' to 'ap_none'.
@I [RTGEN-500] Setting interface mode on port 'MET_O/rgn_in_138' to 'ap_none'.
@I [RTGEN-500] Setting interface mode on port 'MET_O/rgn_in_139' to 'ap_none'.
@I [RTGEN-500] Setting interface mode on port 'MET_O/rgn_in_140' to 'ap_none'.
@I [RTGEN-500] Setting interface mode on port 'MET_O/rgn_in_141' to 'ap_none'.
@I [RTGEN-500] Setting interface mode on port 'MET_O/rgn_in_142' to 'ap_none'.
@I [RTGEN-500] Setting interface mode on port 'MET_O/rgn_in_143' to 'ap_none'.
@I [RTGEN-500] Setting interface mode on port 'MET_O/rgn_in_144' to 'ap_none'.
@I [RTGEN-500] Setting interface mode on port 'MET_O/rgn_in_145' to 'ap_none'.
@I [RTGEN-500] Setting interface mode on port 'MET_O/rgn_in_146' to 'ap_none'.
@I [RTGEN-500] Setting interface mode on port 'MET_O/rgn_in_147' to 'ap_none'.
@I [RTGEN-500] Setting interface mode on port 'MET_O/rgn_in_148' to 'ap_none'.
@I [RTGEN-500] Setting interface mode on port 'MET_O/rgn_in_149' to 'ap_none'.
@I [RTGEN-500] Setting interface mode on port 'MET_O/rgn_in_150' to 'ap_none'.
@I [RTGEN-500] Setting interface mode on port 'MET_O/rgn_in_151' to 'ap_none'.
@I [RTGEN-500] Setting interface mode on port 'MET_O/rgn_in_152' to 'ap_none'.
@I [RTGEN-500] Setting interface mode on port 'MET_O/rgn_in_153' to 'ap_none'.
@I [RTGEN-500] Setting interface mode on port 'MET_O/rgn_in_154' to 'ap_none'.
@I [RTGEN-500] Setting interface mode on port 'MET_O/rgn_in_155' to 'ap_none'.
@I [RTGEN-500] Setting interface mode on port 'MET_O/rgn_in_156' to 'ap_none'.
@I [RTGEN-500] Setting interface mode on port 'MET_O/rgn_in_157' to 'ap_none'.
@I [RTGEN-500] Setting interface mode on port 'MET_O/rgn_in_158' to 'ap_none'.
@I [RTGEN-500] Setting interface mode on port 'MET_O/rgn_in_159' to 'ap_none'.
@I [RTGEN-500] Setting interface mode on port 'MET_O/rgn_in_160' to 'ap_none'.
@I [RTGEN-500] Setting interface mode on port 'MET_O/rgn_in_161' to 'ap_none'.
@I [RTGEN-500] Setting interface mode on port 'MET_O/rgn_in_162' to 'ap_none'.
@I [RTGEN-500] Setting interface mode on port 'MET_O/rgn_in_163' to 'ap_none'.
@I [RTGEN-500] Setting interface mode on port 'MET_O/rgn_in_164' to 'ap_none'.
@I [RTGEN-500] Setting interface mode on port 'MET_O/rgn_in_165' to 'ap_none'.
@I [RTGEN-500] Setting interface mode on port 'MET_O/rgn_in_166' to 'ap_none'.
@I [RTGEN-500] Setting interface mode on port 'MET_O/rgn_in_167' to 'ap_none'.
@I [RTGEN-500] Setting interface mode on port 'MET_O/rgn_in_168' to 'ap_none'.
@I [RTGEN-500] Setting interface mode on port 'MET_O/rgn_in_169' to 'ap_none'.
@I [RTGEN-500] Setting interface mode on port 'MET_O/rgn_in_170' to 'ap_none'.
@I [RTGEN-500] Setting interface mode on port 'MET_O/rgn_in_171' to 'ap_none'.
@I [RTGEN-500] Setting interface mode on port 'MET_O/rgn_in_172' to 'ap_none'.
@I [RTGEN-500] Setting interface mode on port 'MET_O/rgn_in_173' to 'ap_none'.
@I [RTGEN-500] Setting interface mode on port 'MET_O/rgn_in_174' to 'ap_none'.
@I [RTGEN-500] Setting interface mode on port 'MET_O/rgn_in_175' to 'ap_none'.
@I [RTGEN-500] Setting interface mode on port 'MET_O/rgn_in_176' to 'ap_none'.
@I [RTGEN-500] Setting interface mode on port 'MET_O/rgn_in_177' to 'ap_none'.
@I [RTGEN-500] Setting interface mode on port 'MET_O/rgn_in_178' to 'ap_none'.
@I [RTGEN-500] Setting interface mode on port 'MET_O/rgn_in_179' to 'ap_none'.
@I [RTGEN-500] Setting interface mode on port 'MET_O/rgn_in_180' to 'ap_none'.
@I [RTGEN-500] Setting interface mode on port 'MET_O/rgn_in_181' to 'ap_none'.
@I [RTGEN-500] Setting interface mode on port 'MET_O/rgn_in_182' to 'ap_none'.
@I [RTGEN-500] Setting interface mode on port 'MET_O/rgn_in_183' to 'ap_none'.
@I [RTGEN-500] Setting interface mode on port 'MET_O/rgn_in_184' to 'ap_none'.
@I [RTGEN-500] Setting interface mode on port 'MET_O/rgn_in_185' to 'ap_none'.
@I [RTGEN-500] Setting interface mode on port 'MET_O/rgn_in_186' to 'ap_none'.
@I [RTGEN-500] Setting interface mode on port 'MET_O/rgn_in_187' to 'ap_none'.
@I [RTGEN-500] Setting interface mode on port 'MET_O/rgn_in_188' to 'ap_none'.
@I [RTGEN-500] Setting interface mode on port 'MET_O/rgn_in_189' to 'ap_none'.
@I [RTGEN-500] Setting interface mode on port 'MET_O/rgn_in_190' to 'ap_none'.
@I [RTGEN-500] Setting interface mode on port 'MET_O/rgn_in_191' to 'ap_none'.
@I [RTGEN-500] Setting interface mode on port 'MET_O/rgn_in_192' to 'ap_none'.
@I [RTGEN-500] Setting interface mode on port 'MET_O/rgn_in_193' to 'ap_none'.
@I [RTGEN-500] Setting interface mode on port 'MET_O/rgn_in_194' to 'ap_none'.
@I [RTGEN-500] Setting interface mode on port 'MET_O/rgn_in_195' to 'ap_none'.
@I [RTGEN-500] Setting interface mode on port 'MET_O/rgn_in_196' to 'ap_none'.
@I [RTGEN-500] Setting interface mode on port 'MET_O/rgn_in_197' to 'ap_none'.
@I [RTGEN-500] Setting interface mode on port 'MET_O/rgn_in_198' to 'ap_none'.
@I [RTGEN-500] Setting interface mode on port 'MET_O/rgn_in_199' to 'ap_none'.
@I [RTGEN-500] Setting interface mode on port 'MET_O/rgn_in_200' to 'ap_none'.
@I [RTGEN-500] Setting interface mode on port 'MET_O/rgn_in_201' to 'ap_none'.
@I [RTGEN-500] Setting interface mode on port 'MET_O/rgn_in_202' to 'ap_none'.
@I [RTGEN-500] Setting interface mode on port 'MET_O/rgn_in_203' to 'ap_none'.
@I [RTGEN-500] Setting interface mode on port 'MET_O/rgn_in_204' to 'ap_none'.
@I [RTGEN-500] Setting interface mode on port 'MET_O/rgn_in_205' to 'ap_none'.
@I [RTGEN-500] Setting interface mode on port 'MET_O/rgn_in_206' to 'ap_none'.
@I [RTGEN-500] Setting interface mode on port 'MET_O/rgn_in_207' to 'ap_none'.
@I [RTGEN-500] Setting interface mode on port 'MET_O/rgn_in_208' to 'ap_none'.
@I [RTGEN-500] Setting interface mode on port 'MET_O/rgn_in_209' to 'ap_none'.
@I [RTGEN-500] Setting interface mode on port 'MET_O/rgn_in_210' to 'ap_none'.
@I [RTGEN-500] Setting interface mode on port 'MET_O/rgn_in_211' to 'ap_none'.
@I [RTGEN-500] Setting interface mode on port 'MET_O/rgn_in_212' to 'ap_none'.
@I [RTGEN-500] Setting interface mode on port 'MET_O/rgn_in_213' to 'ap_none'.
@I [RTGEN-500] Setting interface mode on port 'MET_O/rgn_in_214' to 'ap_none'.
@I [RTGEN-500] Setting interface mode on port 'MET_O/rgn_in_215' to 'ap_none'.
@I [RTGEN-500] Setting interface mode on port 'MET_O/rgn_in_216' to 'ap_none'.
@I [RTGEN-500] Setting interface mode on port 'MET_O/rgn_in_217' to 'ap_none'.
@I [RTGEN-500] Setting interface mode on port 'MET_O/rgn_in_218' to 'ap_none'.
@I [RTGEN-500] Setting interface mode on port 'MET_O/rgn_in_219' to 'ap_none'.
@I [RTGEN-500] Setting interface mode on port 'MET_O/rgn_in_220' to 'ap_none'.
@I [RTGEN-500] Setting interface mode on port 'MET_O/rgn_in_221' to 'ap_none'.
@I [RTGEN-500] Setting interface mode on port 'MET_O/rgn_in_222' to 'ap_none'.
@I [RTGEN-500] Setting interface mode on port 'MET_O/rgn_in_223' to 'ap_none'.
@I [RTGEN-500] Setting interface mode on port 'MET_O/rgn_in_224' to 'ap_none'.
@I [RTGEN-500] Setting interface mode on port 'MET_O/rgn_in_225' to 'ap_none'.
@I [RTGEN-500] Setting interface mode on port 'MET_O/rgn_in_226' to 'ap_none'.
@I [RTGEN-500] Setting interface mode on port 'MET_O/rgn_in_227' to 'ap_none'.
@I [RTGEN-500] Setting interface mode on port 'MET_O/rgn_in_228' to 'ap_none'.
@I [RTGEN-500] Setting interface mode on port 'MET_O/rgn_in_229' to 'ap_none'.
@I [RTGEN-500] Setting interface mode on port 'MET_O/rgn_in_230' to 'ap_none'.
@I [RTGEN-500] Setting interface mode on port 'MET_O/rgn_in_231' to 'ap_none'.
@I [RTGEN-500] Setting interface mode on port 'MET_O/rgn_in_232' to 'ap_none'.
@I [RTGEN-500] Setting interface mode on port 'MET_O/rgn_in_233' to 'ap_none'.
@I [RTGEN-500] Setting interface mode on port 'MET_O/rgn_in_234' to 'ap_none'.
@I [RTGEN-500] Setting interface mode on port 'MET_O/rgn_in_235' to 'ap_none'.
@I [RTGEN-500] Setting interface mode on port 'MET_O/rgn_in_236' to 'ap_none'.
@I [RTGEN-500] Setting interface mode on port 'MET_O/rgn_in_237' to 'ap_none'.
@I [RTGEN-500] Setting interface mode on port 'MET_O/rgn_in_238' to 'ap_none'.
@I [RTGEN-500] Setting interface mode on port 'MET_O/rgn_in_239' to 'ap_none'.
@I [RTGEN-500] Setting interface mode on port 'MET_O/rgn_in_240' to 'ap_none'.
@I [RTGEN-500] Setting interface mode on port 'MET_O/rgn_in_241' to 'ap_none'.
@I [RTGEN-500] Setting interface mode on port 'MET_O/rgn_in_242' to 'ap_none'.
@I [RTGEN-500] Setting interface mode on port 'MET_O/rgn_in_243' to 'ap_none'.
@I [RTGEN-500] Setting interface mode on port 'MET_O/rgn_in_244' to 'ap_none'.
@I [RTGEN-500] Setting interface mode on port 'MET_O/rgn_in_245' to 'ap_none'.
@I [RTGEN-500] Setting interface mode on port 'MET_O/rgn_in_246' to 'ap_none'.
@I [RTGEN-500] Setting interface mode on port 'MET_O/rgn_in_247' to 'ap_none'.
@I [RTGEN-500] Setting interface mode on port 'MET_O/rgn_in_248' to 'ap_none'.
@I [RTGEN-500] Setting interface mode on port 'MET_O/rgn_in_249' to 'ap_none'.
@I [RTGEN-500] Setting interface mode on port 'MET_O/rgn_in_250' to 'ap_none'.
@I [RTGEN-500] Setting interface mode on port 'MET_O/rgn_in_251' to 'ap_none'.
@I [RTGEN-500] Setting interface mode on port 'MET_O/MET_0_V' to 'ap_vld'.
@I [RTGEN-500] Setting interface mode on port 'MET_O/MET_1_V' to 'ap_vld'.
@I [RTGEN-500] Setting interface mode on port 'MET_O/MET_2_V' to 'ap_none'.
@I [RTGEN-500] Setting interface mode on function 'MET_O' to 'ap_ctrl_hs'.
@W [RTGEN-101] Port 'MET_O/rgn_in_112' has no fanin or fanout and is left dangling.
               Please use C simulation to confirm this function argument can be read from or written to.
@W [RTGEN-101] Port 'MET_O/rgn_in_113' has no fanin or fanout and is left dangling.
               Please use C simulation to confirm this function argument can be read from or written to.
@W [RTGEN-101] Port 'MET_O/rgn_in_114' has no fanin or fanout and is left dangling.
               Please use C simulation to confirm this function argument can be read from or written to.
@W [RTGEN-101] Port 'MET_O/rgn_in_115' has no fanin or fanout and is left dangling.
               Please use C simulation to confirm this function argument can be read from or written to.
@W [RTGEN-101] Port 'MET_O/rgn_in_116' has no fanin or fanout and is left dangling.
               Please use C simulation to confirm this function argument can be read from or written to.
@W [RTGEN-101] Port 'MET_O/rgn_in_117' has no fanin or fanout and is left dangling.
               Please use C simulation to confirm this function argument can be read from or written to.
@W [RTGEN-101] Port 'MET_O/rgn_in_118' has no fanin or fanout and is left dangling.
               Please use C simulation to confirm this function argument can be read from or written to.
@W [RTGEN-101] Port 'MET_O/rgn_in_119' has no fanin or fanout and is left dangling.
               Please use C simulation to confirm this function argument can be read from or written to.
@W [RTGEN-101] Port 'MET_O/rgn_in_120' has no fanin or fanout and is left dangling.
               Please use C simulation to confirm this function argument can be read from or written to.
@W [RTGEN-101] Port 'MET_O/rgn_in_121' has no fanin or fanout and is left dangling.
               Please use C simulation to confirm this function argument can be read from or written to.
@W [RTGEN-101] Port 'MET_O/rgn_in_122' has no fanin or fanout and is left dangling.
               Please use C simulation to confirm this function argument can be read from or written to.
@W [RTGEN-101] Port 'MET_O/rgn_in_123' has no fanin or fanout and is left dangling.
               Please use C simulation to confirm this function argument can be read from or written to.
@W [RTGEN-101] Port 'MET_O/rgn_in_124' has no fanin or fanout and is left dangling.
               Please use C simulation to confirm this function argument can be read from or written to.
@W [RTGEN-101] Port 'MET_O/rgn_in_125' has no fanin or fanout and is left dangling.
               Please use C simulation to confirm this function argument can be read from or written to.
@W [RTGEN-101] Port 'MET_O/MET_2_V' has no fanin or fanout and is left dangling.
               Please use C simulation to confirm this function argument can be read from or written to.
@I [RTGEN-100] Finished creating RTL model for 'MET_O'.
@I [HLS-100] Command       create_rtl_model returned 0; 0.6 sec.
@I [HLS-111]  Elapsed time: 2.1 seconds; current allocated memory: 0.217 MB.
@I [HLS-100] Execute       source /data/skamat/Ales_Vivado/HLS/MET_TRIAL/solution1/.autopilot/db/MET_O.rtl_wrap.cfg.tcl 
@I [HLS-100] Command       ap_source returned 0; 0 sec.
@I [HLS-100] Execute       gen_rtl MET_O -istop -style xilinx -tracefl mytrace -tracefmt vcd -traceopt all -f -lang sc -o /data/skamat/Ales_Vivado/HLS/MET_TRIAL/solution1/syn/systemc/MET_O -synmodules MET_O 
@I [HLS-100] Command       gen_rtl returned 0; 0.1 sec.
@I [HLS-100] Execute       gen_rtl MET_O -istop -style xilinx -f -lang vhdl -o /data/skamat/Ales_Vivado/HLS/MET_TRIAL/solution1/syn/vhdl/MET_O 
@I [HLS-100] Command       gen_rtl returned 0; 0.48 sec.
@I [HLS-100] Execute       gen_rtl MET_O -istop -style xilinx -f -lang vlog -o /data/skamat/Ales_Vivado/HLS/MET_TRIAL/solution1/syn/verilog/MET_O 
@I [HLS-100] Command       gen_rtl returned 0; 0.24 sec.
@I [HLS-100] Execute       export_constraint_db -o /data/skamat/Ales_Vivado/HLS/MET_TRIAL/solution1/.autopilot/db/MET_O.constraint.tcl -f -tool general 
@I [HLS-100] Command       export_constraint_db returned 0; 0 sec.
@I [HLS-100] Execute       report -model MET_O -o /data/skamat/Ales_Vivado/HLS/MET_TRIAL/solution1/.autopilot/db/MET_O.design.xml -verbose -f -dv 
@I [HLS-100] Command       report returned 0; 0.45 sec.
@I [HLS-100] Execute       report -model MET_O -o /data/skamat/Ales_Vivado/HLS/MET_TRIAL/solution1/.autopilot/db/MET_O.sdaccel.xml -verbose -f -sdaccel 
@I [HLS-100] Command       report returned 0; 0.69 sec.
@I [HLS-100] Execute       gen_tb_info MET_O -o /data/skamat/Ales_Vivado/HLS/MET_TRIAL/solution1/.autopilot/db/MET_O -p /data/skamat/Ales_Vivado/HLS/MET_TRIAL/solution1/.autopilot/db 
@I [HLS-100] Command       gen_tb_info returned 0; 0 sec.
@I [HLS-100] Execute       report -model MET_O -o /data/skamat/Ales_Vivado/HLS/MET_TRIAL/solution1/syn/report/MET_O_csynth.rpt -f 
@I [HLS-100] Command       report returned 0; 0.24 sec.
@I [HLS-100] Execute       report -model MET_O -o /data/skamat/Ales_Vivado/HLS/MET_TRIAL/solution1/syn/report/MET_O_csynth.xml -f -x 
@I [HLS-100] Command       report returned 0; 0.22 sec.
@I [HLS-100] Execute       report -model MET_O -o /data/skamat/Ales_Vivado/HLS/MET_TRIAL/solution1/.autopilot/db/MET_O.verbose.rpt -verbose -f 
@I [HLS-100] Command       report returned 0; 1.3 sec.
@I [HLS-100] Execute       db_write -model MET_O -o /data/skamat/Ales_Vivado/HLS/MET_TRIAL/solution1/.autopilot/db/MET_O.adb -f 
@I [HLS-100] Command       db_write returned 0; 0.69 sec.
@I [HLS-100] Execute       sc_get_clocks MET_O 
@I [HLS-100] Command       sc_get_clocks returned 0; 0 sec.
@I [HLS-100] Execute       sc_get_portdomain MET_O 
@I [HLS-100] Command       sc_get_portdomain returned 0; 0 sec.
@I [HLS-0] Model list for RTL component generation: MET_O
@I [HLS-0] Handling components in module [MET_O] ... 
@I [HLS-100] Execute       source /data/skamat/Ales_Vivado/HLS/MET_TRIAL/solution1/.autopilot/db/MET_O.compgen.tcl 
@I [HLS-100] Command       ap_source returned 0; 0 sec.
@I [HLS-0] Append model MET_O
@I [HLS-0] Generating RTL model list ...
@I [HLS-0] All models in this session: MET_O
@I [HLS-0] To file: write model MET_O
@I [HLS-0] Finished generating RTL model list.


@I [HLS-0] RTL Generation done.
@I [HLS-0] CAS Generation done.
@I [HLS-0] CBC Generation done.
@I [HLS-100] Execute       export_ssdm /data/skamat/Ales_Vivado/HLS/MET_TRIAL/solution1/.autopilot/db/a.export.ll 
@I [HLS-100] Command       export_ssdm returned 0; 0 sec.
@I [HLS-100] Execute       source /data/skamat/Ales_Vivado/HLS/MET_TRIAL/solution1/.autopilot/db/global.setting.tcl 
@I [HLS-100] Command       ap_source returned 0; 0 sec.
@I [HLS-100] Execute       source /data/tools/Vivado_HLS/2016.4/common/technology/generic/autopilot/common.gen 
@I [HLS-100] Execute         source /data/tools/Vivado_HLS/2016.4/common/technology/generic/autopilot/APCoreGen.gen 
@I [HLS-100] Command         ap_source returned 0; 0.01 sec.
@I [HLS-100] Command       ap_source returned 0; 0.02 sec.
@I [HLS-100] Execute       source /data/tools/Vivado_HLS/2016.4/common/technology/generic/autopilot/op.gen 
@I [HLS-100] Command       ap_source returned 0; 0 sec.
@I [HLS-100] Execute       source /data/tools/Vivado_HLS/2016.4/common/technology/generic/autopilot/op_simcore.gen 
@I [HLS-100] Command       ap_source returned 0; 0.01 sec.
@I [HLS-100] Execute       source /data/tools/Vivado_HLS/2016.4/common/technology/generic/autopilot/interface.gen 
@I [HLS-100] Command       ap_source returned 0; 0 sec.
@I [HLS-100] Execute       source /data/skamat/Ales_Vivado/HLS/MET_TRIAL/solution1/.autopilot/db/global.setting.tcl 
@I [HLS-100] Command       ap_source returned 0; 0 sec.
@I [HLS-100] Execute       source /data/tools/Vivado_HLS/2016.4/common/technology/xilinx/virtex7/virtex7.gen 
@I [HLS-100] Execute         source /data/tools/Vivado_HLS/2016.4/common/technology/xilinx/common/virtex.gen 
@I [HLS-100] Execute           source /data/tools/Vivado_HLS/2016.4/common/technology/xilinx/common/xilinx.gen 
@I [HLS-100] Execute             source /data/tools/Vivado_HLS/2016.4/common/technology/xilinx/interface/plb46.gen 
@I [HLS-100] Command             ap_source returned 0; 0 sec.
@I [HLS-100] Execute             source /data/tools/Vivado_HLS/2016.4/common/technology/xilinx/interface/fsl.gen 
@I [HLS-100] Command             ap_source returned 0; 0 sec.
@I [HLS-100] Execute             source /data/tools/Vivado_HLS/2016.4/common/technology/xilinx/interface/axi4.gen 
@I [HLS-100] Command             ap_source returned 0; 0.01 sec.
@I [HLS-100] Execute             source /data/tools/Vivado_HLS/2016.4/common/technology/xilinx/interface/nativeAXI4.gen 
@I [HLS-100] Execute               source /data/tools/Vivado_HLS/2016.4/common/technology/xilinx/interface/saxilite.gen 
@I [HLS-100] Command               ap_source returned 0; 0 sec.
@I [HLS-100] Execute               source /data/tools/Vivado_HLS/2016.4/common/technology/xilinx/interface/maxi.gen 
@I [HLS-100] Command               ap_source returned 0; 0 sec.
@I [HLS-100] Command             ap_source returned 0; 0 sec.
@I [HLS-100] Execute             source /data/tools/Vivado_HLS/2016.4/common/technology/xilinx/scripts/xilinxcoregen.gen 
@I [HLS-100] Command             ap_source returned 0; 0.01 sec.
@I [HLS-100] Execute             source /data/tools/Vivado_HLS/2016.4/common/technology/xilinx/interface/XilEDKCoreGen.gen 
@I [HLS-100] Command             ap_source returned 0; 0.01 sec.
@I [HLS-100] Execute             source /data/tools/Vivado_HLS/2016.4/common/technology/xilinx/ip/dds_compiler.gen 
@I [HLS-100] Command             ap_source returned 0; 0 sec.
@I [HLS-100] Execute             source /data/tools/Vivado_HLS/2016.4/common/technology/xilinx/ip/util.gen 
@I [HLS-100] Command             ap_source returned 0; 0 sec.
@I [HLS-100] Execute             source /data/tools/Vivado_HLS/2016.4/common/technology/xilinx/ip/xfft.gen 
@I [HLS-100] Command             ap_source returned 0; 0.06 sec.
@I [HLS-100] Execute             source /data/tools/Vivado_HLS/2016.4/common/technology/xilinx/ip/xfir.gen 
@I [HLS-100] Command             ap_source returned 0; 0 sec.
@I [HLS-100] Command           ap_source returned 0; 0.09 sec.
@I [HLS-100] Execute           source /data/tools/Vivado_HLS/2016.4/common/technology/xilinx/common/dsp48.gen 
@I [HLS-100] Command           ap_source returned 0; 0 sec.
@I [HLS-100] Command         ap_source returned 0; 0.09 sec.
@I [HLS-100] Command       ap_source returned 0; 0.09 sec.
@I [HLS-100] Execute       source /data/tools/Vivado_HLS/2016.4/common/technology/xilinx/virtex7/virtex7_fpv6.gen 
@I [HLS-100] Execute         source /data/tools/Vivado_HLS/2016.4/common/technology/xilinx/common/xilinx_fpv6.gen 
@I [HLS-100] Command         ap_source returned 0; 0.01 sec.
@I [HLS-100] Command       ap_source returned 0; 0.01 sec.
@I [HLS-100] Execute       source /data/skamat/Ales_Vivado/HLS/MET_TRIAL/solution1/.autopilot/db/global.setting.tcl 
@I [HLS-100] Command       ap_source returned 0; 0 sec.
@I [HLS-100] Execute       source /data/skamat/Ales_Vivado/HLS/MET_TRIAL/solution1/.autopilot/db/global.setting.tcl 
@I [HLS-100] Command       ap_source returned 0; 0 sec.
@I [HLS-100] Execute       source /data/skamat/Ales_Vivado/HLS/MET_TRIAL/solution1/.autopilot/db/global.setting.tcl 
@I [HLS-100] Command       ap_source returned 0; 0 sec.
@I [HLS-100] Execute       source /data/skamat/Ales_Vivado/HLS/MET_TRIAL/solution1/.autopilot/db/global.setting.tcl 
@I [HLS-100] Command       ap_source returned 0; 0 sec.
@I [HLS-100] Execute       source /data/skamat/Ales_Vivado/HLS/MET_TRIAL/solution1/.autopilot/db/MET_O.compgen.tcl 
@I [HLS-100] Command       ap_source returned 0; 0 sec.
@I [HLS-111] Finished generating all RTL models Time (s): cpu = 00:00:57 ; elapsed = 00:00:39 . Memory (MB): peak = 606.832 ; gain = 204.793 ; free physical = 33241 ; free virtual = 82169
@I [SYSC-301] Generating SystemC RTL for MET_O.
@I [VHDL-304] Generating VHDL RTL for MET_O.
@I [VLOG-307] Generating Verilog RTL for MET_O.
@I [HLS-100] Command     autosyn returned 0; 10.05 sec.
@I [HLS-100] Command   csynth_design returned 0; 38.65 sec.
@I [HLS-100] Command ap_source returned 0; 39.05 sec.
@I [HLS-100] Execute cleanup_all 
@I [HLS-100] Command cleanup_all returned 0; 0.03 sec.
