#
# An unexpected error has occurred (11)
#
Stack:
/lib64/libpthread.so.0() [0x365600f7e0]
/data/tools/Vivado_HLS/2016.4/lib/lnx64.o/libhls_hwsyn.so(llvm::SmallVectorTemplateBase<ssdm::Predicate::Product, false>::grow(unsigned long)+0xa2) [0x7f581afc6692]
/data/tools/Vivado_HLS/2016.4/lib/lnx64.o/libhls_hwsyn.so(ssdm::Predicate::addProduct(ssdm::Predicate::Product const&)+0xdb) [0x7f581afc423b]
/data/tools/Vivado_HLS/2016.4/lib/lnx64.o/libhls_hwsyn.so(ssdm::Predicate::operator+=(ssdm::Predicate const&)+0x57) [0x7f581afc46b7]
/data/tools/Vivado_HLS/2016.4/lib/lnx64.o/libhls_hwsyn.so(ssdm::PredicateAnalyzer::calcReachingCondition(ssdm::BasicBlock const*, ssdm::BasicBlock const*, bool, bool)+0x3f1) [0x7f581a933fc1]
/data/tools/Vivado_HLS/2016.4/lib/lnx64.o/libhls_hwsyn.so(ssdm::PredicateAnalyzer::calcPredicate(ssdm::BasicBlock const*, ssdm::BasicBlock const*, bool, bool)+0x529) [0x7f581a9348a9]
/data/tools/Vivado_HLS/2016.4/lib/lnx64.o/libhls_hwsyn.so(opt::TrueDepConstraintGen::visitBasicBlock(ssdm::BasicBlock&)+0x25b) [0x7f581a8382eb]
/data/tools/Vivado_HLS/2016.4/lib/lnx64.o/libhls_hwsyn.so(opt::LPSConstraintGen::generate()+0x63) [0x7f581a834f63]
/data/tools/Vivado_HLS/2016.4/lib/lnx64.o/libhls_hwsyn.so(opt::LPSConstraintGenQueue::execute()+0x195) [0x7f581a8377b5]
/data/tools/Vivado_HLS/2016.4/lib/lnx64.o/libhls_hwsyn.so(opt::LPScheduler::imposeLinearConstraints()+0xe05) [0x7f581a84f575]
/data/tools/Vivado_HLS/2016.4/lib/lnx64.o/libhls_hwsyn.so(opt::LPScheduler::constructModel()+0x38) [0x7f581a84f9f8]
/data/tools/Vivado_HLS/2016.4/lib/lnx64.o/libhls_hwsyn.so(opt::LPScheduler::schedule()+0x4e) [0x7f581a84e71e]
/data/tools/Vivado_HLS/2016.4/lib/lnx64.o/libhls_main.so(+0x12669e) [0x7f581d01569e]
/data/tools/Vivado_HLS/2016.4/lib/lnx64.o/libhls_support.so(xpcl::TclCommand::callback(int, Tcl_Obj* const*)+0x3ae) [0x7f581ccc4cfe]
/data/tools/Vivado_HLS/2016.4/lib/lnx64.o/libhls_support.so(+0x3ef9f) [0x7f581ccc4f9f]
/data/tools/Vivado_HLS/2016.4/lib/lnx64.o/libtcl8.5.so(+0x331f5) [0x7f58268ea1f5]
/data/tools/Vivado_HLS/2016.4/lib/lnx64.o/libtcl8.5.so(+0x34d6b) [0x7f58268ebd6b]
/data/tools/Vivado_HLS/2016.4/lib/lnx64.o/libtcl8.5.so(Tcl_EvalEx+0x16) [0x7f58268ec276]
/data/tools/Vivado_HLS/2016.4/lib/lnx64.o/libtcl8.5.so(TclEvalObjEx+0x213) [0x7f58268ec4c3]
/data/tools/Vivado_HLS/2016.4/lib/lnx64.o/libtcl8.5.so(+0x3b745) [0x7f58268f2745]
/data/tools/Vivado_HLS/2016.4/lib/lnx64.o/libtcl8.5.so(+0x331f5) [0x7f58268ea1f5]
/data/tools/Vivado_HLS/2016.4/lib/lnx64.o/libtcl8.5.so(+0x76bbe) [0x7f582692dbbe]
/data/tools/Vivado_HLS/2016.4/lib/lnx64.o/libtcl8.5.so(TclObjInterpProcCore+0x2fb) [0x7f582696eb8b]
/data/tools/Vivado_HLS/2016.4/lib/lnx64.o/libtcl8.5.so(+0x331f5) [0x7f58268ea1f5]
/data/tools/Vivado_HLS/2016.4/lib/lnx64.o/libtcl8.5.so(+0x76bbe) [0x7f582692dbbe]
/data/tools/Vivado_HLS/2016.4/lib/lnx64.o/libtcl8.5.so(+0x7e767) [0x7f5826935767]
/data/tools/Vivado_HLS/2016.4/lib/lnx64.o/libtcl8.5.so(TclEvalObjEx+0x77) [0x7f58268ec327]
/data/tools/Vivado_HLS/2016.4/lib/lnx64.o/librdi_commontasks.so(+0x2d168f) [0x7f581e81f68f]
/data/tools/Vivado_HLS/2016.4/lib/lnx64.o/libtcl8.5.so(+0x331f5) [0x7f58268ea1f5]
/data/tools/Vivado_HLS/2016.4/lib/lnx64.o/libtcl8.5.so(+0x76bbe) [0x7f582692dbbe]
/data/tools/Vivado_HLS/2016.4/lib/lnx64.o/libtcl8.5.so(+0x7e767) [0x7f5826935767]
/data/tools/Vivado_HLS/2016.4/lib/lnx64.o/libtcl8.5.so(TclEvalObjEx+0x77) [0x7f58268ec327]
/data/tools/Vivado_HLS/2016.4/lib/lnx64.o/librdi_commontasks.so(+0x2d0887) [0x7f581e81e887]
/data/tools/Vivado_HLS/2016.4/lib/lnx64.o/libtcl8.5.so(+0x331f5) [0x7f58268ea1f5]
/data/tools/Vivado_HLS/2016.4/lib/lnx64.o/libtcl8.5.so(+0x76bbe) [0x7f582692dbbe]
/data/tools/Vivado_HLS/2016.4/lib/lnx64.o/libtcl8.5.so(TclObjInterpProcCore+0x2fb) [0x7f582696eb8b]
/data/tools/Vivado_HLS/2016.4/lib/lnx64.o/libtcl8.5.so(+0x331f5) [0x7f58268ea1f5]
/data/tools/Vivado_HLS/2016.4/lib/lnx64.o/libtcl8.5.so(+0x76bbe) [0x7f582692dbbe]
/data/tools/Vivado_HLS/2016.4/lib/lnx64.o/libtcl8.5.so(TclObjInterpProcCore+0x2fb) [0x7f582696eb8b]
/data/tools/Vivado_HLS/2016.4/lib/lnx64.o/libtcl8.5.so(+0x331f5) [0x7f58268ea1f5]
/data/tools/Vivado_HLS/2016.4/lib/lnx64.o/libtcl8.5.so(+0x76bbe) [0x7f582692dbbe]
/data/tools/Vivado_HLS/2016.4/lib/lnx64.o/libtcl8.5.so(TclObjInterpProcCore+0x2fb) [0x7f582696eb8b]
/data/tools/Vivado_HLS/2016.4/lib/lnx64.o/libtcl8.5.so(+0x331f5) [0x7f58268ea1f5]
/data/tools/Vivado_HLS/2016.4/lib/lnx64.o/libtcl8.5.so(+0x76bbe) [0x7f582692dbbe]
/data/tools/Vivado_HLS/2016.4/lib/lnx64.o/libtcl8.5.so(+0x7e767) [0x7f5826935767]
/data/tools/Vivado_HLS/2016.4/lib/lnx64.o/libtcl8.5.so(TclEvalObjEx+0x77) [0x7f58268ec327]
/data/tools/Vivado_HLS/2016.4/lib/lnx64.o/librdi_commontasks.so(+0x2d0887) [0x7f581e81e887]
/data/tools/Vivado_HLS/2016.4/lib/lnx64.o/libtcl8.5.so(+0x331f5) [0x7f58268ea1f5]
/data/tools/Vivado_HLS/2016.4/lib/lnx64.o/libtcl8.5.so(+0x34d6b) [0x7f58268ebd6b]
/data/tools/Vivado_HLS/2016.4/lib/lnx64.o/libtcl8.5.so(+0xad531) [0x7f5826964531]
/data/tools/Vivado_HLS/2016.4/lib/lnx64.o/libtcl8.5.so(+0x3491c) [0x7f58268eb91c]
/data/tools/Vivado_HLS/2016.4/lib/lnx64.o/libtcl8.5.so(Tcl_EvalEx+0x16) [0x7f58268ec276]
/data/tools/Vivado_HLS/2016.4/lib/lnx64.o/libtcl8.5.so(Tcl_Eval+0x15) [0x7f58268ec295]
/data/tools/Vivado_HLS/2016.4/lib/lnx64.o/libhls_main.so(+0x95956) [0x7f581cf84956]
/data/tools/Vivado_HLS/2016.4/lib/lnx64.o/libhls_support.so(xpcl::TclCommand::callback(int, Tcl_Obj* const*)+0x3ae) [0x7f581ccc4cfe]
/data/tools/Vivado_HLS/2016.4/lib/lnx64.o/libhls_support.so(+0x3ef9f) [0x7f581ccc4f9f]
/data/tools/Vivado_HLS/2016.4/lib/lnx64.o/libtcl8.5.so(+0x331f5) [0x7f58268ea1f5]
/data/tools/Vivado_HLS/2016.4/lib/lnx64.o/libtcl8.5.so(+0x76bbe) [0x7f582692dbbe]
/data/tools/Vivado_HLS/2016.4/lib/lnx64.o/libtcl8.5.so(TclObjInterpProcCore+0x2fb) [0x7f582696eb8b]
/data/tools/Vivado_HLS/2016.4/lib/lnx64.o/libtcl8.5.so(+0x331f5) [0x7f58268ea1f5]
/data/tools/Vivado_HLS/2016.4/lib/lnx64.o/libtcl8.5.so(+0x76bbe) [0x7f582692dbbe]
/data/tools/Vivado_HLS/2016.4/lib/lnx64.o/libtcl8.5.so(+0x7e767) [0x7f5826935767]
/data/tools/Vivado_HLS/2016.4/lib/lnx64.o/libtcl8.5.so(TclEvalObjEx+0x77) [0x7f58268ec327]
/data/tools/Vivado_HLS/2016.4/lib/lnx64.o/librdi_commontasks.so(+0x2d0887) [0x7f581e81e887]
/data/tools/Vivado_HLS/2016.4/lib/lnx64.o/libtcl8.5.so(+0x331f5) [0x7f58268ea1f5]
/data/tools/Vivado_HLS/2016.4/lib/lnx64.o/libtcl8.5.so(+0x34d6b) [0x7f58268ebd6b]
/data/tools/Vivado_HLS/2016.4/lib/lnx64.o/libtcl8.5.so(+0xad531) [0x7f5826964531]
/data/tools/Vivado_HLS/2016.4/lib/lnx64.o/libtcl8.5.so(+0x3491c) [0x7f58268eb91c]
/data/tools/Vivado_HLS/2016.4/lib/lnx64.o/libtcl8.5.so(Tcl_EvalEx+0x16) [0x7f58268ec276]
/data/tools/Vivado_HLS/2016.4/lib/lnx64.o/libtcl8.5.so(Tcl_Eval+0x15) [0x7f58268ec295]
/data/tools/Vivado_HLS/2016.4/lib/lnx64.o/libhls_main.so(+0x95956) [0x7f581cf84956]
/data/tools/Vivado_HLS/2016.4/lib/lnx64.o/libhls_support.so(xpcl::TclCommand::callback(int, Tcl_Obj* const*)+0x3ae) [0x7f581ccc4cfe]
/data/tools/Vivado_HLS/2016.4/lib/lnx64.o/libhls_support.so(+0x3ef9f) [0x7f581ccc4f9f]
/data/tools/Vivado_HLS/2016.4/lib/lnx64.o/libtcl8.5.so(+0x331f5) [0x7f58268ea1f5]
/data/tools/Vivado_HLS/2016.4/lib/lnx64.o/libtcl8.5.so(+0x34d6b) [0x7f58268ebd6b]
/data/tools/Vivado_HLS/2016.4/lib/lnx64.o/libtcl8.5.so(Tcl_EvalEx+0x16) [0x7f58268ec276]
/data/tools/Vivado_HLS/2016.4/lib/lnx64.o/libtcl8.5.so(Tcl_FSEvalFileEx+0x1d2) [0x7f5826950d02]
/data/tools/Vivado_HLS/2016.4/lib/lnx64.o/libhls_main.so(ApSourceTclFile(std::string const&, char const*)+0x89) [0x7f581cf7ee79]
/data/tools/Vivado_HLS/2016.4/lib/lnx64.o/libhls_main.so(+0x9517a) [0x7f581cf8417a]
/data/tools/Vivado_HLS/2016.4/lib/lnx64.o/libhls_support.so(xpcl::TclCommand::callback(int, Tcl_Obj* const*)+0x3ae) [0x7f581ccc4cfe]
/data/tools/Vivado_HLS/2016.4/lib/lnx64.o/libhls_support.so(+0x3ef9f) [0x7f581ccc4f9f]
/data/tools/Vivado_HLS/2016.4/lib/lnx64.o/libtcl8.5.so(+0x331f5) [0x7f58268ea1f5]
/data/tools/Vivado_HLS/2016.4/lib/lnx64.o/libtcl8.5.so(Tcl_EvalObjv+0x32) [0x7f58268ea7e2]
/data/tools/Vivado_HLS/2016.4/lib/lnx64.o/libtcl8.5.so(TclEvalObjEx+0x322) [0x7f58268ec5d2]
/data/tools/Vivado_HLS/2016.4/lib/lnx64.o/librdi_hlstasks.so(+0xc466) [0x7f581d343466]
/data/tools/Vivado_HLS/2016.4/lib/lnx64.o/librdi_common.so(+0x5f8f37) [0x7f582b337f37]
/data/tools/Vivado_HLS/2016.4/lib/lnx64.o/libtcl8.5.so(+0x331f5) [0x7f58268ea1f5]
/data/tools/Vivado_HLS/2016.4/lib/lnx64.o/libtcl8.5.so(+0x34d6b) [0x7f58268ebd6b]
/data/tools/Vivado_HLS/2016.4/lib/lnx64.o/libtcl8.5.so(Tcl_EvalEx+0x16) [0x7f58268ec276]
/data/tools/Vivado_HLS/2016.4/lib/lnx64.o/libtcl8.5.so(TclEvalObjEx+0x3cf) [0x7f58268ec67f]
/data/tools/Vivado_HLS/2016.4/lib/lnx64.o/libtcl8.5.so(+0xb736e) [0x7f582696e36e]
/data/tools/Vivado_HLS/2016.4/lib/lnx64.o/libtcl8.5.so(+0x331f5) [0x7f58268ea1f5]
/data/tools/Vivado_HLS/2016.4/lib/lnx64.o/libtcl8.5.so(+0x76bbe) [0x7f582692dbbe]
/data/tools/Vivado_HLS/2016.4/lib/lnx64.o/libtcl8.5.so(TclObjInterpProcCore+0x2fb) [0x7f582696eb8b]
/data/tools/Vivado_HLS/2016.4/lib/lnx64.o/libtcl8.5.so(+0x331f5) [0x7f58268ea1f5]
/data/tools/Vivado_HLS/2016.4/lib/lnx64.o/libtcl8.5.so(+0x76bbe) [0x7f582692dbbe]
/data/tools/Vivado_HLS/2016.4/lib/lnx64.o/libtcl8.5.so(+0x7e767) [0x7f5826935767]
/data/tools/Vivado_HLS/2016.4/lib/lnx64.o/libtcl8.5.so(TclEvalObjEx+0x77) [0x7f58268ec327]
/data/tools/Vivado_HLS/2016.4/lib/lnx64.o/librdi_commontasks.so(+0x2d0924) [0x7f581e81e924]
/data/tools/Vivado_HLS/2016.4/lib/lnx64.o/libtcl8.5.so(+0x331f5) [0x7f58268ea1f5]
/data/tools/Vivado_HLS/2016.4/lib/lnx64.o/libtcl8.5.so(+0x34d6b) [0x7f58268ebd6b]
/data/tools/Vivado_HLS/2016.4/lib/lnx64.o/libtcl8.5.so(+0xad531) [0x7f5826964531]
/data/tools/Vivado_HLS/2016.4/lib/lnx64.o/libtcl8.5.so(+0x3491c) [0x7f58268eb91c]
/data/tools/Vivado_HLS/2016.4/lib/lnx64.o/libtcl8.5.so(Tcl_EvalEx+0x16) [0x7f58268ec276]
/data/tools/Vivado_HLS/2016.4/lib/lnx64.o/libtcl8.5.so(Tcl_FSEvalFileEx+0x1d2) [0x7f5826950d02]
/data/tools/Vivado_HLS/2016.4/lib/lnx64.o/librdi_commontasks.so(+0x2edfb2) [0x7f581e83bfb2]
/data/tools/Vivado_HLS/2016.4/lib/lnx64.o/librdi_common.so(+0x5f8f37) [0x7f582b337f37]
/data/tools/Vivado_HLS/2016.4/lib/lnx64.o/libtcl8.5.so(+0x331f5) [0x7f58268ea1f5]
/data/tools/Vivado_HLS/2016.4/lib/lnx64.o/libtcl8.5.so(Tcl_EvalObjv+0x32) [0x7f58268ea7e2]
/data/tools/Vivado_HLS/2016.4/lib/lnx64.o/libtcl8.5.so(TclEvalObjEx+0x322) [0x7f58268ec5d2]
/data/tools/Vivado_HLS/2016.4/lib/lnx64.o/librdi_commontasks.so(+0x30bef9) [0x7f581e859ef9]
/data/tools/Vivado_HLS/2016.4/lib/lnx64.o/librdi_commontasks.so(+0x304d43) [0x7f581e852d43]
/data/tools/Vivado_HLS/2016.4/lib/lnx64.o/librdi_common.so(+0x5f8f37) [0x7f582b337f37]
/data/tools/Vivado_HLS/2016.4/lib/lnx64.o/libtcl8.5.so(+0x331f5) [0x7f58268ea1f5]
/data/tools/Vivado_HLS/2016.4/lib/lnx64.o/libtcl8.5.so(Tcl_EvalObjv+0x32) [0x7f58268ea7e2]
/data/tools/Vivado_HLS/2016.4/lib/lnx64.o/libtcl8.5.so(TclEvalObjEx+0x322) [0x7f58268ec5d2]
/data/tools/Vivado_HLS/2016.4/lib/lnx64.o/librdi_commonmain.so(+0x6430) [0x7f582ab3a430]
/data/tools/Vivado_HLS/2016.4/lib/lnx64.o/libtcl8.5.so(Tcl_Main+0x1d5) [0x7f5826957175]
/data/tools/Vivado_HLS/2016.4/lib/lnx64.o/librdi_common.so(+0x631d09) [0x7f582b370d09]
/lib64/libpthread.so.0() [0x3656007aa1]
/lib64/libc.so.6(clone+0x6d) [0x3655ce8bcd]
