==============================================================
File generated by Vivado(TM) HLS - High-Level Synthesis from C, C++ and SystemC
Version: 2016.4
Copyright (C) 1986-2017 Xilinx, Inc. All Rights Reserved.

==============================================================

@I [SYN-201] Setting up clock 'default' with a period of 4.16ns.
@I [HLS-10] Setting target device to 'xc7vx690tffg1927-2'
@I [HLS-10] Analyzing design file 'MET_TRIAL/MET.cc' ... 
@I [HLS-10] Validating synthesis directives ...
@I [HLS-111] Finished Checking Pragmas Time (s): cpu = 00:00:29 ; elapsed = 00:00:09 . Memory (MB): peak = 414.836 ; gain = 12.797 ; free physical = 33389 ; free virtual = 82269
@I [HLS-111] Finished Linking Time (s): cpu = 00:00:29 ; elapsed = 00:00:10 . Memory (MB): peak = 414.836 ; gain = 12.797 ; free physical = 33377 ; free virtual = 82269
@I [HLS-10] Starting code transformations ...
@I [HLS-111] Finished Standard Transforms Time (s): cpu = 00:00:30 ; elapsed = 00:00:10 . Memory (MB): peak = 415.387 ; gain = 13.348 ; free physical = 33360 ; free virtual = 82256
@I [HLS-10] Checking synthesizability ...
@I [HLS-111] Finished Checking Synthesizability Time (s): cpu = 00:00:30 ; elapsed = 00:00:10 . Memory (MB): peak = 415.387 ; gain = 13.348 ; free physical = 33350 ; free virtual = 82248
@I [XFORM-502] Unrolling all loops for pipelining in function 'MET_O' (MET_TRIAL/MET.cc:10).
@I [XFORM-501] Unrolling loop 'iRgn' (MET_TRIAL/MET.cc:23) in function 'MET_O' completely.
@I [XFORM-501] Unrolling loop 'memset_rgn_sum' in function 'MET_O' completely.
@I [XFORM-501] Unrolling loop 'Loop-1.2' (MET_TRIAL/MET.cc:28) in function 'MET_O' completely.
@I [XFORM-501] Unrolling loop 'Loop-1.3' (MET_TRIAL/MET.cc:38) in function 'MET_O' completely.
@I [XFORM-102] Partitioning array 'rgnMET_out.V' (MET_TRIAL/MET.cc:19) automatically.
@I [XFORM-101] Partitioning array 'MET.V' (MET_TRIAL/MET.cc:10) in dimension 1 completely.
@I [XFORM-101] Partitioning array 'rgn_in' (MET_TRIAL/MET.cc:10) in dimension 1 completely.
@I [XFORM-101] Partitioning array 'rgn_sum' (MET_TRIAL/MET.cc:26) in dimension 1 completely.
@I [XFORM-11] Balancing expressions in function 'MET_O' (MET_TRIAL/MET.cc:10)...14 expression(s) balanced.
@I [HLS-111] Finished Pre-synthesis Time (s): cpu = 00:00:32 ; elapsed = 00:00:12 . Memory (MB): peak = 543.320 ; gain = 141.281 ; free physical = 33312 ; free virtual = 82216
@I [HLS-111] Finished Architecture Synthesis Time (s): cpu = 00:00:49 ; elapsed = 00:00:29 . Memory (MB): peak = 543.320 ; gain = 141.281 ; free physical = 33313 ; free virtual = 82218
@I [HLS-10] Starting hardware synthesis ...
@I [HLS-10] Synthesizing 'MET_O' ...
@I [HLS-10] ----------------------------------------------------------------
@I [HLS-10] -- Implementing module 'MET_O' 
@I [HLS-10] ----------------------------------------------------------------
@I [SCHED-11] Starting scheduling ...
@I [SCHED-61] Pipelining function 'MET_O'.
@I [SCHED-61] Pipelining result: Target II: 6, Final II: 6, Depth: 16.
@I [SCHED-11] Finished scheduling.
@I [HLS-111]  Elapsed time: 30.67 seconds; current allocated memory: 0.217 MB.
@I [BIND-100] Starting micro-architecture generation ...
@I [BIND-101] Performing variable lifetime analysis.
@I [BIND-101] Exploring resource sharing.
@I [BIND-101] Binding ...
@I [BIND-100] Finished micro-architecture generation.
@I [HLS-111]  Elapsed time: 1.59 seconds; current allocated memory: 0.217 MB.
@I [HLS-10] ----------------------------------------------------------------
@I [HLS-10] -- Generating RTL for module 'MET_O' 
@I [HLS-10] ----------------------------------------------------------------
@I [RTGEN-500] Setting interface mode on port 'MET_O/rgn_in_0' to 'ap_none'.
@I [RTGEN-500] Setting interface mode on port 'MET_O/rgn_in_1' to 'ap_none'.
@I [RTGEN-500] Setting interface mode on port 'MET_O/rgn_in_2' to 'ap_none'.
@I [RTGEN-500] Setting interface mode on port 'MET_O/rgn_in_3' to 'ap_none'.
@I [RTGEN-500] Setting interface mode on port 'MET_O/rgn_in_4' to 'ap_none'.
@I [RTGEN-500] Setting interface mode on port 'MET_O/rgn_in_5' to 'ap_none'.
@I [RTGEN-500] Setting interface mode on port 'MET_O/rgn_in_6' to 'ap_none'.
@I [RTGEN-500] Setting interface mode on port 'MET_O/rgn_in_7' to 'ap_none'.
@I [RTGEN-500] Setting interface mode on port 'MET_O/rgn_in_8' to 'ap_none'.
@I [RTGEN-500] Setting interface mode on port 'MET_O/rgn_in_9' to 'ap_none'.
@I [RTGEN-500] Setting interface mode on port 'MET_O/rgn_in_10' to 'ap_none'.
@I [RTGEN-500] Setting interface mode on port 'MET_O/rgn_in_11' to 'ap_none'.
@I [RTGEN-500] Setting interface mode on port 'MET_O/rgn_in_12' to 'ap_none'.
@I [RTGEN-500] Setting interface mode on port 'MET_O/rgn_in_13' to 'ap_none'.
@I [RTGEN-500] Setting interface mode on port 'MET_O/rgn_in_14' to 'ap_none'.
@I [RTGEN-500] Setting interface mode on port 'MET_O/rgn_in_15' to 'ap_none'.
@I [RTGEN-500] Setting interface mode on port 'MET_O/rgn_in_16' to 'ap_none'.
@I [RTGEN-500] Setting interface mode on port 'MET_O/rgn_in_17' to 'ap_none'.
@I [RTGEN-500] Setting interface mode on port 'MET_O/rgn_in_18' to 'ap_none'.
@I [RTGEN-500] Setting interface mode on port 'MET_O/rgn_in_19' to 'ap_none'.
@I [RTGEN-500] Setting interface mode on port 'MET_O/rgn_in_20' to 'ap_none'.
@I [RTGEN-500] Setting interface mode on port 'MET_O/rgn_in_21' to 'ap_none'.
@I [RTGEN-500] Setting interface mode on port 'MET_O/rgn_in_22' to 'ap_none'.
@I [RTGEN-500] Setting interface mode on port 'MET_O/rgn_in_23' to 'ap_none'.
@I [RTGEN-500] Setting interface mode on port 'MET_O/rgn_in_24' to 'ap_none'.
@I [RTGEN-500] Setting interface mode on port 'MET_O/rgn_in_25' to 'ap_none'.
@I [RTGEN-500] Setting interface mode on port 'MET_O/rgn_in_26' to 'ap_none'.
@I [RTGEN-500] Setting interface mode on port 'MET_O/rgn_in_27' to 'ap_none'.
@I [RTGEN-500] Setting interface mode on port 'MET_O/rgn_in_28' to 'ap_none'.
@I [RTGEN-500] Setting interface mode on port 'MET_O/rgn_in_29' to 'ap_none'.
@I [RTGEN-500] Setting interface mode on port 'MET_O/rgn_in_30' to 'ap_none'.
@I [RTGEN-500] Setting interface mode on port 'MET_O/rgn_in_31' to 'ap_none'.
@I [RTGEN-500] Setting interface mode on port 'MET_O/rgn_in_32' to 'ap_none'.
@I [RTGEN-500] Setting interface mode on port 'MET_O/rgn_in_33' to 'ap_none'.
@I [RTGEN-500] Setting interface mode on port 'MET_O/rgn_in_34' to 'ap_none'.
@I [RTGEN-500] Setting interface mode on port 'MET_O/rgn_in_35' to 'ap_none'.
@I [RTGEN-500] Setting interface mode on port 'MET_O/rgn_in_36' to 'ap_none'.
@I [RTGEN-500] Setting interface mode on port 'MET_O/rgn_in_37' to 'ap_none'.
@I [RTGEN-500] Setting interface mode on port 'MET_O/rgn_in_38' to 'ap_none'.
@I [RTGEN-500] Setting interface mode on port 'MET_O/rgn_in_39' to 'ap_none'.
@I [RTGEN-500] Setting interface mode on port 'MET_O/rgn_in_40' to 'ap_none'.
@I [RTGEN-500] Setting interface mode on port 'MET_O/rgn_in_41' to 'ap_none'.
@I [RTGEN-500] Setting interface mode on port 'MET_O/rgn_in_42' to 'ap_none'.
@I [RTGEN-500] Setting interface mode on port 'MET_O/rgn_in_43' to 'ap_none'.
@I [RTGEN-500] Setting interface mode on port 'MET_O/rgn_in_44' to 'ap_none'.
@I [RTGEN-500] Setting interface mode on port 'MET_O/rgn_in_45' to 'ap_none'.
@I [RTGEN-500] Setting interface mode on port 'MET_O/rgn_in_46' to 'ap_none'.
@I [RTGEN-500] Setting interface mode on port 'MET_O/rgn_in_47' to 'ap_none'.
@I [RTGEN-500] Setting interface mode on port 'MET_O/rgn_in_48' to 'ap_none'.
@I [RTGEN-500] Setting interface mode on port 'MET_O/rgn_in_49' to 'ap_none'.
@I [RTGEN-500] Setting interface mode on port 'MET_O/rgn_in_50' to 'ap_none'.
@I [RTGEN-500] Setting interface mode on port 'MET_O/rgn_in_51' to 'ap_none'.
@I [RTGEN-500] Setting interface mode on port 'MET_O/rgn_in_52' to 'ap_none'.
@I [RTGEN-500] Setting interface mode on port 'MET_O/rgn_in_53' to 'ap_none'.
@I [RTGEN-500] Setting interface mode on port 'MET_O/rgn_in_54' to 'ap_none'.
@I [RTGEN-500] Setting interface mode on port 'MET_O/rgn_in_55' to 'ap_none'.
@I [RTGEN-500] Setting interface mode on port 'MET_O/rgn_in_56' to 'ap_none'.
@I [RTGEN-500] Setting interface mode on port 'MET_O/rgn_in_57' to 'ap_none'.
@I [RTGEN-500] Setting interface mode on port 'MET_O/rgn_in_58' to 'ap_none'.
@I [RTGEN-500] Setting interface mode on port 'MET_O/rgn_in_59' to 'ap_none'.
@I [RTGEN-500] Setting interface mode on port 'MET_O/rgn_in_60' to 'ap_none'.
@I [RTGEN-500] Setting interface mode on port 'MET_O/rgn_in_61' to 'ap_none'.
@I [RTGEN-500] Setting interface mode on port 'MET_O/rgn_in_62' to 'ap_none'.
@I [RTGEN-500] Setting interface mode on port 'MET_O/rgn_in_63' to 'ap_none'.
@I [RTGEN-500] Setting interface mode on port 'MET_O/rgn_in_64' to 'ap_none'.
@I [RTGEN-500] Setting interface mode on port 'MET_O/rgn_in_65' to 'ap_none'.
@I [RTGEN-500] Setting interface mode on port 'MET_O/rgn_in_66' to 'ap_none'.
@I [RTGEN-500] Setting interface mode on port 'MET_O/rgn_in_67' to 'ap_none'.
@I [RTGEN-500] Setting interface mode on port 'MET_O/rgn_in_68' to 'ap_none'.
@I [RTGEN-500] Setting interface mode on port 'MET_O/rgn_in_69' to 'ap_none'.
@I [RTGEN-500] Setting interface mode on port 'MET_O/rgn_in_70' to 'ap_none'.
@I [RTGEN-500] Setting interface mode on port 'MET_O/rgn_in_71' to 'ap_none'.
@I [RTGEN-500] Setting interface mode on port 'MET_O/rgn_in_72' to 'ap_none'.
@I [RTGEN-500] Setting interface mode on port 'MET_O/rgn_in_73' to 'ap_none'.
@I [RTGEN-500] Setting interface mode on port 'MET_O/rgn_in_74' to 'ap_none'.
@I [RTGEN-500] Setting interface mode on port 'MET_O/rgn_in_75' to 'ap_none'.
@I [RTGEN-500] Setting interface mode on port 'MET_O/rgn_in_76' to 'ap_none'.
@I [RTGEN-500] Setting interface mode on port 'MET_O/rgn_in_77' to 'ap_none'.
@I [RTGEN-500] Setting interface mode on port 'MET_O/rgn_in_78' to 'ap_none'.
@I [RTGEN-500] Setting interface mode on port 'MET_O/rgn_in_79' to 'ap_none'.
@I [RTGEN-500] Setting interface mode on port 'MET_O/rgn_in_80' to 'ap_none'.
@I [RTGEN-500] Setting interface mode on port 'MET_O/rgn_in_81' to 'ap_none'.
@I [RTGEN-500] Setting interface mode on port 'MET_O/rgn_in_82' to 'ap_none'.
@I [RTGEN-500] Setting interface mode on port 'MET_O/rgn_in_83' to 'ap_none'.
@I [RTGEN-500] Setting interface mode on port 'MET_O/rgn_in_84' to 'ap_none'.
@I [RTGEN-500] Setting interface mode on port 'MET_O/rgn_in_85' to 'ap_none'.
@I [RTGEN-500] Setting interface mode on port 'MET_O/rgn_in_86' to 'ap_none'.
@I [RTGEN-500] Setting interface mode on port 'MET_O/rgn_in_87' to 'ap_none'.
@I [RTGEN-500] Setting interface mode on port 'MET_O/rgn_in_88' to 'ap_none'.
@I [RTGEN-500] Setting interface mode on port 'MET_O/rgn_in_89' to 'ap_none'.
@I [RTGEN-500] Setting interface mode on port 'MET_O/rgn_in_90' to 'ap_none'.
@I [RTGEN-500] Setting interface mode on port 'MET_O/rgn_in_91' to 'ap_none'.
@I [RTGEN-500] Setting interface mode on port 'MET_O/rgn_in_92' to 'ap_none'.
@I [RTGEN-500] Setting interface mode on port 'MET_O/rgn_in_93' to 'ap_none'.
@I [RTGEN-500] Setting interface mode on port 'MET_O/rgn_in_94' to 'ap_none'.
@I [RTGEN-500] Setting interface mode on port 'MET_O/rgn_in_95' to 'ap_none'.
@I [RTGEN-500] Setting interface mode on port 'MET_O/rgn_in_96' to 'ap_none'.
@I [RTGEN-500] Setting interface mode on port 'MET_O/rgn_in_97' to 'ap_none'.
@I [RTGEN-500] Setting interface mode on port 'MET_O/rgn_in_98' to 'ap_none'.
@I [RTGEN-500] Setting interface mode on port 'MET_O/rgn_in_99' to 'ap_none'.
@I [RTGEN-500] Setting interface mode on port 'MET_O/rgn_in_100' to 'ap_none'.
@I [RTGEN-500] Setting interface mode on port 'MET_O/rgn_in_101' to 'ap_none'.
@I [RTGEN-500] Setting interface mode on port 'MET_O/rgn_in_102' to 'ap_none'.
@I [RTGEN-500] Setting interface mode on port 'MET_O/rgn_in_103' to 'ap_none'.
@I [RTGEN-500] Setting interface mode on port 'MET_O/rgn_in_104' to 'ap_none'.
@I [RTGEN-500] Setting interface mode on port 'MET_O/rgn_in_105' to 'ap_none'.
@I [RTGEN-500] Setting interface mode on port 'MET_O/rgn_in_106' to 'ap_none'.
@I [RTGEN-500] Setting interface mode on port 'MET_O/rgn_in_107' to 'ap_none'.
@I [RTGEN-500] Setting interface mode on port 'MET_O/rgn_in_108' to 'ap_none'.
@I [RTGEN-500] Setting interface mode on port 'MET_O/rgn_in_109' to 'ap_none'.
@I [RTGEN-500] Setting interface mode on port 'MET_O/rgn_in_110' to 'ap_none'.
@I [RTGEN-500] Setting interface mode on port 'MET_O/rgn_in_111' to 'ap_none'.
@I [RTGEN-500] Setting interface mode on port 'MET_O/rgn_in_112' to 'ap_none'.
@I [RTGEN-500] Setting interface mode on port 'MET_O/rgn_in_113' to 'ap_none'.
@I [RTGEN-500] Setting interface mode on port 'MET_O/rgn_in_114' to 'ap_none'.
@I [RTGEN-500] Setting interface mode on port 'MET_O/rgn_in_115' to 'ap_none'.
@I [RTGEN-500] Setting interface mode on port 'MET_O/rgn_in_116' to 'ap_none'.
@I [RTGEN-500] Setting interface mode on port 'MET_O/rgn_in_117' to 'ap_none'.
@I [RTGEN-500] Setting interface mode on port 'MET_O/rgn_in_118' to 'ap_none'.
@I [RTGEN-500] Setting interface mode on port 'MET_O/rgn_in_119' to 'ap_none'.
@I [RTGEN-500] Setting interface mode on port 'MET_O/rgn_in_120' to 'ap_none'.
@I [RTGEN-500] Setting interface mode on port 'MET_O/rgn_in_121' to 'ap_none'.
@I [RTGEN-500] Setting interface mode on port 'MET_O/rgn_in_122' to 'ap_none'.
@I [RTGEN-500] Setting interface mode on port 'MET_O/rgn_in_123' to 'ap_none'.
@I [RTGEN-500] Setting interface mode on port 'MET_O/rgn_in_124' to 'ap_none'.
@I [RTGEN-500] Setting interface mode on port 'MET_O/rgn_in_125' to 'ap_none'.
@I [RTGEN-500] Setting interface mode on port 'MET_O/rgn_in_126' to 'ap_none'.
@I [RTGEN-500] Setting interface mode on port 'MET_O/rgn_in_127' to 'ap_none'.
@I [RTGEN-500] Setting interface mode on port 'MET_O/rgn_in_128' to 'ap_none'.
@I [RTGEN-500] Setting interface mode on port 'MET_O/rgn_in_129' to 'ap_none'.
@I [RTGEN-500] Setting interface mode on port 'MET_O/rgn_in_130' to 'ap_none'.
@I [RTGEN-500] Setting interface mode on port 'MET_O/rgn_in_131' to 'ap_none'.
@I [RTGEN-500] Setting interface mode on port 'MET_O/rgn_in_132' to 'ap_none'.
@I [RTGEN-500] Setting interface mode on port 'MET_O/rgn_in_133' to 'ap_none'.
@I [RTGEN-500] Setting interface mode on port 'MET_O/rgn_in_134' to 'ap_none'.
@I [RTGEN-500] Setting interface mode on port 'MET_O/rgn_in_135' to 'ap_none'.
@I [RTGEN-500] Setting interface mode on port 'MET_O/rgn_in_136' to 'ap_none'.
@I [RTGEN-500] Setting interface mode on port 'MET_O/rgn_in_137' to 'ap_none'.
@I [RTGEN-500] Setting interface mode on port 'MET_O/rgn_in_138' to 'ap_none'.
@I [RTGEN-500] Setting interface mode on port 'MET_O/rgn_in_139' to 'ap_none'.
@I [RTGEN-500] Setting interface mode on port 'MET_O/rgn_in_140' to 'ap_none'.
@I [RTGEN-500] Setting interface mode on port 'MET_O/rgn_in_141' to 'ap_none'.
@I [RTGEN-500] Setting interface mode on port 'MET_O/rgn_in_142' to 'ap_none'.
@I [RTGEN-500] Setting interface mode on port 'MET_O/rgn_in_143' to 'ap_none'.
@I [RTGEN-500] Setting interface mode on port 'MET_O/rgn_in_144' to 'ap_none'.
@I [RTGEN-500] Setting interface mode on port 'MET_O/rgn_in_145' to 'ap_none'.
@I [RTGEN-500] Setting interface mode on port 'MET_O/rgn_in_146' to 'ap_none'.
@I [RTGEN-500] Setting interface mode on port 'MET_O/rgn_in_147' to 'ap_none'.
@I [RTGEN-500] Setting interface mode on port 'MET_O/rgn_in_148' to 'ap_none'.
@I [RTGEN-500] Setting interface mode on port 'MET_O/rgn_in_149' to 'ap_none'.
@I [RTGEN-500] Setting interface mode on port 'MET_O/rgn_in_150' to 'ap_none'.
@I [RTGEN-500] Setting interface mode on port 'MET_O/rgn_in_151' to 'ap_none'.
@I [RTGEN-500] Setting interface mode on port 'MET_O/rgn_in_152' to 'ap_none'.
@I [RTGEN-500] Setting interface mode on port 'MET_O/rgn_in_153' to 'ap_none'.
@I [RTGEN-500] Setting interface mode on port 'MET_O/rgn_in_154' to 'ap_none'.
@I [RTGEN-500] Setting interface mode on port 'MET_O/rgn_in_155' to 'ap_none'.
@I [RTGEN-500] Setting interface mode on port 'MET_O/rgn_in_156' to 'ap_none'.
@I [RTGEN-500] Setting interface mode on port 'MET_O/rgn_in_157' to 'ap_none'.
@I [RTGEN-500] Setting interface mode on port 'MET_O/rgn_in_158' to 'ap_none'.
@I [RTGEN-500] Setting interface mode on port 'MET_O/rgn_in_159' to 'ap_none'.
@I [RTGEN-500] Setting interface mode on port 'MET_O/rgn_in_160' to 'ap_none'.
@I [RTGEN-500] Setting interface mode on port 'MET_O/rgn_in_161' to 'ap_none'.
@I [RTGEN-500] Setting interface mode on port 'MET_O/rgn_in_162' to 'ap_none'.
@I [RTGEN-500] Setting interface mode on port 'MET_O/rgn_in_163' to 'ap_none'.
@I [RTGEN-500] Setting interface mode on port 'MET_O/rgn_in_164' to 'ap_none'.
@I [RTGEN-500] Setting interface mode on port 'MET_O/rgn_in_165' to 'ap_none'.
@I [RTGEN-500] Setting interface mode on port 'MET_O/rgn_in_166' to 'ap_none'.
@I [RTGEN-500] Setting interface mode on port 'MET_O/rgn_in_167' to 'ap_none'.
@I [RTGEN-500] Setting interface mode on port 'MET_O/rgn_in_168' to 'ap_none'.
@I [RTGEN-500] Setting interface mode on port 'MET_O/rgn_in_169' to 'ap_none'.
@I [RTGEN-500] Setting interface mode on port 'MET_O/rgn_in_170' to 'ap_none'.
@I [RTGEN-500] Setting interface mode on port 'MET_O/rgn_in_171' to 'ap_none'.
@I [RTGEN-500] Setting interface mode on port 'MET_O/rgn_in_172' to 'ap_none'.
@I [RTGEN-500] Setting interface mode on port 'MET_O/rgn_in_173' to 'ap_none'.
@I [RTGEN-500] Setting interface mode on port 'MET_O/rgn_in_174' to 'ap_none'.
@I [RTGEN-500] Setting interface mode on port 'MET_O/rgn_in_175' to 'ap_none'.
@I [RTGEN-500] Setting interface mode on port 'MET_O/rgn_in_176' to 'ap_none'.
@I [RTGEN-500] Setting interface mode on port 'MET_O/rgn_in_177' to 'ap_none'.
@I [RTGEN-500] Setting interface mode on port 'MET_O/rgn_in_178' to 'ap_none'.
@I [RTGEN-500] Setting interface mode on port 'MET_O/rgn_in_179' to 'ap_none'.
@I [RTGEN-500] Setting interface mode on port 'MET_O/rgn_in_180' to 'ap_none'.
@I [RTGEN-500] Setting interface mode on port 'MET_O/rgn_in_181' to 'ap_none'.
@I [RTGEN-500] Setting interface mode on port 'MET_O/rgn_in_182' to 'ap_none'.
@I [RTGEN-500] Setting interface mode on port 'MET_O/rgn_in_183' to 'ap_none'.
@I [RTGEN-500] Setting interface mode on port 'MET_O/rgn_in_184' to 'ap_none'.
@I [RTGEN-500] Setting interface mode on port 'MET_O/rgn_in_185' to 'ap_none'.
@I [RTGEN-500] Setting interface mode on port 'MET_O/rgn_in_186' to 'ap_none'.
@I [RTGEN-500] Setting interface mode on port 'MET_O/rgn_in_187' to 'ap_none'.
@I [RTGEN-500] Setting interface mode on port 'MET_O/rgn_in_188' to 'ap_none'.
@I [RTGEN-500] Setting interface mode on port 'MET_O/rgn_in_189' to 'ap_none'.
@I [RTGEN-500] Setting interface mode on port 'MET_O/rgn_in_190' to 'ap_none'.
@I [RTGEN-500] Setting interface mode on port 'MET_O/rgn_in_191' to 'ap_none'.
@I [RTGEN-500] Setting interface mode on port 'MET_O/rgn_in_192' to 'ap_none'.
@I [RTGEN-500] Setting interface mode on port 'MET_O/rgn_in_193' to 'ap_none'.
@I [RTGEN-500] Setting interface mode on port 'MET_O/rgn_in_194' to 'ap_none'.
@I [RTGEN-500] Setting interface mode on port 'MET_O/rgn_in_195' to 'ap_none'.
@I [RTGEN-500] Setting interface mode on port 'MET_O/rgn_in_196' to 'ap_none'.
@I [RTGEN-500] Setting interface mode on port 'MET_O/rgn_in_197' to 'ap_none'.
@I [RTGEN-500] Setting interface mode on port 'MET_O/rgn_in_198' to 'ap_none'.
@I [RTGEN-500] Setting interface mode on port 'MET_O/rgn_in_199' to 'ap_none'.
@I [RTGEN-500] Setting interface mode on port 'MET_O/rgn_in_200' to 'ap_none'.
@I [RTGEN-500] Setting interface mode on port 'MET_O/rgn_in_201' to 'ap_none'.
@I [RTGEN-500] Setting interface mode on port 'MET_O/rgn_in_202' to 'ap_none'.
@I [RTGEN-500] Setting interface mode on port 'MET_O/rgn_in_203' to 'ap_none'.
@I [RTGEN-500] Setting interface mode on port 'MET_O/rgn_in_204' to 'ap_none'.
@I [RTGEN-500] Setting interface mode on port 'MET_O/rgn_in_205' to 'ap_none'.
@I [RTGEN-500] Setting interface mode on port 'MET_O/rgn_in_206' to 'ap_none'.
@I [RTGEN-500] Setting interface mode on port 'MET_O/rgn_in_207' to 'ap_none'.
@I [RTGEN-500] Setting interface mode on port 'MET_O/rgn_in_208' to 'ap_none'.
@I [RTGEN-500] Setting interface mode on port 'MET_O/rgn_in_209' to 'ap_none'.
@I [RTGEN-500] Setting interface mode on port 'MET_O/rgn_in_210' to 'ap_none'.
@I [RTGEN-500] Setting interface mode on port 'MET_O/rgn_in_211' to 'ap_none'.
@I [RTGEN-500] Setting interface mode on port 'MET_O/rgn_in_212' to 'ap_none'.
@I [RTGEN-500] Setting interface mode on port 'MET_O/rgn_in_213' to 'ap_none'.
@I [RTGEN-500] Setting interface mode on port 'MET_O/rgn_in_214' to 'ap_none'.
@I [RTGEN-500] Setting interface mode on port 'MET_O/rgn_in_215' to 'ap_none'.
@I [RTGEN-500] Setting interface mode on port 'MET_O/rgn_in_216' to 'ap_none'.
@I [RTGEN-500] Setting interface mode on port 'MET_O/rgn_in_217' to 'ap_none'.
@I [RTGEN-500] Setting interface mode on port 'MET_O/rgn_in_218' to 'ap_none'.
@I [RTGEN-500] Setting interface mode on port 'MET_O/rgn_in_219' to 'ap_none'.
@I [RTGEN-500] Setting interface mode on port 'MET_O/rgn_in_220' to 'ap_none'.
@I [RTGEN-500] Setting interface mode on port 'MET_O/rgn_in_221' to 'ap_none'.
@I [RTGEN-500] Setting interface mode on port 'MET_O/rgn_in_222' to 'ap_none'.
@I [RTGEN-500] Setting interface mode on port 'MET_O/rgn_in_223' to 'ap_none'.
@I [RTGEN-500] Setting interface mode on port 'MET_O/rgn_in_224' to 'ap_none'.
@I [RTGEN-500] Setting interface mode on port 'MET_O/rgn_in_225' to 'ap_none'.
@I [RTGEN-500] Setting interface mode on port 'MET_O/rgn_in_226' to 'ap_none'.
@I [RTGEN-500] Setting interface mode on port 'MET_O/rgn_in_227' to 'ap_none'.
@I [RTGEN-500] Setting interface mode on port 'MET_O/rgn_in_228' to 'ap_none'.
@I [RTGEN-500] Setting interface mode on port 'MET_O/rgn_in_229' to 'ap_none'.
@I [RTGEN-500] Setting interface mode on port 'MET_O/rgn_in_230' to 'ap_none'.
@I [RTGEN-500] Setting interface mode on port 'MET_O/rgn_in_231' to 'ap_none'.
@I [RTGEN-500] Setting interface mode on port 'MET_O/rgn_in_232' to 'ap_none'.
@I [RTGEN-500] Setting interface mode on port 'MET_O/rgn_in_233' to 'ap_none'.
@I [RTGEN-500] Setting interface mode on port 'MET_O/rgn_in_234' to 'ap_none'.
@I [RTGEN-500] Setting interface mode on port 'MET_O/rgn_in_235' to 'ap_none'.
@I [RTGEN-500] Setting interface mode on port 'MET_O/rgn_in_236' to 'ap_none'.
@I [RTGEN-500] Setting interface mode on port 'MET_O/rgn_in_237' to 'ap_none'.
@I [RTGEN-500] Setting interface mode on port 'MET_O/rgn_in_238' to 'ap_none'.
@I [RTGEN-500] Setting interface mode on port 'MET_O/rgn_in_239' to 'ap_none'.
@I [RTGEN-500] Setting interface mode on port 'MET_O/rgn_in_240' to 'ap_none'.
@I [RTGEN-500] Setting interface mode on port 'MET_O/rgn_in_241' to 'ap_none'.
@I [RTGEN-500] Setting interface mode on port 'MET_O/rgn_in_242' to 'ap_none'.
@I [RTGEN-500] Setting interface mode on port 'MET_O/rgn_in_243' to 'ap_none'.
@I [RTGEN-500] Setting interface mode on port 'MET_O/rgn_in_244' to 'ap_none'.
@I [RTGEN-500] Setting interface mode on port 'MET_O/rgn_in_245' to 'ap_none'.
@I [RTGEN-500] Setting interface mode on port 'MET_O/rgn_in_246' to 'ap_none'.
@I [RTGEN-500] Setting interface mode on port 'MET_O/rgn_in_247' to 'ap_none'.
@I [RTGEN-500] Setting interface mode on port 'MET_O/rgn_in_248' to 'ap_none'.
@I [RTGEN-500] Setting interface mode on port 'MET_O/rgn_in_249' to 'ap_none'.
@I [RTGEN-500] Setting interface mode on port 'MET_O/rgn_in_250' to 'ap_none'.
@I [RTGEN-500] Setting interface mode on port 'MET_O/rgn_in_251' to 'ap_none'.
@I [RTGEN-500] Setting interface mode on port 'MET_O/MET_0_V' to 'ap_vld'.
@I [RTGEN-500] Setting interface mode on port 'MET_O/MET_1_V' to 'ap_vld'.
@I [RTGEN-500] Setting interface mode on port 'MET_O/MET_2_V' to 'ap_none'.
@I [RTGEN-500] Setting interface mode on function 'MET_O' to 'ap_ctrl_hs'.
@W [RTGEN-101] Port 'MET_O/rgn_in_112' has no fanin or fanout and is left dangling.
               Please use C simulation to confirm this function argument can be read from or written to.
@W [RTGEN-101] Port 'MET_O/rgn_in_113' has no fanin or fanout and is left dangling.
               Please use C simulation to confirm this function argument can be read from or written to.
@W [RTGEN-101] Port 'MET_O/rgn_in_114' has no fanin or fanout and is left dangling.
               Please use C simulation to confirm this function argument can be read from or written to.
@W [RTGEN-101] Port 'MET_O/rgn_in_115' has no fanin or fanout and is left dangling.
               Please use C simulation to confirm this function argument can be read from or written to.
@W [RTGEN-101] Port 'MET_O/rgn_in_116' has no fanin or fanout and is left dangling.
               Please use C simulation to confirm this function argument can be read from or written to.
@W [RTGEN-101] Port 'MET_O/rgn_in_117' has no fanin or fanout and is left dangling.
               Please use C simulation to confirm this function argument can be read from or written to.
@W [RTGEN-101] Port 'MET_O/rgn_in_118' has no fanin or fanout and is left dangling.
               Please use C simulation to confirm this function argument can be read from or written to.
@W [RTGEN-101] Port 'MET_O/rgn_in_119' has no fanin or fanout and is left dangling.
               Please use C simulation to confirm this function argument can be read from or written to.
@W [RTGEN-101] Port 'MET_O/rgn_in_120' has no fanin or fanout and is left dangling.
               Please use C simulation to confirm this function argument can be read from or written to.
@W [RTGEN-101] Port 'MET_O/rgn_in_121' has no fanin or fanout and is left dangling.
               Please use C simulation to confirm this function argument can be read from or written to.
@W [RTGEN-101] Port 'MET_O/rgn_in_122' has no fanin or fanout and is left dangling.
               Please use C simulation to confirm this function argument can be read from or written to.
@W [RTGEN-101] Port 'MET_O/rgn_in_123' has no fanin or fanout and is left dangling.
               Please use C simulation to confirm this function argument can be read from or written to.
@W [RTGEN-101] Port 'MET_O/rgn_in_124' has no fanin or fanout and is left dangling.
               Please use C simulation to confirm this function argument can be read from or written to.
@W [RTGEN-101] Port 'MET_O/rgn_in_125' has no fanin or fanout and is left dangling.
               Please use C simulation to confirm this function argument can be read from or written to.
@W [RTGEN-101] Port 'MET_O/MET_2_V' has no fanin or fanout and is left dangling.
               Please use C simulation to confirm this function argument can be read from or written to.
@I [RTGEN-100] Finished creating RTL model for 'MET_O'.
@I [HLS-111]  Elapsed time: 2.1 seconds; current allocated memory: 0.217 MB.
@I [HLS-111] Finished generating all RTL models Time (s): cpu = 00:00:57 ; elapsed = 00:00:39 . Memory (MB): peak = 606.832 ; gain = 204.793 ; free physical = 33241 ; free virtual = 82169
@I [SYSC-301] Generating SystemC RTL for MET_O.
@I [VHDL-304] Generating VHDL RTL for MET_O.
@I [VLOG-307] Generating Verilog RTL for MET_O.
@I [HLS-112] Total elapsed time: 39.31 seconds; peak allocated memory: 0.217 MB.
