==============================================================
File generated by Vivado(TM) HLS - High-Level Synthesis from C, C++ and SystemC
Version: 2016.4
Copyright (C) 1986-2017 Xilinx, Inc. All Rights Reserved.

==============================================================

@I [SYN-201] Setting up clock 'default' with a period of 4.16ns.
@I [HLS-10] Setting target device to 'xc7vx690tffg1927-2'
@I [SIM-2] *************** CSIM start ***************
@I [SIM-4] CSIM will launch GCC as the compiler.
@E [SIM-100] 'csim_design' failed: compilation error(s).
@I [SIM-3] *************** CSIM finish ***************
4
    while executing
"source /data/skamat/Github/VivadoHLS/cordic/solution1/csim.tcl"
    invoked from within
"hls::main /data/skamat/Github/VivadoHLS/cordic/solution1/csim.tcl"
    ("uplevel" body line 1)
    invoked from within
"uplevel 1 hls::main {*}$args"
    (procedure "hls_proc" line 5)
    invoked from within
"hls_proc $argv"
